#
# There is insufficient memory for the Java Runtime Environment to continue.
# Native memory allocation (malloc) failed to allocate 1296336 bytes. Error detail: Chunk::new
# Possible reasons:
#   The system is out of physical RAM or swap space
#   This process is running with CompressedOops enabled, and the Java Heap may be blocking the growth of the native heap
# Possible solutions:
#   Reduce memory load on the system
#   Increase physical memory or swap space
#   Check if swap backing store is full
#   Decrease Java heap size (-Xmx/-Xms)
#   Decrease number of Java threads
#   Decrease Java thread stack sizes (-Xss)
#   Set larger code cache with -XX:ReservedCodeCacheSize=
#   JVM is running with Unscaled Compressed Oops mode in which the Java heap is
#     placed in the first 4GB address space. The Java Heap base address is the
#     maximum limit for the native heap growth. Please use -XX:HeapBaseMinAddress
#     to set the Java Heap base and to place the Java Heap above 4GB virtual address.
# This output file may be truncated or incomplete.
#
#  Out of Memory Error (arena.cpp:168), pid=26320, tid=25668
#
# JRE version: OpenJDK Runtime Environment Temurin-21.0.9+10 (21.0.9+10) (build 21.0.9+10-LTS)
# Java VM: OpenJDK 64-Bit Server VM Temurin-21.0.9+10 (21.0.9+10-LTS, mixed mode, sharing, tiered, compressed oops, compressed class ptrs, parallel gc, windows-amd64)
# No core dump will be written. Minidumps are not enabled by default on client versions of Windows
#

---------------  S U M M A R Y ------------

Command Line: --add-modules=ALL-SYSTEM --add-opens=java.base/java.util=ALL-UNNAMED --add-opens=java.base/java.lang=ALL-UNNAMED --add-opens=java.base/sun.nio.fs=ALL-UNNAMED -Declipse.application=org.eclipse.jdt.ls.core.id1 -Dosgi.bundles.defaultStartLevel=4 -Declipse.product=org.eclipse.jdt.ls.core.product -Djava.import.generatesMetadataFilesAtProjectRoot=false -DDetectVMInstallationsJob.disabled=true -Dfile.encoding=utf8 -XX:+UseParallelGC -XX:GCTimeRatio=4 -XX:AdaptiveSizePolicyWeight=90 -Dsun.zip.disableMemoryMapping=true -Xmx2G -Xms100m -Xlog:disable -javaagent:c:\Users\Sellspark_User\.vscode\extensions\redhat.java-1.52.0-win32-x64\lombok\lombok-1.18.39-4050.jar -XX:+HeapDumpOnOutOfMemoryError -XX:HeapDumpPath=c:\Users\Sellspark_User\AppData\Roaming\Code\User\workspaceStorage\91656fe8d5632deead19094dba5d6109\redhat.java -Daether.dependencyCollector.impl=bf c:\Users\Sellspark_User\.vscode\extensions\redhat.java-1.52.0-win32-x64\server\plugins\org.eclipse.equinox.launcher_1.7.100.v20251111-0406.jar -configuration c:\Users\Sellspark_User\AppData\Roaming\Code\User\globalStorage\redhat.java\1.52.0\config_win -data c:\Users\Sellspark_User\AppData\Roaming\Code\User\workspaceStorage\91656fe8d5632deead19094dba5d6109\redhat.java\jdt_ws --pipe=\\.\pipe\lsp-9a368a9191863693e53f918a8765cd9e-sock

Host: 11th Gen Intel(R) Core(TM) i5-1135G7 @ 2.40GHz, 8 cores, 7G,  Windows 11 , 64 bit Build 26100 (10.0.26100.7623)
Time: Sat Feb  7 12:36:07 2026 India Standard Time elapsed time: 325386.194072 seconds (3d 18h 23m 6s)

---------------  T H R E A D  ---------------

Current thread (0x0000028ebb01a340):  JavaThread "C2 CompilerThread0" daemon [_thread_in_native, id=25668, stack(0x000000cfa7700000,0x000000cfa7800000) (1024K)]


Current CompileTask:
C2:325386194 40030 % !   4       org.eclipse.jdt.internal.core.JavaProjectElementInfo::newNameLookup @ 205 (405 bytes)

Stack: [0x000000cfa7700000,0x000000cfa7800000]
Native frames: (J=compiled Java code, j=interpreted, Vv=VM code, C=native code)
V  [jvm.dll+0x6d6e29]
V  [jvm.dll+0x8b4b76]
V  [jvm.dll+0x8b712e]
V  [jvm.dll+0x8b7813]
V  [jvm.dll+0x283d86]
V  [jvm.dll+0xc66ed]
V  [jvm.dll+0xc6c31]
V  [jvm.dll+0x3be501]
V  [jvm.dll+0x1e3d59]
V  [jvm.dll+0x24c0f3]
V  [jvm.dll+0x24b580]
V  [jvm.dll+0x1cb13e]
V  [jvm.dll+0x25b29d]
V  [jvm.dll+0x25982a]
V  [jvm.dll+0x3f7ea6]
V  [jvm.dll+0x85e9ad]
V  [jvm.dll+0x6d565d]
C  [ucrtbase.dll+0x37b0]
C  [KERNEL32.DLL+0x2e8d7]
C  [ntdll.dll+0x8c53c]


---------------  P R O C E S S  ---------------

Threads class SMR info:
_java_thread_list=0x0000028f26b4eb20, length=42, elements={
0x0000028eb8bf60f0, 0x0000028ebaffdbf0, 0x0000028ebafff880, 0x0000028ebb0092e0,
0x0000028ebb009d30, 0x0000028ebb00e840, 0x0000028ebb012e90, 0x0000028ebb01a340,
0x0000028ebb01bcd0, 0x0000028f144a4a90, 0x0000028f14653280, 0x0000028f14a2bf60,
0x0000028f14daebb0, 0x0000028f14bad230, 0x0000028f14bad890, 0x0000028f19345860,
0x0000028f149e7850, 0x0000028f191bf7c0, 0x0000028f193b8420, 0x0000028f1b2e7060,
0x0000028f1b2e69d0, 0x0000028f1b2e97c0, 0x0000028f1b2e76f0, 0x0000028f1b2e7d80,
0x0000028f1b2e9130, 0x0000028f1b7b0220, 0x0000028f1b7af500, 0x0000028f1b7afb90,
0x0000028f1b7aee70, 0x0000028f1b7b08b0, 0x0000028f1b7b15d0, 0x0000028f1b7b1c60,
0x0000028f1a108e20, 0x0000028f1a105310, 0x0000028f1a108100, 0x0000028f1a107a70,
0x0000028f1a104c80, 0x0000028f1a108790, 0x0000028f1a1073e0, 0x0000028f1d068c40,
0x0000028f1a1059a0, 0x0000028f1a109b40
}

Java Threads: ( => current thread )
  0x0000028eb8bf60f0 JavaThread "main"                              [_thread_blocked, id=11452, stack(0x000000cfa6d00000,0x000000cfa6e00000) (1024K)]
  0x0000028ebaffdbf0 JavaThread "Reference Handler"          daemon [_thread_blocked, id=19584, stack(0x000000cfa7100000,0x000000cfa7200000) (1024K)]
  0x0000028ebafff880 JavaThread "Finalizer"                  daemon [_thread_blocked, id=23464, stack(0x000000cfa7200000,0x000000cfa7300000) (1024K)]
  0x0000028ebb0092e0 JavaThread "Signal Dispatcher"          daemon [_thread_blocked, id=25720, stack(0x000000cfa7300000,0x000000cfa7400000) (1024K)]
  0x0000028ebb009d30 JavaThread "Attach Listener"            daemon [_thread_blocked, id=10116, stack(0x000000cfa7400000,0x000000cfa7500000) (1024K)]
  0x0000028ebb00e840 JavaThread "Service Thread"             daemon [_thread_blocked, id=11484, stack(0x000000cfa7500000,0x000000cfa7600000) (1024K)]
  0x0000028ebb012e90 JavaThread "Monitor Deflation Thread"   daemon [_thread_blocked, id=23628, stack(0x000000cfa7600000,0x000000cfa7700000) (1024K)]
=>0x0000028ebb01a340 JavaThread "C2 CompilerThread0"         daemon [_thread_in_native, id=25668, stack(0x000000cfa7700000,0x000000cfa7800000) (1024K)]
  0x0000028ebb01bcd0 JavaThread "C1 CompilerThread0"         daemon [_thread_in_native, id=10236, stack(0x000000cfa7800000,0x000000cfa7900000) (1024K)]
  0x0000028f144a4a90 JavaThread "Common-Cleaner"             daemon [_thread_blocked, id=25204, stack(0x000000cfa7900000,0x000000cfa7a00000) (1024K)]
  0x0000028f14653280 JavaThread "Notification Thread"        daemon [_thread_blocked, id=744, stack(0x000000cfa7a00000,0x000000cfa7b00000) (1024K)]
  0x0000028f14a2bf60 JavaThread "Active Thread: Equinox Container: e86a09b6-18ef-4b53-b813-20bc1a4accc0"        [_thread_blocked, id=22180, stack(0x000000cfa8100000,0x000000cfa8200000) (1024K)]
  0x0000028f14daebb0 JavaThread "Refresh Thread: Equinox Container: e86a09b6-18ef-4b53-b813-20bc1a4accc0" daemon [_thread_blocked, id=11048, stack(0x000000cfa8300000,0x000000cfa8400000) (1024K)]
  0x0000028f14bad230 JavaThread "Framework Event Dispatcher: Equinox Container: e86a09b6-18ef-4b53-b813-20bc1a4accc0" daemon [_thread_blocked, id=10856, stack(0x000000cfa8400000,0x000000cfa8500000) (1024K)]
  0x0000028f14bad890 JavaThread "Start Level: Equinox Container: e86a09b6-18ef-4b53-b813-20bc1a4accc0" daemon [_thread_blocked, id=21408, stack(0x000000cfa8500000,0x000000cfa8600000) (1024K)]
  0x0000028f19345860 JavaThread "Bundle File Closer"         daemon [_thread_blocked, id=25872, stack(0x000000cfa8600000,0x000000cfa8700000) (1024K)]
  0x0000028f149e7850 JavaThread "SCR Component Actor"        daemon [_thread_blocked, id=3464, stack(0x000000cfa8700000,0x000000cfa8800000) (1024K)]
  0x0000028f191bf7c0 JavaThread "Worker-JM"                         [_thread_blocked, id=20144, stack(0x000000cfa8800000,0x000000cfa8900000) (1024K)]
  0x0000028f193b8420 JavaThread "JNA Cleaner"                daemon [_thread_blocked, id=25740, stack(0x000000cfa8900000,0x000000cfa8a00000) (1024K)]
  0x0000028f1b2e7060 JavaThread "Java indexing"              daemon [_thread_blocked, id=15048, stack(0x000000cfa8f00000,0x000000cfa9000000) (1024K)]
  0x0000028f1b2e69d0 JavaThread "Thread-1"                   daemon [_thread_in_native, id=3172, stack(0x000000cfa9500000,0x000000cfa9600000) (1024K)]
  0x0000028f1b2e97c0 JavaThread "Thread-2"                   daemon [_thread_in_native, id=23136, stack(0x000000cfa9600000,0x000000cfa9700000) (1024K)]
  0x0000028f1b2e76f0 JavaThread "Thread-3"                   daemon [_thread_in_native, id=14712, stack(0x000000cfa9700000,0x000000cfa9800000) (1024K)]
  0x0000028f1b2e7d80 JavaThread "Thread-4"                   daemon [_thread_in_native, id=25884, stack(0x000000cfa9800000,0x000000cfa9900000) (1024K)]
  0x0000028f1b2e9130 JavaThread "Thread-5"                   daemon [_thread_in_native, id=16944, stack(0x000000cfa9900000,0x000000cfa9a00000) (1024K)]
  0x0000028f1b7b0220 JavaThread "Thread-6"                   daemon [_thread_in_native, id=10992, stack(0x000000cfa9a00000,0x000000cfa9b00000) (1024K)]
  0x0000028f1b7af500 JavaThread "Thread-7"                   daemon [_thread_in_native, id=20044, stack(0x000000cfa9b00000,0x000000cfa9c00000) (1024K)]
  0x0000028f1b7afb90 JavaThread "Thread-8"                   daemon [_thread_in_native, id=13328, stack(0x000000cfa9c00000,0x000000cfa9d00000) (1024K)]
  0x0000028f1b7aee70 JavaThread "Thread-9"                   daemon [_thread_in_native, id=17812, stack(0x000000cfa9d00000,0x000000cfa9e00000) (1024K)]
  0x0000028f1b7b08b0 JavaThread "pool-2-thread-1"                   [_thread_blocked, id=18320, stack(0x000000cfa9e00000,0x000000cfa9f00000) (1024K)]
  0x0000028f1b7b15d0 JavaThread "WorkspaceEventsHandler"            [_thread_blocked, id=16292, stack(0x000000cfa9f00000,0x000000cfaa000000) (1024K)]
  0x0000028f1b7b1c60 JavaThread "pool-1-thread-1"                   [_thread_blocked, id=5800, stack(0x000000cfaa000000,0x000000cfaa100000) (1024K)]
  0x0000028f1a108e20 JavaThread "Cleaner-0"                  daemon [_thread_blocked, id=17840, stack(0x000000cfabc00000,0x000000cfabd00000) (1024K)]
  0x0000028f1a105310 JavaThread "Worker-371"                        [_thread_blocked, id=28632, stack(0x000000cfa6b00000,0x000000cfa6c00000) (1024K)]
  0x0000028f1a108100 JavaThread "Worker-386"                        [_thread_blocked, id=25212, stack(0x000000cfa8b00000,0x000000cfa8c00000) (1024K)]
  0x0000028f1a107a70 JavaThread "ForkJoinPool.commonPool-worker-47" daemon [_thread_blocked, id=12184, stack(0x000000cfa6a00000,0x000000cfa6b00000) (1024K)]
  0x0000028f1a104c80 JavaThread "ForkJoinPool.commonPool-worker-48" daemon [_thread_blocked, id=11860, stack(0x000000cfa6c00000,0x000000cfa6d00000) (1024K)]
  0x0000028f1a108790 JavaThread "ForkJoinPool.commonPool-worker-49" daemon [_thread_blocked, id=12356, stack(0x000000cfa8a00000,0x000000cfa8b00000) (1024K)]
  0x0000028f1a1073e0 JavaThread "ForkJoinPool.commonPool-worker-50" daemon [_thread_blocked, id=29132, stack(0x000000cfa8c00000,0x000000cfa8d00000) (1024K)]
  0x0000028f1d068c40 JavaThread "C2 CompilerThread1"         daemon [_thread_in_native, id=4700, stack(0x000000cfa8d00000,0x000000cfa8e00000) (1024K)]
  0x0000028f1a1059a0 JavaThread "ForkJoinPool.commonPool-worker-51" daemon [_thread_blocked, id=28776, stack(0x000000cfa8e00000,0x000000cfa8f00000) (1024K)]
  0x0000028f1a109b40 JavaThread "ForkJoinPool.commonPool-worker-52" daemon [_thread_blocked, id=5816, stack(0x000000cfa9000000,0x000000cfa9100000) (1024K)]
Total: 42

Other Threads:
  0x0000028ebafe25e0 VMThread "VM Thread"                           [id=19824, stack(0x000000cfa7000000,0x000000cfa7100000) (1024K)] _threads_hazard_ptr=0x0000028f26b4eb20
  0x0000028ebaf1c950 WatcherThread "VM Periodic Task Thread"        [id=12424, stack(0x000000cfa6f00000,0x000000cfa7000000) (1024K)]
  0x0000028ebb0aabc0 WorkerThread "GC Thread#0"                     [id=11940, stack(0x000000cfa6e00000,0x000000cfa6f00000) (1024K)]
  0x0000028f14b37300 WorkerThread "GC Thread#1"                     [id=13588, stack(0x000000cfa7b00000,0x000000cfa7c00000) (1024K)]
  0x0000028f14a13b60 WorkerThread "GC Thread#2"                     [id=19740, stack(0x000000cfa7c00000,0x000000cfa7d00000) (1024K)]
  0x0000028f14b376a0 WorkerThread "GC Thread#3"                     [id=25176, stack(0x000000cfa7d00000,0x000000cfa7e00000) (1024K)]
  0x0000028f14ca9020 WorkerThread "GC Thread#4"                     [id=4036, stack(0x000000cfa7e00000,0x000000cfa7f00000) (1024K)]
  0x0000028f14ca93c0 WorkerThread "GC Thread#5"                     [id=20648, stack(0x000000cfa7f00000,0x000000cfa8000000) (1024K)]
  0x0000028f14d5d9d0 WorkerThread "GC Thread#6"                     [id=23740, stack(0x000000cfa8000000,0x000000cfa8100000) (1024K)]
  0x0000028f14dab4d0 WorkerThread "GC Thread#7"                     [id=24504, stack(0x000000cfa8200000,0x000000cfa8300000) (1024K)]
Total: 10

Threads with active compile tasks:
C2 CompilerThread0  325386262 40030 % !   4       org.eclipse.jdt.internal.core.JavaProjectElementInfo::newNameLookup @ 205 (405 bytes)
C1 CompilerThread0  325386262 40177       3       org.eclipse.jdt.core.dom.ASTConverter::recordNodes (43 bytes)
C2 CompilerThread1  325386262 40216 %     4       org.eclipse.jdt.internal.core.util.Util::splitOn @ 78 (134 bytes)
Total: 3

VM state: synchronizing (normal execution)

VM Mutex/Monitor currently owned by a thread:  ([mutex/lock_event])
[0x00007ff85624d570] Threads_lock - owner thread: 0x0000028ebafe25e0
[0x00007ff85624d670] Heap_lock - owner thread: 0x0000028f1a104c80

Heap address: 0x0000000080000000, size: 2048 MB, Compressed Oops mode: 32-bit

CDS archive(s) mapped at: [0x0000028ed2000000-0x0000028ed2ba0000-0x0000028ed2ba0000), size 12189696, SharedBaseAddress: 0x0000028ed2000000, ArchiveRelocationMode: 1.
Compressed class space mapped at: 0x0000028ed3000000-0x0000028f13000000, reserved size: 1073741824
Narrow klass base: 0x0000028ed2000000, Narrow klass shift: 0, Narrow klass range: 0x100000000

GC Precious Log:
 CardTable entry size: 512
 CPUs: 8 total, 8 available
 Memory: 7971M
 Large Page Support: Disabled
 NUMA Support: Disabled
 Compressed Oops: Enabled (32-bit)
 Alignments: Space 512K, Generation 512K, Heap 2M
 Heap Min Capacity: 100M
 Heap Initial Capacity: 100M
 Heap Max Capacity: 2G
 Pre-touch: Disabled
 Parallel Workers: 8

Heap:
 PSYoungGen      total 5632K, used 5120K [0x00000000d5580000, 0x00000000d5c00000, 0x0000000100000000)
  eden space 4608K, 100% used [0x00000000d5580000,0x00000000d5a00000,0x00000000d5a00000)
  from space 1024K, 50% used [0x00000000d5b00000,0x00000000d5b80000,0x00000000d5c00000)
  to   space 1024K, 0% used [0x00000000d5a00000,0x00000000d5a00000,0x00000000d5b00000)
 ParOldGen       total 866816K, used 866458K [0x0000000080000000, 0x00000000b4e80000, 0x00000000d5580000)
  object space 866816K, 99% used [0x0000000080000000,0x00000000b4e26bf8,0x00000000b4e80000)
 Metaspace       used 94887K, committed 96512K, reserved 1179648K
  class space    used 9182K, committed 9984K, reserved 1048576K

Card table byte_map: [0x0000028ebaa30000,0x0000028ebae40000] _byte_map_base: 0x0000028eba630000

Marking Bits: (ParMarkBitMap*) 0x00007ff856252460
 Begin Bits: [0x0000028ecd540000, 0x0000028ecf540000)
 End Bits:   [0x0000028ecf540000, 0x0000028ed1540000)

Polling page: 0x0000028eb8e20000

Metaspace:

Usage:
  Non-class:     83.70 MB used.
      Class:      8.97 MB used.
       Both:     92.66 MB used.

Virtual space:
  Non-class space:      128.00 MB reserved,      84.50 MB ( 66%) committed,  2 nodes.
      Class space:        1.00 GB reserved,       9.75 MB ( <1%) committed,  1 nodes.
             Both:        1.12 GB reserved,      94.25 MB (  8%) committed. 

Chunk freelists:
   Non-Class:  11.38 MB
       Class:  6.34 MB
        Both:  17.72 MB

MaxMetaspaceSize: unlimited
CompressedClassSpaceSize: 1.00 GB
Initial GC threshold: 21.00 MB
Current GC threshold: 156.81 MB
CDS: on
 - commit_granule_bytes: 65536.
 - commit_granule_words: 8192.
 - virtual_space_node_default_size: 8388608.
 - enlarge_chunks_in_place: 1.
 - use_allocation_guard: 0.


Internal statistics:

num_allocs_failed_limit: 9.
num_arena_births: 2324.
num_arena_deaths: 800.
num_vsnodes_births: 3.
num_vsnodes_deaths: 0.
num_space_committed: 1522.
num_space_uncommitted: 13.
num_chunks_returned_to_freelist: 1198.
num_chunks_taken_from_freelist: 7546.
num_chunk_merges: 261.
num_chunk_splits: 4117.
num_chunks_enlarged: 2261.
num_inconsistent_stats: 0.

CodeHeap 'non-profiled nmethods': size=120000Kb used=23089Kb max_used=28959Kb free=96910Kb
 bounds [0x0000028ec5d60000, 0x0000028ec7a00000, 0x0000028ecd290000]
CodeHeap 'profiled nmethods': size=120000Kb used=21086Kb max_used=56509Kb free=98913Kb
 bounds [0x0000028ebe290000, 0x0000028ec19d0000, 0x0000028ec57c0000]
CodeHeap 'non-nmethods': size=5760Kb used=1554Kb max_used=1628Kb free=4205Kb
 bounds [0x0000028ec57c0000, 0x0000028ec5a30000, 0x0000028ec5d60000]
CodeCache: size=245760Kb, used=45729Kb, max_used=87096Kb, free=200028Kb
 total_blobs=11761, nmethods=10894, adapters=769, full_count=0
Compilation: enabled, stopped_count=0, restarted_count=0

Compilation events (20 events):
Event: 325385.141 Thread 0x0000028ebb01bcd0 nmethod 40131 0x0000028ec60e5190 code [0x0000028ec60e5320, 0x0000028ec60e53e8]
Event: 325385.141 Thread 0x0000028ebb01bcd0 40141       1       org.eclipse.jdt.internal.core.BinaryType::getElementType (3 bytes)
Event: 325385.141 Thread 0x0000028ebb01bcd0 nmethod 40141 0x0000028ec60fef10 code [0x0000028ec60ff0a0, 0x0000028ec60ff168]
Event: 325385.141 Thread 0x0000028ebb01bcd0 40163       1       org.eclipse.jdt.internal.core.ClassFile::getTypeName (5 bytes)
Event: 325385.141 Thread 0x0000028ebb01bcd0 nmethod 40163 0x0000028ec61be310 code [0x0000028ec61be4a0, 0x0000028ec61be568]
Event: 325385.141 Thread 0x0000028ebb01bcd0 40150       1       org.eclipse.jdt.internal.core.SingleTypeRequestor::getType (5 bytes)
Event: 325385.141 Thread 0x0000028ebb01bcd0 nmethod 40150 0x0000028ec61f0090 code [0x0000028ec61f0220, 0x0000028ec61f02e8]
Event: 325385.141 Thread 0x0000028ebb01bcd0 40139       1       org.eclipse.jdt.internal.core.JarPackageFragmentRoot::internalKind (2 bytes)
Event: 325385.141 Thread 0x0000028ebb01bcd0 nmethod 40139 0x0000028ec6208c90 code [0x0000028ec6208e20, 0x0000028ec6208ee8]
Event: 325385.141 Thread 0x0000028ebb01bcd0 40135       1       org.eclipse.jdt.internal.core.util.LRUCache::getSpaceLimit (5 bytes)
Event: 325385.141 Thread 0x0000028ebb01bcd0 nmethod 40135 0x0000028ec6215010 code [0x0000028ec62151a0, 0x0000028ec6215268]
Event: 325385.142 Thread 0x0000028ebb01bcd0 40166       2       org.eclipse.jdt.internal.core.BinaryType::getElementInfo (34 bytes)
Event: 325385.142 Thread 0x0000028ebb01bcd0 nmethod 40166 0x0000028ec0ccac90 code [0x0000028ec0ccae60, 0x0000028ec0ccb030]
Event: 325385.143 Thread 0x0000028ebb01bcd0 40167       2       org.eclipse.jdt.internal.core.BinaryType::getElementInfo (8 bytes)
Event: 325385.144 Thread 0x0000028ebb01bcd0 nmethod 40167 0x0000028ec13b4490 code [0x0000028ec13b4660, 0x0000028ec13b4848]
Event: 325385.156 Thread 0x0000028ebb01bcd0 40168   !   2       org.eclipse.jdt.internal.core.PackageFragmentRoot::getHandleMemento (219 bytes)
Event: 325385.160 Thread 0x0000028ebb01bcd0 nmethod 40168 0x0000028ec0dff290 code [0x0000028ec0dff600, 0x0000028ec0e00030]
Event: 325385.160 Thread 0x0000028ebb01bcd0 40169   !   2       org.eclipse.jdt.core.Signature::getParameterTypes (117 bytes)
Event: 325385.162 Thread 0x0000028ebb01bcd0 nmethod 40169 0x0000028ebe4b2990 code [0x0000028ebe4b2be0, 0x0000028ebe4b33c8]
Event: 325385.197 Thread 0x0000028ebb01bcd0 40172       2       org.eclipse.jdt.internal.core.JavaModelManager::isClasspathBeingResolved (11 bytes)

GC Heap History (20 events):
Event: 324958.054 GC heap before
{Heap before GC invocations=12623 (full 21):
 PSYoungGen      total 3584K, used 3424K [0x00000000d5580000, 0x00000000d5a80000, 0x0000000100000000)
  eden space 3072K, 100% used [0x00000000d5580000,0x00000000d5880000,0x00000000d5880000)
  from space 512K, 68% used [0x00000000d5a00000,0x00000000d5a58000,0x00000000d5a80000)
  to   space 512K, 0% used [0x00000000d5980000,0x00000000d5980000,0x00000000d5a00000)
 ParOldGen       total 861696K, used 861279K [0x0000000080000000, 0x00000000b4980000, 0x00000000d5580000)
  object space 861696K, 99% used [0x0000000080000000,0x00000000b4917ec8,0x00000000b4980000)
 Metaspace       used 94886K, committed 96512K, reserved 1179648K
  class space    used 9182K, committed 9984K, reserved 1048576K
}
Event: 324958.058 GC heap after
{Heap after GC invocations=12623 (full 21):
 PSYoungGen      total 4608K, used 320K [0x00000000d5580000, 0x00000000d5a80000, 0x0000000100000000)
  eden space 4096K, 0% used [0x00000000d5580000,0x00000000d5580000,0x00000000d5980000)
  from space 512K, 62% used [0x00000000d5980000,0x00000000d59d0000,0x00000000d5a00000)
  to   space 512K, 0% used [0x00000000d5a00000,0x00000000d5a00000,0x00000000d5a80000)
 ParOldGen       total 861696K, used 861543K [0x0000000080000000, 0x00000000b4980000, 0x00000000d5580000)
  object space 861696K, 99% used [0x0000000080000000,0x00000000b4959ee8,0x00000000b4980000)
 Metaspace       used 94886K, committed 96512K, reserved 1179648K
  class space    used 9182K, committed 9984K, reserved 1048576K
}
Event: 324958.069 GC heap before
{Heap before GC invocations=12624 (full 21):
 PSYoungGen      total 4608K, used 4416K [0x00000000d5580000, 0x00000000d5a80000, 0x0000000100000000)
  eden space 4096K, 100% used [0x00000000d5580000,0x00000000d5980000,0x00000000d5980000)
  from space 512K, 62% used [0x00000000d5980000,0x00000000d59d0000,0x00000000d5a00000)
  to   space 512K, 0% used [0x00000000d5a00000,0x00000000d5a00000,0x00000000d5a80000)
 ParOldGen       total 861696K, used 861543K [0x0000000080000000, 0x00000000b4980000, 0x00000000d5580000)
  object space 861696K, 99% used [0x0000000080000000,0x00000000b4959ee8,0x00000000b4980000)
 Metaspace       used 94886K, committed 96512K, reserved 1179648K
  class space    used 9182K, committed 9984K, reserved 1048576K
}
Event: 324958.071 GC heap after
{Heap after GC invocations=12624 (full 21):
 PSYoungGen      total 4608K, used 448K [0x00000000d5580000, 0x00000000d5b80000, 0x0000000100000000)
  eden space 4096K, 0% used [0x00000000d5580000,0x00000000d5580000,0x00000000d5980000)
  from space 512K, 87% used [0x00000000d5a00000,0x00000000d5a70020,0x00000000d5a80000)
  to   space 512K, 0% used [0x00000000d5980000,0x00000000d5980000,0x00000000d5a00000)
 ParOldGen       total 862208K, used 861759K [0x0000000080000000, 0x00000000b4a00000, 0x00000000d5580000)
  object space 862208K, 99% used [0x0000000080000000,0x00000000b498fee8,0x00000000b4a00000)
 Metaspace       used 94886K, committed 96512K, reserved 1179648K
  class space    used 9182K, committed 9984K, reserved 1048576K
}
Event: 324958.082 GC heap before
{Heap before GC invocations=12625 (full 21):
 PSYoungGen      total 4608K, used 4544K [0x00000000d5580000, 0x00000000d5b80000, 0x0000000100000000)
  eden space 4096K, 100% used [0x00000000d5580000,0x00000000d5980000,0x00000000d5980000)
  from space 512K, 87% used [0x00000000d5a00000,0x00000000d5a70020,0x00000000d5a80000)
  to   space 512K, 0% used [0x00000000d5980000,0x00000000d5980000,0x00000000d5a00000)
 ParOldGen       total 862208K, used 861759K [0x0000000080000000, 0x00000000b4a00000, 0x00000000d5580000)
  object space 862208K, 99% used [0x0000000080000000,0x00000000b498fee8,0x00000000b4a00000)
 Metaspace       used 94886K, committed 96512K, reserved 1179648K
  class space    used 9182K, committed 9984K, reserved 1048576K
}
Event: 324958.085 GC heap after
{Heap after GC invocations=12625 (full 21):
 PSYoungGen      total 4608K, used 272K [0x00000000d5580000, 0x00000000d5b80000, 0x0000000100000000)
  eden space 4096K, 0% used [0x00000000d5580000,0x00000000d5580000,0x00000000d5980000)
  from space 512K, 53% used [0x00000000d5980000,0x00000000d59c4010,0x00000000d5a00000)
  to   space 512K, 0% used [0x00000000d5b00000,0x00000000d5b00000,0x00000000d5b80000)
 ParOldGen       total 862208K, used 862109K [0x0000000080000000, 0x00000000b4a00000, 0x00000000d5580000)
  object space 862208K, 99% used [0x0000000080000000,0x00000000b49e74a8,0x00000000b4a00000)
 Metaspace       used 94886K, committed 96512K, reserved 1179648K
  class space    used 9182K, committed 9984K, reserved 1048576K
}
Event: 324958.098 GC heap before
{Heap before GC invocations=12626 (full 21):
 PSYoungGen      total 4608K, used 4368K [0x00000000d5580000, 0x00000000d5b80000, 0x0000000100000000)
  eden space 4096K, 100% used [0x00000000d5580000,0x00000000d5980000,0x00000000d5980000)
  from space 512K, 53% used [0x00000000d5980000,0x00000000d59c4010,0x00000000d5a00000)
  to   space 512K, 0% used [0x00000000d5b00000,0x00000000d5b00000,0x00000000d5b80000)
 ParOldGen       total 862208K, used 862109K [0x0000000080000000, 0x00000000b4a00000, 0x00000000d5580000)
  object space 862208K, 99% used [0x0000000080000000,0x00000000b49e74a8,0x00000000b4a00000)
 Metaspace       used 94886K, committed 96512K, reserved 1179648K
  class space    used 9182K, committed 9984K, reserved 1048576K
}
Event: 324958.101 GC heap after
{Heap after GC invocations=12626 (full 21):
 PSYoungGen      total 5120K, used 512K [0x00000000d5580000, 0x00000000d5c80000, 0x0000000100000000)
  eden space 4608K, 0% used [0x00000000d5580000,0x00000000d5580000,0x00000000d5a00000)
  from space 512K, 100% used [0x00000000d5b00000,0x00000000d5b80000,0x00000000d5b80000)
  to   space 1024K, 0% used [0x00000000d5a00000,0x00000000d5a00000,0x00000000d5b00000)
 ParOldGen       total 862720K, used 862365K [0x0000000080000000, 0x00000000b4a80000, 0x00000000d5580000)
  object space 862720K, 99% used [0x0000000080000000,0x00000000b4a274c8,0x00000000b4a80000)
 Metaspace       used 94886K, committed 96512K, reserved 1179648K
  class space    used 9182K, committed 9984K, reserved 1048576K
}
Event: 324958.126 GC heap before
{Heap before GC invocations=12627 (full 21):
 PSYoungGen      total 5120K, used 5120K [0x00000000d5580000, 0x00000000d5c80000, 0x0000000100000000)
  eden space 4608K, 100% used [0x00000000d5580000,0x00000000d5a00000,0x00000000d5a00000)
  from space 512K, 100% used [0x00000000d5b00000,0x00000000d5b80000,0x00000000d5b80000)
  to   space 1024K, 0% used [0x00000000d5a00000,0x00000000d5a00000,0x00000000d5b00000)
 ParOldGen       total 862720K, used 862365K [0x0000000080000000, 0x00000000b4a80000, 0x00000000d5580000)
  object space 862720K, 99% used [0x0000000080000000,0x00000000b4a274c8,0x00000000b4a80000)
 Metaspace       used 94886K, committed 96512K, reserved 1179648K
  class space    used 9182K, committed 9984K, reserved 1048576K
}
Event: 324958.130 GC heap after
{Heap after GC invocations=12627 (full 21):
 PSYoungGen      total 5632K, used 832K [0x00000000d5580000, 0x00000000d5c00000, 0x0000000100000000)
  eden space 4608K, 0% used [0x00000000d5580000,0x00000000d5580000,0x00000000d5a00000)
  from space 1024K, 81% used [0x00000000d5a00000,0x00000000d5ad0000,0x00000000d5b00000)
  to   space 1024K, 0% used [0x00000000d5b00000,0x00000000d5b00000,0x00000000d5c00000)
 ParOldGen       total 863232K, used 862778K [0x0000000080000000, 0x00000000b4b00000, 0x00000000d5580000)
  object space 863232K, 99% used [0x0000000080000000,0x00000000b4a8eb28,0x00000000b4b00000)
 Metaspace       used 94886K, committed 96512K, reserved 1179648K
  class space    used 9182K, committed 9984K, reserved 1048576K
}
Event: 325150.842 GC heap before
{Heap before GC invocations=12628 (full 21):
 PSYoungGen      total 5632K, used 5439K [0x00000000d5580000, 0x00000000d5c00000, 0x0000000100000000)
  eden space 4608K, 99% used [0x00000000d5580000,0x00000000d59fffc0,0x00000000d5a00000)
  from space 1024K, 81% used [0x00000000d5a00000,0x00000000d5ad0000,0x00000000d5b00000)
  to   space 1024K, 0% used [0x00000000d5b00000,0x00000000d5b00000,0x00000000d5c00000)
 ParOldGen       total 863232K, used 862778K [0x0000000080000000, 0x00000000b4b00000, 0x00000000d5580000)
  object space 863232K, 99% used [0x0000000080000000,0x00000000b4a8eb28,0x00000000b4b00000)
 Metaspace       used 94886K, committed 96512K, reserved 1179648K
  class space    used 9182K, committed 9984K, reserved 1048576K
}
Event: 325150.872 GC heap after
{Heap after GC invocations=12628 (full 21):
 PSYoungGen      total 5632K, used 562K [0x00000000d5580000, 0x00000000d5c00000, 0x0000000100000000)
  eden space 4608K, 0% used [0x00000000d5580000,0x00000000d5580000,0x00000000d5a00000)
  from space 1024K, 54% used [0x00000000d5b00000,0x00000000d5b8c828,0x00000000d5c00000)
  to   space 1024K, 0% used [0x00000000d5a00000,0x00000000d5a00000,0x00000000d5b00000)
 ParOldGen       total 863744K, used 863452K [0x0000000080000000, 0x00000000b4b80000, 0x00000000d5580000)
  object space 863744K, 99% used [0x0000000080000000,0x00000000b4b371c0,0x00000000b4b80000)
 Metaspace       used 94886K, committed 96512K, reserved 1179648K
  class space    used 9182K, committed 9984K, reserved 1048576K
}
Event: 325381.700 GC heap before
{Heap before GC invocations=12629 (full 21):
 PSYoungGen      total 5632K, used 5170K [0x00000000d5580000, 0x00000000d5c00000, 0x0000000100000000)
  eden space 4608K, 100% used [0x00000000d5580000,0x00000000d5a00000,0x00000000d5a00000)
  from space 1024K, 54% used [0x00000000d5b00000,0x00000000d5b8c828,0x00000000d5c00000)
  to   space 1024K, 0% used [0x00000000d5a00000,0x00000000d5a00000,0x00000000d5b00000)
 ParOldGen       total 863744K, used 863452K [0x0000000080000000, 0x00000000b4b80000, 0x00000000d5580000)
  object space 863744K, 99% used [0x0000000080000000,0x00000000b4b371c0,0x00000000b4b80000)
 Metaspace       used 94886K, committed 96512K, reserved 1179648K
  class space    used 9182K, committed 9984K, reserved 1048576K
}
Event: 325381.805 GC heap after
{Heap after GC invocations=12629 (full 21):
 PSYoungGen      total 5632K, used 686K [0x00000000d5580000, 0x00000000d5c00000, 0x0000000100000000)
  eden space 4608K, 0% used [0x00000000d5580000,0x00000000d5580000,0x00000000d5a00000)
  from space 1024K, 67% used [0x00000000d5a00000,0x00000000d5aabb20,0x00000000d5b00000)
  to   space 1024K, 0% used [0x00000000d5b00000,0x00000000d5b00000,0x00000000d5c00000)
 ParOldGen       total 864256K, used 863817K [0x0000000080000000, 0x00000000b4c00000, 0x00000000d5580000)
  object space 864256K, 99% used [0x0000000080000000,0x00000000b4b925e0,0x00000000b4c00000)
 Metaspace       used 94886K, committed 96512K, reserved 1179648K
  class space    used 9182K, committed 9984K, reserved 1048576K
}
Event: 325384.023 GC heap before
{Heap before GC invocations=12630 (full 21):
 PSYoungGen      total 5632K, used 5294K [0x00000000d5580000, 0x00000000d5c00000, 0x0000000100000000)
  eden space 4608K, 100% used [0x00000000d5580000,0x00000000d5a00000,0x00000000d5a00000)
  from space 1024K, 67% used [0x00000000d5a00000,0x00000000d5aabb20,0x00000000d5b00000)
  to   space 1024K, 0% used [0x00000000d5b00000,0x00000000d5b00000,0x00000000d5c00000)
 ParOldGen       total 864256K, used 863817K [0x0000000080000000, 0x00000000b4c00000, 0x00000000d5580000)
  object space 864256K, 99% used [0x0000000080000000,0x00000000b4b925e0,0x00000000b4c00000)
 Metaspace       used 94886K, committed 96512K, reserved 1179648K
  class space    used 9182K, committed 9984K, reserved 1048576K
}
Event: 325384.035 GC heap after
{Heap after GC invocations=12630 (full 21):
 PSYoungGen      total 5632K, used 774K [0x00000000d5580000, 0x00000000d5c00000, 0x0000000100000000)
  eden space 4608K, 0% used [0x00000000d5580000,0x00000000d5580000,0x00000000d5a00000)
  from space 1024K, 75% used [0x00000000d5b00000,0x00000000d5bc18d8,0x00000000d5c00000)
  to   space 1024K, 0% used [0x00000000d5a00000,0x00000000d5a00000,0x00000000d5b00000)
 ParOldGen       total 864768K, used 864311K [0x0000000080000000, 0x00000000b4c80000, 0x00000000d5580000)
  object space 864768K, 99% used [0x0000000080000000,0x00000000b4c0dc30,0x00000000b4c80000)
 Metaspace       used 94886K, committed 96512K, reserved 1179648K
  class space    used 9182K, committed 9984K, reserved 1048576K
}
Event: 325384.235 GC heap before
{Heap before GC invocations=12631 (full 21):
 PSYoungGen      total 5632K, used 5382K [0x00000000d5580000, 0x00000000d5c00000, 0x0000000100000000)
  eden space 4608K, 100% used [0x00000000d5580000,0x00000000d5a00000,0x00000000d5a00000)
  from space 1024K, 75% used [0x00000000d5b00000,0x00000000d5bc18d8,0x00000000d5c00000)
  to   space 1024K, 0% used [0x00000000d5a00000,0x00000000d5a00000,0x00000000d5b00000)
 ParOldGen       total 864768K, used 864311K [0x0000000080000000, 0x00000000b4c80000, 0x00000000d5580000)
  object space 864768K, 99% used [0x0000000080000000,0x00000000b4c0dc30,0x00000000b4c80000)
 Metaspace       used 94886K, committed 96512K, reserved 1179648K
  class space    used 9182K, committed 9984K, reserved 1048576K
}
Event: 325384.243 GC heap after
{Heap after GC invocations=12631 (full 21):
 PSYoungGen      total 5632K, used 480K [0x00000000d5580000, 0x00000000d5c00000, 0x0000000100000000)
  eden space 4608K, 0% used [0x00000000d5580000,0x00000000d5580000,0x00000000d5a00000)
  from space 1024K, 46% used [0x00000000d5a00000,0x00000000d5a78000,0x00000000d5b00000)
  to   space 1024K, 0% used [0x00000000d5b00000,0x00000000d5b00000,0x00000000d5c00000)
 ParOldGen       total 865280K, used 864987K [0x0000000080000000, 0x00000000b4d00000, 0x00000000d5580000)
  object space 865280K, 99% used [0x0000000080000000,0x00000000b4cb6d78,0x00000000b4d00000)
 Metaspace       used 94886K, committed 96512K, reserved 1179648K
  class space    used 9182K, committed 9984K, reserved 1048576K
}
Event: 325385.069 GC heap before
{Heap before GC invocations=12632 (full 21):
 PSYoungGen      total 5632K, used 5088K [0x00000000d5580000, 0x00000000d5c00000, 0x0000000100000000)
  eden space 4608K, 100% used [0x00000000d5580000,0x00000000d5a00000,0x00000000d5a00000)
  from space 1024K, 46% used [0x00000000d5a00000,0x00000000d5a78000,0x00000000d5b00000)
  to   space 1024K, 0% used [0x00000000d5b00000,0x00000000d5b00000,0x00000000d5c00000)
 ParOldGen       total 865280K, used 864987K [0x0000000080000000, 0x00000000b4d00000, 0x00000000d5580000)
  object space 865280K, 99% used [0x0000000080000000,0x00000000b4cb6d78,0x00000000b4d00000)
 Metaspace       used 94886K, committed 96512K, reserved 1179648K
  class space    used 9182K, committed 9984K, reserved 1048576K
}
Event: 325385.076 GC heap after
{Heap after GC invocations=12632 (full 21):
 PSYoungGen      total 5632K, used 726K [0x00000000d5580000, 0x00000000d5c00000, 0x0000000100000000)
  eden space 4608K, 0% used [0x00000000d5580000,0x00000000d5580000,0x00000000d5a00000)
  from space 1024K, 70% used [0x00000000d5b00000,0x00000000d5bb5b28,0x00000000d5c00000)
  to   space 1024K, 0% used [0x00000000d5a00000,0x00000000d5a00000,0x00000000d5b00000)
 ParOldGen       total 865792K, used 865355K [0x0000000080000000, 0x00000000b4d80000, 0x00000000d5580000)
  object space 865792K, 99% used [0x0000000080000000,0x00000000b4d12d98,0x00000000b4d80000)
 Metaspace       used 94886K, committed 96512K, reserved 1179648K
  class space    used 9182K, committed 9984K, reserved 1048576K
}

Dll operation events (12 events):
Event: 0.018 Loaded shared library c:\Users\Sellspark_User\.vscode\extensions\redhat.java-1.52.0-win32-x64\jre\21.0.9-win32-x86_64\bin\java.dll
Event: 0.094 Loaded shared library c:\Users\Sellspark_User\.vscode\extensions\redhat.java-1.52.0-win32-x64\jre\21.0.9-win32-x86_64\bin\zip.dll
Event: 0.123 Loaded shared library C:\Users\Sellspark_User\.vscode\extensions\redhat.java-1.52.0-win32-x64\jre\21.0.9-win32-x86_64\bin\instrument.dll
Event: 0.129 Loaded shared library C:\Users\Sellspark_User\.vscode\extensions\redhat.java-1.52.0-win32-x64\jre\21.0.9-win32-x86_64\bin\net.dll
Event: 0.132 Loaded shared library C:\Users\Sellspark_User\.vscode\extensions\redhat.java-1.52.0-win32-x64\jre\21.0.9-win32-x86_64\bin\nio.dll
Event: 0.139 Loaded shared library C:\Users\Sellspark_User\.vscode\extensions\redhat.java-1.52.0-win32-x64\jre\21.0.9-win32-x86_64\bin\zip.dll
Event: 0.190 Loaded shared library C:\Users\Sellspark_User\.vscode\extensions\redhat.java-1.52.0-win32-x64\jre\21.0.9-win32-x86_64\bin\jimage.dll
Event: 0.425 Loaded shared library c:\Users\Sellspark_User\.vscode\extensions\redhat.java-1.52.0-win32-x64\jre\21.0.9-win32-x86_64\bin\verify.dll
Event: 5.359 Loaded shared library C:\Users\Sellspark_User\AppData\Roaming\Code\User\globalStorage\redhat.java\1.52.0\config_win\org.eclipse.equinox.launcher\org.eclipse.equinox.launcher.win32.win32.x86_64_1.2.1500.v20260121-1430\eclipse_11919.dll
Event: 17.465 Loaded shared library C:\Users\Sellspark_User\AppData\Local\Temp\jna--1513650945\jna15754105357104302532.dll
Event: 165063.691 Loaded shared library C:\Users\Sellspark_User\.vscode\extensions\redhat.java-1.52.0-win32-x64\jre\21.0.9-win32-x86_64\bin\extnet.dll
Event: 165064.027 Loaded shared library C:\Users\Sellspark_User\.vscode\extensions\redhat.java-1.52.0-win32-x64\jre\21.0.9-win32-x86_64\bin\sunmscapi.dll

Deoptimization events (20 events):
Event: 253596.630 Thread 0x0000028f1a107a70 Uncommon trap: trap_request=0xffffffde fr.pc=0x0000028ec64d76a8 relative=0x00000000000034a8
Event: 253596.630 Thread 0x0000028f1a107a70 Uncommon trap: reason=class_check action=maybe_recompile pc=0x0000028ec64d76a8 method=org.eclipse.jdt.internal.compiler.parser.Parser.parse()V @ 888 c2
Event: 253596.630 Thread 0x0000028f1a107a70 DEOPT PACKING pc=0x0000028ec64d76a8 sp=0x000000cfa91fdb00
Event: 253596.630 Thread 0x0000028f1a107a70 DEOPT UNPACKING pc=0x0000028ec5816da2 sp=0x000000cfa91fdab8 mode 2
Event: 257447.784 Thread 0x0000028f1a1059a0 Uncommon trap: trap_request=0xffffff45 fr.pc=0x0000028ec6fcd3a8 relative=0x0000000000001528
Event: 257447.786 Thread 0x0000028f1a1059a0 Uncommon trap: reason=unstable_if action=reinterpret pc=0x0000028ec6fcd3a8 method=org.eclipse.jdt.internal.compiler.codegen.CodeStream.new_(Lorg/eclipse/jdt/internal/compiler/ast/TypeReference;Lorg/eclipse/jdt/internal/compiler/lookup/TypeBinding;)V @ 53 
Event: 257447.788 Thread 0x0000028f1a1059a0 DEOPT PACKING pc=0x0000028ec6fcd3a8 sp=0x000000cfa8afef60
Event: 257447.792 Thread 0x0000028f1a1059a0 DEOPT UNPACKING pc=0x0000028ec5816da2 sp=0x000000cfa8afee58 mode 2
Event: 324852.994 Thread 0x0000028f1b2e7060 Uncommon trap: trap_request=0xffffffcc fr.pc=0x0000028ec70f63fc relative=0x000000000000089c
Event: 324852.997 Thread 0x0000028f1b2e7060 Uncommon trap: reason=intrinsic_or_type_checked_inlining action=make_not_entrant pc=0x0000028ec70f63fc method=org.eclipse.jdt.internal.compiler.parser.Parser.dispatchDeclarationIntoEnumDeclaration(I)V @ 323 c2
Event: 324852.997 Thread 0x0000028f1b2e7060 DEOPT PACKING pc=0x0000028ec70f63fc sp=0x000000cfa8ffe310
Event: 324853.000 Thread 0x0000028f1b2e7060 DEOPT UNPACKING pc=0x0000028ec5816da2 sp=0x000000cfa8ffe288 mode 2
Event: 324911.281 Thread 0x0000028f1a1073e0 Uncommon trap: trap_request=0xffffffc6 fr.pc=0x0000028ec60ce194 relative=0x0000000000000594
Event: 324911.283 Thread 0x0000028f1a1073e0 Uncommon trap: reason=bimorphic_or_optimized_type_check action=maybe_recompile pc=0x0000028ec60ce194 method=org.eclipse.jdt.internal.compiler.lookup.ConstraintExceptionFormula.inputVariables(Lorg/eclipse/jdt/internal/compiler/lookup/InferenceContext18;)Lj
Event: 324911.284 Thread 0x0000028f1a1073e0 DEOPT PACKING pc=0x0000028ec60ce194 sp=0x000000cfa8afe620
Event: 324911.291 Thread 0x0000028f1a1073e0 DEOPT UNPACKING pc=0x0000028ec5816da2 sp=0x000000cfa8afe590 mode 2
Event: 324911.291 Thread 0x0000028f1a1073e0 Uncommon trap: trap_request=0xffffffc6 fr.pc=0x0000028ec60ce194 relative=0x0000000000000594
Event: 324911.291 Thread 0x0000028f1a1073e0 Uncommon trap: reason=bimorphic_or_optimized_type_check action=maybe_recompile pc=0x0000028ec60ce194 method=org.eclipse.jdt.internal.compiler.lookup.ConstraintExceptionFormula.inputVariables(Lorg/eclipse/jdt/internal/compiler/lookup/InferenceContext18;)Lj
Event: 324911.291 Thread 0x0000028f1a1073e0 DEOPT PACKING pc=0x0000028ec60ce194 sp=0x000000cfa8afe6d0
Event: 324911.292 Thread 0x0000028f1a1073e0 DEOPT UNPACKING pc=0x0000028ec5816da2 sp=0x000000cfa8afe640 mode 2

Classes loaded (20 events):
Event: 256234.837 Loading class jdk/internal/module/IllegalAccessLogger
Event: 256234.840 Loading class jdk/internal/module/IllegalAccessLogger done
Event: 257446.438 Loading class jdk/internal/module/IllegalAccessLogger
Event: 257446.441 Loading class jdk/internal/module/IllegalAccessLogger done
Event: 257849.472 Loading class jdk/internal/module/IllegalAccessLogger
Event: 257849.475 Loading class jdk/internal/module/IllegalAccessLogger done
Event: 324135.437 Loading class jdk/internal/module/IllegalAccessLogger
Event: 324135.452 Loading class jdk/internal/module/IllegalAccessLogger done
Event: 324255.959 Loading class jdk/internal/module/IllegalAccessLogger
Event: 324255.962 Loading class jdk/internal/module/IllegalAccessLogger done
Event: 324851.462 Loading class jdk/internal/module/IllegalAccessLogger
Event: 324851.466 Loading class jdk/internal/module/IllegalAccessLogger done
Event: 324910.581 Loading class jdk/internal/module/IllegalAccessLogger
Event: 324910.589 Loading class jdk/internal/module/IllegalAccessLogger done
Event: 324925.533 Loading class jdk/internal/module/IllegalAccessLogger
Event: 324925.533 Loading class jdk/internal/module/IllegalAccessLogger done
Event: 324935.562 Loading class jdk/internal/module/IllegalAccessLogger
Event: 324935.562 Loading class jdk/internal/module/IllegalAccessLogger done
Event: 324953.790 Loading class jdk/internal/module/IllegalAccessLogger
Event: 324953.791 Loading class jdk/internal/module/IllegalAccessLogger done

Classes unloaded (20 events):
Event: 235157.217 Thread 0x0000028ebafe25e0 Unloading class 0x0000028ed3277800 'jdk/internal/reflect/GeneratedSerializationConstructorAccessor10'
Event: 235157.217 Thread 0x0000028ebafe25e0 Unloading class 0x0000028ed3277400 'jdk/internal/reflect/GeneratedSerializationConstructorAccessor9'
Event: 235157.217 Thread 0x0000028ebafe25e0 Unloading class 0x0000028ed31a8800 'java/lang/invoke/LambdaForm$MH+0x0000028ed31a8800'
Event: 235157.218 Thread 0x0000028ebafe25e0 Unloading class 0x0000028ed31a8000 'java/lang/invoke/LambdaForm$MH+0x0000028ed31a8000'
Event: 235157.218 Thread 0x0000028ebafe25e0 Unloading class 0x0000028ed326e400 'jdk/internal/reflect/GeneratedSerializationConstructorAccessor8'
Event: 235157.218 Thread 0x0000028ebafe25e0 Unloading class 0x0000028ed326e000 'jdk/internal/reflect/GeneratedSerializationConstructorAccessor7'
Event: 235157.218 Thread 0x0000028ebafe25e0 Unloading class 0x0000028ed326dc00 'jdk/internal/reflect/GeneratedSerializationConstructorAccessor6'
Event: 235157.218 Thread 0x0000028ebafe25e0 Unloading class 0x0000028ed326d800 'jdk/internal/reflect/GeneratedSerializationConstructorAccessor5'
Event: 235157.218 Thread 0x0000028ebafe25e0 Unloading class 0x0000028ed326d400 'jdk/internal/reflect/GeneratedSerializationConstructorAccessor4'
Event: 235157.218 Thread 0x0000028ebafe25e0 Unloading class 0x0000028ed326d000 'jdk/internal/reflect/GeneratedSerializationConstructorAccessor3'
Event: 235157.218 Thread 0x0000028ebafe25e0 Unloading class 0x0000028ed326cc00 'jdk/internal/reflect/GeneratedSerializationConstructorAccessor2'
Event: 235157.218 Thread 0x0000028ebafe25e0 Unloading class 0x0000028ed326c800 'jdk/internal/reflect/GeneratedSerializationConstructorAccessor1'
Event: 245896.435 Thread 0x0000028ebafe25e0 Unloading class 0x0000028ed3177c00 'java/lang/invoke/LambdaForm$MH+0x0000028ed3177c00'
Event: 245896.435 Thread 0x0000028ebafe25e0 Unloading class 0x0000028ed3178000 'java/lang/invoke/LambdaForm$BMH+0x0000028ed3178000'
Event: 245896.435 Thread 0x0000028ebafe25e0 Unloading class 0x0000028ed3178800 'java/lang/invoke/LambdaForm$MH+0x0000028ed3178800'
Event: 245896.436 Thread 0x0000028ebafe25e0 Unloading class 0x0000028ed3274800 'java/lang/invoke/LambdaForm$MH+0x0000028ed3274800'
Event: 252579.679 Thread 0x0000028ebafe25e0 Unloading class 0x0000028ed3177c00 'java/lang/invoke/LambdaForm$MH+0x0000028ed3177c00'
Event: 252579.679 Thread 0x0000028ebafe25e0 Unloading class 0x0000028ed3176000 'java/lang/invoke/LambdaForm$MH+0x0000028ed3176000'
Event: 252579.679 Thread 0x0000028ebafe25e0 Unloading class 0x0000028ed3652400 'java/lang/invoke/LambdaForm$MH+0x0000028ed3652400'
Event: 252579.679 Thread 0x0000028ebafe25e0 Unloading class 0x0000028ed3017400 'java/lang/invoke/LambdaForm$MH+0x0000028ed3017400'

Classes redefined (0 events):
No events

Internal exceptions (20 events):
Event: 322941.535 Thread 0x0000028f1a108100 Exception <a 'sun/nio/fs/WindowsException'{0x00000000d57eb118}> (0x00000000d57eb118) 
thrown [s\src\hotspot\share\prims\jni.cpp, line 520]
Event: 322941.539 Thread 0x0000028f1a108100 Exception <a 'sun/nio/fs/WindowsException'{0x00000000d57eb9f0}> (0x00000000d57eb9f0) 
thrown [s\src\hotspot\share\prims\jni.cpp, line 520]
Event: 324133.872 Thread 0x0000028f1b2e7060 Exception <a 'sun/nio/fs/WindowsException'{0x00000000d5671bc8}> (0x00000000d5671bc8) 
thrown [s\src\hotspot\share\prims\jni.cpp, line 520]
Event: 324135.645 Thread 0x0000028f1b2e7060 Exception <a 'sun/nio/fs/WindowsException'{0x00000000d566cff0}> (0x00000000d566cff0) 
thrown [s\src\hotspot\share\prims\jni.cpp, line 520]
Event: 324254.438 Thread 0x0000028f1b2e7060 Exception <a 'sun/nio/fs/WindowsException'{0x00000000d5913c50}> (0x00000000d5913c50) 
thrown [s\src\hotspot\share\prims\jni.cpp, line 520]
Event: 324256.326 Thread 0x0000028f1b2e7060 Exception <a 'sun/nio/fs/WindowsException'{0x00000000d574afc8}> (0x00000000d574afc8) 
thrown [s\src\hotspot\share\prims\jni.cpp, line 520]
Event: 324433.790 Thread 0x0000028f1a104c80 Exception <a 'sun/nio/fs/WindowsException'{0x00000000d5582548}> (0x00000000d5582548) 
thrown [s\src\hotspot\share\prims\jni.cpp, line 520]
Event: 324433.792 Thread 0x0000028f1a104c80 Exception <a 'sun/nio/fs/WindowsException'{0x00000000d5582e40}> (0x00000000d5582e40) 
thrown [s\src\hotspot\share\prims\jni.cpp, line 520]
Event: 324851.360 Thread 0x0000028f1b2e7060 Exception <a 'sun/nio/fs/WindowsException'{0x00000000d56272d8}> (0x00000000d56272d8) 
thrown [s\src\hotspot\share\prims\jni.cpp, line 520]
Event: 324852.492 Thread 0x0000028f1b2e7060 Exception <a 'sun/nio/fs/WindowsException'{0x00000000d5587568}> (0x00000000d5587568) 
thrown [s\src\hotspot\share\prims\jni.cpp, line 520]
Event: 324909.334 Thread 0x0000028f1b2e7060 Exception <a 'sun/nio/fs/WindowsException'{0x00000000d587b828}> (0x00000000d587b828) 
thrown [s\src\hotspot\share\prims\jni.cpp, line 520]
Event: 324914.172 Thread 0x0000028f1b2e7060 Exception <a 'sun/nio/fs/WindowsException'{0x00000000d55915b0}> (0x00000000d55915b0) 
thrown [s\src\hotspot\share\prims\jni.cpp, line 520]
Event: 324925.368 Thread 0x0000028f1b2e7060 Exception <a 'sun/nio/fs/WindowsException'{0x00000000d55976f8}> (0x00000000d55976f8) 
thrown [s\src\hotspot\share\prims\jni.cpp, line 520]
Event: 324927.437 Thread 0x0000028f1b2e7060 Exception <a 'sun/nio/fs/WindowsException'{0x00000000d55b0808}> (0x00000000d55b0808) 
thrown [s\src\hotspot\share\prims\jni.cpp, line 520]
Event: 324935.350 Thread 0x0000028f1b2e7060 Exception <a 'sun/nio/fs/WindowsException'{0x00000000d55cfed0}> (0x00000000d55cfed0) 
thrown [s\src\hotspot\share\prims\jni.cpp, line 520]
Event: 324938.174 Thread 0x0000028f1b2e7060 Exception <a 'sun/nio/fs/WindowsException'{0x00000000d564e690}> (0x00000000d564e690) 
thrown [s\src\hotspot\share\prims\jni.cpp, line 520]
Event: 324953.508 Thread 0x0000028f1b2e7060 Exception <a 'sun/nio/fs/WindowsException'{0x00000000d573a9d0}> (0x00000000d573a9d0) 
thrown [s\src\hotspot\share\prims\jni.cpp, line 520]
Event: 324957.726 Thread 0x0000028f1b2e7060 Exception <a 'sun/nio/fs/WindowsException'{0x00000000d566a0c8}> (0x00000000d566a0c8) 
thrown [s\src\hotspot\share\prims\jni.cpp, line 520]
Event: 325150.587 Thread 0x0000028f1a108100 Exception <a 'sun/nio/fs/WindowsException'{0x00000000d57c4168}> (0x00000000d57c4168) 
thrown [s\src\hotspot\share\prims\jni.cpp, line 520]
Event: 325150.589 Thread 0x0000028f1a108100 Exception <a 'sun/nio/fs/WindowsException'{0x00000000d57c4cc8}> (0x00000000d57c4cc8) 
thrown [s\src\hotspot\share\prims\jni.cpp, line 520]

ZGC Phase Switch (0 events):
No events

VM Operations (20 events):
Event: 325150.842 Executing VM operation: ParallelGCFailedAllocation (Allocation Failure)
Event: 325150.872 Executing VM operation: ParallelGCFailedAllocation (Allocation Failure) done
Event: 325188.402 Executing VM operation: HandshakeAllThreads (HandshakeForDeflation)
Event: 325188.402 Executing VM operation: HandshakeAllThreads (HandshakeForDeflation) done
Event: 325188.402 Executing VM operation: RendezvousGCThreads
Event: 325188.402 Executing VM operation: RendezvousGCThreads done
Event: 325381.690 Executing VM operation: ParallelGCFailedAllocation (Allocation Failure)
Event: 325381.806 Executing VM operation: ParallelGCFailedAllocation (Allocation Failure) done
Event: 325382.814 Executing VM operation: Cleanup
Event: 325382.814 Executing VM operation: Cleanup done
Event: 325383.819 Executing VM operation: Cleanup
Event: 325383.819 Executing VM operation: Cleanup done
Event: 325384.023 Executing VM operation: ParallelGCFailedAllocation (Allocation Failure)
Event: 325384.035 Executing VM operation: ParallelGCFailedAllocation (Allocation Failure) done
Event: 325384.235 Executing VM operation: ParallelGCFailedAllocation (Allocation Failure)
Event: 325384.243 Executing VM operation: ParallelGCFailedAllocation (Allocation Failure) done
Event: 325385.069 Executing VM operation: ParallelGCFailedAllocation (Allocation Failure)
Event: 325385.076 Executing VM operation: ParallelGCFailedAllocation (Allocation Failure) done
Event: 325386.084 Executing VM operation: Cleanup
Event: 325386.084 Executing VM operation: Cleanup done

Memory protections (0 events):
No events

Nmethod flushes (20 events):
Event: 252684.457 Thread 0x0000028ebafe25e0 flushing  nmethod 0x0000028ec0322a10
Event: 252684.457 Thread 0x0000028ebafe25e0 flushing  nmethod 0x0000028ec0abec90
Event: 252684.457 Thread 0x0000028ebafe25e0 flushing  nmethod 0x0000028ec0be8390
Event: 252684.457 Thread 0x0000028ebafe25e0 flushing  nmethod 0x0000028ec0ed2190
Event: 252684.457 Thread 0x0000028ebafe25e0 flushing  nmethod 0x0000028ec1115210
Event: 252684.457 Thread 0x0000028ebafe25e0 flushing  nmethod 0x0000028ec11d4b90
Event: 252684.457 Thread 0x0000028ebafe25e0 flushing  nmethod 0x0000028ec1296190
Event: 252684.457 Thread 0x0000028ebafe25e0 flushing  nmethod 0x0000028ec131f910
Event: 252684.458 Thread 0x0000028ebafe25e0 flushing  nmethod 0x0000028ec13ba690
Event: 252684.458 Thread 0x0000028ebafe25e0 flushing  nmethod 0x0000028ec13c1e10
Event: 252684.458 Thread 0x0000028ebafe25e0 flushing  nmethod 0x0000028ec14cc990
Event: 252684.458 Thread 0x0000028ebafe25e0 flushing  nmethod 0x0000028ec16e8b90
Event: 252684.458 Thread 0x0000028ebafe25e0 flushing  nmethod 0x0000028ec177ef90
Event: 252684.458 Thread 0x0000028ebafe25e0 flushing  nmethod 0x0000028ec1783790
Event: 252684.458 Thread 0x0000028ebafe25e0 flushing  nmethod 0x0000028ec17c8190
Event: 252684.458 Thread 0x0000028ebafe25e0 flushing  nmethod 0x0000028ec17ca210
Event: 252684.458 Thread 0x0000028ebafe25e0 flushing  nmethod 0x0000028ec1867390
Event: 256236.872 Thread 0x0000028ebafe25e0 flushing  nmethod 0x0000028ebe3d3690
Event: 256236.874 Thread 0x0000028ebafe25e0 flushing  nmethod 0x0000028ebe91c490
Event: 256236.874 Thread 0x0000028ebafe25e0 flushing  nmethod 0x0000028ebee8cd90

Events (20 events):
Event: 325016.831 Thread 0x0000028f1a1059a0 Thread exited: 0x0000028f1a1059a0
Event: 325016.845 Thread 0x0000028f1a104c80 Thread exited: 0x0000028f1a104c80
Event: 325150.567 Thread 0x0000028f1a108100 Thread added: 0x0000028f1a104c80
Event: 325150.573 Thread 0x0000028f1a104c80 Thread exited: 0x0000028f1a104c80
Event: 325150.595 Thread 0x0000028f1a108100 Thread added: 0x0000028f1a104c80
Event: 325150.597 Thread 0x0000028f1a104c80 Thread exited: 0x0000028f1a104c80
Event: 325150.777 Thread 0x0000028f1a108100 Thread added: 0x0000028f1a1059a0
Event: 325150.995 Thread 0x0000028f1a109b40 Thread exited: 0x0000028f1a109b40
Event: 325209.553 Thread 0x0000028f1a108790 Thread exited: 0x0000028f1a108790
Event: 325210.784 Thread 0x0000028f1a1059a0 Thread exited: 0x0000028f1a1059a0
Event: 325225.421 Thread 0x0000028f1a10a860 Thread exited: 0x0000028f1a10a860
Event: 325235.383 Thread 0x0000028f1a107a70 Thread exited: 0x0000028f1a107a70
Event: 325253.578 Thread 0x0000028f1a10a1d0 Thread exited: 0x0000028f1a10a1d0
Event: 325380.933 Thread 0x0000028f1b7b1c60 Thread added: 0x0000028f1a107a70
Event: 325381.113 Thread 0x0000028f1b7b1c60 Thread added: 0x0000028f1a104c80
Event: 325381.152 Thread 0x0000028f1b7b1c60 Thread added: 0x0000028f1a108790
Event: 325381.189 Thread 0x0000028f1a104c80 Thread added: 0x0000028f1a1073e0
Event: 325381.440 Thread 0x0000028ebb01a340 Thread added: 0x0000028f1d068c40
Event: 325381.648 Thread 0x0000028f1b7b1c60 Thread added: 0x0000028f1a1059a0
Event: 325381.689 Thread 0x0000028f1b7b1c60 Thread added: 0x0000028f1a109b40


Dynamic libraries:
0x00007ff67ecc0000 - 0x00007ff67ecce000 	c:\Users\Sellspark_User\.vscode\extensions\redhat.java-1.52.0-win32-x64\jre\21.0.9-win32-x86_64\bin\java.exe
0x00007ff8c9e20000 - 0x00007ff8ca087000 	C:\WINDOWS\SYSTEM32\ntdll.dll
0x00007ff8c8740000 - 0x00007ff8c8809000 	C:\WINDOWS\System32\KERNEL32.DLL
0x00007ff8c74d0000 - 0x00007ff8c78bf000 	C:\WINDOWS\System32\KERNELBASE.dll
0x00007ff8c7000000 - 0x00007ff8c714b000 	C:\WINDOWS\System32\ucrtbase.dll
0x00007ff8b06b0000 - 0x00007ff8b06ce000 	c:\Users\Sellspark_User\.vscode\extensions\redhat.java-1.52.0-win32-x64\jre\21.0.9-win32-x86_64\bin\VCRUNTIME140.dll
0x00007ff8b0060000 - 0x00007ff8b0078000 	c:\Users\Sellspark_User\.vscode\extensions\redhat.java-1.52.0-win32-x64\jre\21.0.9-win32-x86_64\bin\jli.dll
0x00007ff8c9bc0000 - 0x00007ff8c9d85000 	C:\WINDOWS\System32\USER32.dll
0x00007ff8a6e30000 - 0x00007ff8a70c3000 	C:\WINDOWS\WinSxS\amd64_microsoft.windows.common-controls_6595b64144ccf1df_6.0.26100.7309_none_3e05feeae336a044\COMCTL32.dll
0x00007ff8c73f0000 - 0x00007ff8c7417000 	C:\WINDOWS\System32\win32u.dll
0x00007ff8c8690000 - 0x00007ff8c8739000 	C:\WINDOWS\System32\msvcrt.dll
0x00007ff8c85e0000 - 0x00007ff8c860b000 	C:\WINDOWS\System32\GDI32.dll
0x00007ff8c72c0000 - 0x00007ff8c73ec000 	C:\WINDOWS\System32\gdi32full.dll
0x00007ff8c7420000 - 0x00007ff8c74c3000 	C:\WINDOWS\System32\msvcp_win.dll
0x00007ff8c8e00000 - 0x00007ff8c8e31000 	C:\WINDOWS\System32\IMM32.DLL
0x00007ff8b2cb0000 - 0x00007ff8b2cbc000 	c:\Users\Sellspark_User\.vscode\extensions\redhat.java-1.52.0-win32-x64\jre\21.0.9-win32-x86_64\bin\vcruntime140_1.dll
0x00007ff891f70000 - 0x00007ff891ffd000 	c:\Users\Sellspark_User\.vscode\extensions\redhat.java-1.52.0-win32-x64\jre\21.0.9-win32-x86_64\bin\msvcp140.dll
0x00007ff855590000 - 0x00007ff856330000 	c:\Users\Sellspark_User\.vscode\extensions\redhat.java-1.52.0-win32-x64\jre\21.0.9-win32-x86_64\bin\server\jvm.dll
0x00007ff8c7d20000 - 0x00007ff8c7dd4000 	C:\WINDOWS\System32\ADVAPI32.dll
0x00007ff8c95e0000 - 0x00007ff8c9686000 	C:\WINDOWS\System32\sechost.dll
0x00007ff8c8960000 - 0x00007ff8c8a78000 	C:\WINDOWS\System32\RPCRT4.dll
0x00007ff8c7e00000 - 0x00007ff8c7e74000 	C:\WINDOWS\System32\WS2_32.dll
0x00007ff8c6dd0000 - 0x00007ff8c6e2e000 	C:\WINDOWS\SYSTEM32\POWRPROF.dll
0x00007ff8b4f60000 - 0x00007ff8b4f6b000 	C:\WINDOWS\SYSTEM32\VERSION.dll
0x00007ff8b0500000 - 0x00007ff8b0535000 	C:\WINDOWS\SYSTEM32\WINMM.dll
0x00007ff8c6db0000 - 0x00007ff8c6dc4000 	C:\WINDOWS\SYSTEM32\UMPDC.dll
0x00007ff8c5cf0000 - 0x00007ff8c5d0b000 	C:\WINDOWS\SYSTEM32\kernel.appcore.dll
0x00007ff8b2a00000 - 0x00007ff8b2a0a000 	c:\Users\Sellspark_User\.vscode\extensions\redhat.java-1.52.0-win32-x64\jre\21.0.9-win32-x86_64\bin\jimage.dll
0x00007ff8c4660000 - 0x00007ff8c48a2000 	C:\WINDOWS\SYSTEM32\DBGHELP.DLL
0x00007ff8c9070000 - 0x00007ff8c93f6000 	C:\WINDOWS\System32\combase.dll
0x00007ff8c9500000 - 0x00007ff8c95d6000 	C:\WINDOWS\System32\OLEAUT32.dll
0x00007ff8a7d90000 - 0x00007ff8a7dcc000 	C:\WINDOWS\SYSTEM32\dbgcore.DLL
0x00007ff8c7150000 - 0x00007ff8c71f5000 	C:\WINDOWS\System32\bcryptPrimitives.dll
0x00007ff8c12a0000 - 0x00007ff8c12af000 	c:\Users\Sellspark_User\.vscode\extensions\redhat.java-1.52.0-win32-x64\jre\21.0.9-win32-x86_64\bin\instrument.dll
0x00007ff8a8aa0000 - 0x00007ff8a8ac0000 	c:\Users\Sellspark_User\.vscode\extensions\redhat.java-1.52.0-win32-x64\jre\21.0.9-win32-x86_64\bin\java.dll
0x00007ff8c7e80000 - 0x00007ff8c85d3000 	C:\WINDOWS\System32\SHELL32.dll
0x00007ff8c78d0000 - 0x00007ff8c7a3a000 	C:\WINDOWS\System32\wintypes.dll
0x00007ff8c4b30000 - 0x00007ff8c538e000 	C:\WINDOWS\SYSTEM32\windows.storage.dll
0x00007ff8c7bc0000 - 0x00007ff8c7cb5000 	C:\WINDOWS\System32\SHCORE.dll
0x00007ff8c88d0000 - 0x00007ff8c8936000 	C:\WINDOWS\System32\shlwapi.dll
0x00007ff8c6e90000 - 0x00007ff8c6eb9000 	C:\WINDOWS\SYSTEM32\profapi.dll
0x00007ff8affc0000 - 0x00007ff8affd8000 	c:\Users\Sellspark_User\.vscode\extensions\redhat.java-1.52.0-win32-x64\jre\21.0.9-win32-x86_64\bin\zip.dll
0x00007ff8b12d0000 - 0x00007ff8b12e0000 	C:\Users\Sellspark_User\.vscode\extensions\redhat.java-1.52.0-win32-x64\jre\21.0.9-win32-x86_64\bin\net.dll
0x00007ff8bdce0000 - 0x00007ff8bde08000 	C:\WINDOWS\SYSTEM32\WINHTTP.dll
0x00007ff8c6270000 - 0x00007ff8c62db000 	C:\WINDOWS\system32\mswsock.dll
0x00007ff8a37f0000 - 0x00007ff8a3806000 	C:\Users\Sellspark_User\.vscode\extensions\redhat.java-1.52.0-win32-x64\jre\21.0.9-win32-x86_64\bin\nio.dll
0x00007ff8bb620000 - 0x00007ff8bb630000 	c:\Users\Sellspark_User\.vscode\extensions\redhat.java-1.52.0-win32-x64\jre\21.0.9-win32-x86_64\bin\verify.dll
0x00007ff8b0e70000 - 0x00007ff8b0eb5000 	C:\Users\Sellspark_User\AppData\Roaming\Code\User\globalStorage\redhat.java\1.52.0\config_win\org.eclipse.equinox.launcher\org.eclipse.equinox.launcher.win32.win32.x86_64_1.2.1500.v20260121-1430\eclipse_11919.dll
0x00007ff8c8a80000 - 0x00007ff8c8c17000 	C:\WINDOWS\System32\ole32.dll
0x00007ff8c6550000 - 0x00007ff8c656b000 	C:\WINDOWS\SYSTEM32\CRYPTSP.dll
0x00007ff8c5c50000 - 0x00007ff8c5c8a000 	C:\WINDOWS\system32\rsaenh.dll
0x00007ff8c6340000 - 0x00007ff8c636b000 	C:\WINDOWS\SYSTEM32\USERENV.dll
0x00007ff8c6e60000 - 0x00007ff8c6e8a000 	C:\WINDOWS\SYSTEM32\bcrypt.dll
0x00007ff8c6570000 - 0x00007ff8c657c000 	C:\WINDOWS\SYSTEM32\CRYPTBASE.dll
0x00007ff8c56e0000 - 0x00007ff8c5714000 	C:\WINDOWS\SYSTEM32\IPHLPAPI.DLL
0x00007ff8c8950000 - 0x00007ff8c895a000 	C:\WINDOWS\System32\NSI.dll
0x00007ff8b0b80000 - 0x00007ff8b0bc9000 	C:\Users\Sellspark_User\AppData\Local\Temp\jna--1513650945\jna15754105357104302532.dll
0x00007ff8c9060000 - 0x00007ff8c9068000 	C:\WINDOWS\System32\PSAPI.DLL
0x00007ff8bdf20000 - 0x00007ff8bdf3e000 	C:\WINDOWS\SYSTEM32\dhcpcsvc6.DLL
0x00007ff8bdef0000 - 0x00007ff8bdf13000 	C:\WINDOWS\SYSTEM32\dhcpcsvc.DLL
0x00007ff8c5e20000 - 0x00007ff8c5e56000 	C:\WINDOWS\SYSTEM32\ntmarta.dll
0x00007ff8c57d0000 - 0x00007ff8c58fc000 	C:\WINDOWS\SYSTEM32\DNSAPI.dll
0x00007ff8b6730000 - 0x00007ff8b673b000 	C:\Windows\System32\rasadhlp.dll
0x00007ff8be0e0000 - 0x00007ff8be166000 	C:\WINDOWS\System32\fwpuclnt.dll
0x00007ff8bf360000 - 0x00007ff8bf369000 	C:\Users\Sellspark_User\.vscode\extensions\redhat.java-1.52.0-win32-x64\jre\21.0.9-win32-x86_64\bin\extnet.dll
0x00007ff8c11c0000 - 0x00007ff8c11ce000 	C:\Users\Sellspark_User\.vscode\extensions\redhat.java-1.52.0-win32-x64\jre\21.0.9-win32-x86_64\bin\sunmscapi.dll
0x00007ff8c7a40000 - 0x00007ff8c7bb7000 	C:\WINDOWS\System32\CRYPT32.dll
0x00007ff8c6770000 - 0x00007ff8c67a0000 	C:\WINDOWS\SYSTEM32\ncrypt.dll
0x00007ff8c6720000 - 0x00007ff8c675f000 	C:\WINDOWS\SYSTEM32\NTASN1.dll

JVMTI agents:
c:\Users\Sellspark_User\.vscode\extensions\redhat.java-1.52.0-win32-x64\lombok\lombok-1.18.39-4050.jar path:c:\Users\Sellspark_User\.vscode\extensions\redhat.java-1.52.0-win32-x64\jre\21.0.9-win32-x86_64\bin\instrument.dll, loaded, initialized, instrumentlib options:none

dbghelp: loaded successfully - version: 4.0.5 - missing functions: none
symbol engine: initialized successfully - sym options: 0x614 - pdb path: .;c:\Users\Sellspark_User\.vscode\extensions\redhat.java-1.52.0-win32-x64\jre\21.0.9-win32-x86_64\bin;C:\WINDOWS\SYSTEM32;C:\WINDOWS\WinSxS\amd64_microsoft.windows.common-controls_6595b64144ccf1df_6.0.26100.7309_none_3e05feeae336a044;c:\Users\Sellspark_User\.vscode\extensions\redhat.java-1.52.0-win32-x64\jre\21.0.9-win32-x86_64\bin\server;C:\Users\Sellspark_User\AppData\Roaming\Code\User\globalStorage\redhat.java\1.52.0\config_win\org.eclipse.equinox.launcher\org.eclipse.equinox.launcher.win32.win32.x86_64_1.2.1500.v20260121-1430;C:\Users\Sellspark_User\AppData\Local\Temp\jna--1513650945

VM Arguments:
jvm_args: --add-modules=ALL-SYSTEM --add-opens=java.base/java.util=ALL-UNNAMED --add-opens=java.base/java.lang=ALL-UNNAMED --add-opens=java.base/sun.nio.fs=ALL-UNNAMED -Declipse.application=org.eclipse.jdt.ls.core.id1 -Dosgi.bundles.defaultStartLevel=4 -Declipse.product=org.eclipse.jdt.ls.core.product -Djava.import.generatesMetadataFilesAtProjectRoot=false -DDetectVMInstallationsJob.disabled=true -Dfile.encoding=utf8 -XX:+UseParallelGC -XX:GCTimeRatio=4 -XX:AdaptiveSizePolicyWeight=90 -Dsun.zip.disableMemoryMapping=true -Xmx2G -Xms100m -Xlog:disable -javaagent:c:\Users\Sellspark_User\.vscode\extensions\redhat.java-1.52.0-win32-x64\lombok\lombok-1.18.39-4050.jar -XX:+HeapDumpOnOutOfMemoryError -XX:HeapDumpPath=c:\Users\Sellspark_User\AppData\Roaming\Code\User\workspaceStorage\91656fe8d5632deead19094dba5d6109\redhat.java -Daether.dependencyCollector.impl=bf 
java_command: c:\Users\Sellspark_User\.vscode\extensions\redhat.java-1.52.0-win32-x64\server\plugins\org.eclipse.equinox.launcher_1.7.100.v20251111-0406.jar -configuration c:\Users\Sellspark_User\AppData\Roaming\Code\User\globalStorage\redhat.java\1.52.0\config_win -data c:\Users\Sellspark_User\AppData\Roaming\Code\User\workspaceStorage\91656fe8d5632deead19094dba5d6109\redhat.java\jdt_ws --pipe=\\.\pipe\lsp-9a368a9191863693e53f918a8765cd9e-sock
java_class_path (initial): c:\Users\Sellspark_User\.vscode\extensions\redhat.java-1.52.0-win32-x64\server\plugins\org.eclipse.equinox.launcher_1.7.100.v20251111-0406.jar
Launcher Type: SUN_STANDARD

[Global flags]
    uintx AdaptiveSizePolicyWeight                 = 90                                        {product} {command line}
     intx CICompilerCount                          = 4                                         {product} {ergonomic}
    uintx GCTimeRatio                              = 4                                         {product} {command line}
     bool HeapDumpOnOutOfMemoryError               = true                                   {manageable} {command line}
    ccstr HeapDumpPath                             = c:\Users\Sellspark_User\AppData\Roaming\Code\User\workspaceStorage\91656fe8d5632deead19094dba5d6109\redhat.java         {manageable} {command line}
   size_t InitialHeapSize                          = 104857600                                 {product} {command line}
   size_t MaxHeapSize                              = 2147483648                                {product} {command line}
   size_t MaxNewSize                               = 715653120                                 {product} {ergonomic}
   size_t MinHeapDeltaBytes                        = 524288                                    {product} {ergonomic}
   size_t MinHeapSize                              = 104857600                                 {product} {command line}
   size_t NewSize                                  = 34603008                                  {product} {ergonomic}
    uintx NonNMethodCodeHeapSize                   = 5839372                                {pd product} {ergonomic}
    uintx NonProfiledCodeHeapSize                  = 122909434                              {pd product} {ergonomic}
   size_t OldSize                                  = 70254592                                  {product} {ergonomic}
    uintx ProfiledCodeHeapSize                     = 122909434                              {pd product} {ergonomic}
    uintx ReservedCodeCacheSize                    = 251658240                              {pd product} {ergonomic}
     bool SegmentedCodeCache                       = true                                      {product} {ergonomic}
   size_t SoftMaxHeapSize                          = 2147483648                             {manageable} {ergonomic}
     bool UseCompressedOops                        = true                           {product lp64_product} {ergonomic}
     bool UseLargePagesIndividualAllocation        = false                                  {pd product} {ergonomic}
     bool UseParallelGC                            = true                                      {product} {command line}

Logging:
Log output configuration:
 #0: stdout all=off uptime,level,tags foldmultilines=false
 #1: stderr all=off uptime,level,tags foldmultilines=false

Release file:
JAVA_VERSION="21.0.9" 
MODULES="java.base java.compiler java.datatransfer java.xml java.prefs java.desktop java.instrument java.logging java.management java.security.sasl java.naming java.rmi java.management.rmi java.net.http java.scripting java.security.jgss java.transaction.xa java.sql java.sql.rowset java.xml.crypto java.se java.smartcardio jdk.accessibility jdk.internal.jvmstat jdk.attach jdk.charsets jdk.internal.opt jdk.zipfs jdk.compiler jdk.crypto.ec jdk.crypto.cryptoki jdk.crypto.mscapi jdk.dynalink jdk.internal.ed jdk.editpad jdk.hotspot.agent jdk.httpserver jdk.internal.le jdk.internal.vm.ci jdk.internal.vm.compiler jdk.internal.vm.compiler.management jdk.jartool jdk.javadoc jdk.jcmd jdk.management jdk.management.agent jdk.jconsole jdk.jdeps jdk.jdwp.agent jdk.jdi jdk.jfr jdk.jshell jdk.jsobject jdk.jstatd jdk.localedata jdk.management.jfr jdk.naming.dns jdk.naming.rmi jdk.net jdk.nio.mapmode jdk.random jdk.sctp jdk.security.auth jdk.security.jgss jdk.unsupported jdk.unsupported.desktop jdk.xml.dom" 

Environment Variables:
JAVA_HOME=C:\Program Files\Java\jdk-21.0.9
PATH=C:\WINDOWS\system32;C:\WINDOWS;C:\WINDOWS\System32\Wbem;C:\WINDOWS\System32\WindowsPowerShell\v1.0\;C:\WINDOWS\System32\OpenSSH\;C:\Program Files\Java\jdk-21.0.9\bin;;C:\ProgramData\chocolatey\bin;C:\Program Files\Docker\Docker\resources\bin;C:\Users\Sellspark_User\AppData\Local\Programs\Python\Python311-32\Scripts\;C:\Users\Sellspark_User\AppData\Local\Programs\Python\Python311-32\;C:\Users\Sellspark_User\AppData\Local\Programs\Python\Launcher\;C:\Users\Sellspark_User\AppData\Local\Microsoft\WindowsApps;C:\Users\Sellspark_User\AppData\Local\Programs\Microsoft VS Code\bin;C:\Users\Sellspark_User\AppData\Local\Programs\Git\cmd;C:\Users\Sellspark_User\AppData\Local\Programs\Antigravity\bin
USERNAME=Sellspark_User
OS=Windows_NT
PROCESSOR_IDENTIFIER=Intel64 Family 6 Model 140 Stepping 1, GenuineIntel
TMP=C:\Users\SELLSP~1\AppData\Local\Temp
TEMP=C:\Users\SELLSP~1\AppData\Local\Temp




Periodic native trim disabled

---------------  S Y S T E M  ---------------

OS:
 Windows 11 , 64 bit Build 26100 (10.0.26100.7623)
OS uptime: 10 days 12:05 hours
Hyper-V role detected

CPU: total 8 (initial active 8) (4 cores per cpu, 2 threads per core) family 6 model 140 stepping 1 microcode 0x8a, cx8, cmov, fxsr, ht, mmx, 3dnowpref, sse, sse2, sse3, ssse3, sse4.1, sse4.2, popcnt, lzcnt, tsc, tscinvbit, avx, avx2, aes, erms, clmul, bmi1, bmi2, adx, avx512f, avx512dq, avx512cd, avx512bw, avx512vl, sha, fma, vzeroupper, avx512_vpopcntdq, avx512_vpclmulqdq, avx512_vaes, avx512_vnni, clflush, clflushopt, clwb, avx512_vbmi2, avx512_vbmi, hv, rdtscp, rdpid, fsrm, gfni, avx512_bitalg, f16c, cet_ibt, cet_ss, avx512_ifma
Processor Information for the first 8 processors :
  Max Mhz: 2419, Current Mhz: 2419, Mhz Limit: 2419

Memory: 4k page, system-wide physical 7971M (436M free)
TotalPageFile size 22149M (AvailPageFile size 0M)
current process WorkingSet (physical memory assigned to process): 151M, peak: 700M
current process commit charge ("private bytes"): 1240M, peak: 1788M

vm_info: OpenJDK 64-Bit Server VM (21.0.9+10-LTS) for windows-amd64 JRE (21.0.9+10-LTS), built on 2025-10-21T00:00:00Z by "admin" with unknown MS VC++:1942

END.
