#
# There is insufficient memory for the Java Runtime Environment to continue.
# Native memory allocation (malloc) failed to allocate 1048576 bytes. Error detail: AllocateHeap
# Possible reasons:
#   The system is out of physical RAM or swap space
#   This process is running with CompressedOops enabled, and the Java Heap may be blocking the growth of the native heap
# Possible solutions:
#   Reduce memory load on the system
#   Increase physical memory or swap space
#   Check if swap backing store is full
#   Decrease Java heap size (-Xmx/-Xms)
#   Decrease number of Java threads
#   Decrease Java thread stack sizes (-Xss)
#   Set larger code cache with -XX:ReservedCodeCacheSize=
#   JVM is running with Unscaled Compressed Oops mode in which the Java heap is
#     placed in the first 4GB address space. The Java Heap base address is the
#     maximum limit for the native heap growth. Please use -XX:HeapBaseMinAddress
#     to set the Java Heap base and to place the Java Heap above 4GB virtual address.
# This output file may be truncated or incomplete.
#
#  Out of Memory Error (allocation.cpp:44), pid=2332, tid=23432
#
# JRE version: OpenJDK Runtime Environment Temurin-21.0.9+10 (21.0.9+10) (build 21.0.9+10-LTS)
# Java VM: OpenJDK 64-Bit Server VM Temurin-21.0.9+10 (21.0.9+10-LTS, mixed mode, sharing, tiered, compressed oops, compressed class ptrs, parallel gc, windows-amd64)
# No core dump will be written. Minidumps are not enabled by default on client versions of Windows
#

---------------  S U M M A R Y ------------

Command Line: --add-modules=ALL-SYSTEM --add-opens=java.base/java.util=ALL-UNNAMED --add-opens=java.base/java.lang=ALL-UNNAMED --add-opens=java.base/sun.nio.fs=ALL-UNNAMED -Declipse.application=org.eclipse.jdt.ls.core.id1 -Dosgi.bundles.defaultStartLevel=4 -Declipse.product=org.eclipse.jdt.ls.core.product -Djava.import.generatesMetadataFilesAtProjectRoot=false -DDetectVMInstallationsJob.disabled=true -Dfile.encoding=utf8 -XX:+UseParallelGC -XX:GCTimeRatio=4 -XX:AdaptiveSizePolicyWeight=90 -Dsun.zip.disableMemoryMapping=true -Xmx2G -Xms100m -Xlog:disable -javaagent:c:\Users\Sellspark_User\.vscode\extensions\redhat.java-1.52.0-win32-x64\lombok\lombok-1.18.39-4050.jar -XX:+HeapDumpOnOutOfMemoryError -XX:HeapDumpPath=c:\Users\Sellspark_User\AppData\Roaming\Code\User\workspaceStorage\91656fe8d5632deead19094dba5d6109\redhat.java -Daether.dependencyCollector.impl=bf c:\Users\Sellspark_User\.vscode\extensions\redhat.java-1.52.0-win32-x64\server\plugins\org.eclipse.equinox.launcher_1.7.100.v20251111-0406.jar -configuration c:\Users\Sellspark_User\AppData\Roaming\Code\User\globalStorage\redhat.java\1.52.0\config_win -data c:\Users\Sellspark_User\AppData\Roaming\Code\User\workspaceStorage\91656fe8d5632deead19094dba5d6109\redhat.java\jdt_ws --pipe=\\.\pipe\lsp-4681c18230bb6baf06b37db402ec1d0a-sock

Host: 11th Gen Intel(R) Core(TM) i5-1135G7 @ 2.40GHz, 8 cores, 7G,  Windows 11 , 64 bit Build 26100 (10.0.26100.7623)
Time: Tue Feb  3 17:03:36 2026 India Standard Time elapsed time: 23255.022826 seconds (0d 6h 27m 35s)

---------------  T H R E A D  ---------------

Current thread (0x000001e0e4466c50):  JavaThread "Attach Listener" daemon [_thread_in_vm, id=23432, stack(0x000000036ae00000,0x000000036af00000) (1024K)]

Stack: [0x000000036ae00000,0x000000036af00000]
Native frames: (J=compiled Java code, j=interpreted, Vv=VM code, C=native code)
V  [jvm.dll+0x6d6e29]
V  [jvm.dll+0x8b4b76]
V  [jvm.dll+0x8b712e]
V  [jvm.dll+0x8b7813]
V  [jvm.dll+0x283d86]
V  [jvm.dll+0xc1277]
V  [jvm.dll+0x6d76d9]
V  [jvm.dll+0x133466]
V  [jvm.dll+0x3f7ea6]
V  [jvm.dll+0x85e9ad]
V  [jvm.dll+0x6d565d]
C  [ucrtbase.dll+0x37b0]
C  [KERNEL32.DLL+0x2e8d7]
C  [ntdll.dll+0x8c53c]


---------------  P R O C E S S  ---------------

Threads class SMR info:
_java_thread_list=0x000001e0d62f24c0, length=35, elements={
0x000001e0e44ed7a0, 0x000001e0e445e4e0, 0x000001e0e445f2f0, 0x000001e0e4466200,
0x000001e0e4466c50, 0x000001e0e44676a0, 0x000001e0e4469650, 0x000001e0e448e9e0,
0x000001e0e449bd30, 0x000001e0fc901ba0, 0x000001e0fca634b0, 0x000001e0fca857f0,
0x000001e0fccf6e40, 0x000001e0fccdb410, 0x000001e0e21ed020, 0x000001e0fdc1f770,
0x000001e0fdfcbba0, 0x000001e0fdfcb510, 0x000001e0fdfcc230, 0x000001e0fdfcc8c0,
0x000001e0c5574a50, 0x000001e0c55750e0, 0x000001e0c55743c0, 0x000001e0c5575770,
0x000001e0c55722f0, 0x000001e0c5575e00, 0x000001e0c5572980, 0x000001e0c5576490,
0x000001e0c5573010, 0x000001e0c5576b20, 0x000001e0c55771b0, 0x000001e0c5573d30,
0x000001e0c5d63480, 0x000001e0c5d620d0, 0x000001e0c5d613b0
}

Java Threads: ( => current thread )
  0x000001e0e44ed7a0 JavaThread "main"                              [_thread_blocked, id=13872, stack(0x000000036a700000,0x000000036a800000) (1024K)]
  0x000001e0e445e4e0 JavaThread "Reference Handler"          daemon [_thread_blocked, id=1508, stack(0x000000036ab00000,0x000000036ac00000) (1024K)]
  0x000001e0e445f2f0 JavaThread "Finalizer"                  daemon [_thread_blocked, id=21608, stack(0x000000036ac00000,0x000000036ad00000) (1024K)]
  0x000001e0e4466200 JavaThread "Signal Dispatcher"          daemon [_thread_blocked, id=24752, stack(0x000000036ad00000,0x000000036ae00000) (1024K)]
=>0x000001e0e4466c50 JavaThread "Attach Listener"            daemon [_thread_in_vm, id=23432, stack(0x000000036ae00000,0x000000036af00000) (1024K)]
  0x000001e0e44676a0 JavaThread "Service Thread"             daemon [_thread_blocked, id=19668, stack(0x000000036af00000,0x000000036b000000) (1024K)]
  0x000001e0e4469650 JavaThread "Monitor Deflation Thread"   daemon [_thread_blocked, id=10968, stack(0x000000036b000000,0x000000036b100000) (1024K)]
  0x000001e0e448e9e0 JavaThread "C2 CompilerThread0"         daemon [_thread_blocked, id=19632, stack(0x000000036b100000,0x000000036b200000) (1024K)]
  0x000001e0e449bd30 JavaThread "C1 CompilerThread0"         daemon [_thread_blocked, id=14088, stack(0x000000036b200000,0x000000036b300000) (1024K)]
  0x000001e0fc901ba0 JavaThread "Common-Cleaner"             daemon [_thread_blocked, id=7444, stack(0x000000036b300000,0x000000036b400000) (1024K)]
  0x000001e0fca634b0 JavaThread "Notification Thread"        daemon [_thread_blocked, id=25884, stack(0x000000036b400000,0x000000036b500000) (1024K)]
  0x000001e0fca857f0 JavaThread "Active Thread: Equinox Container: 7309ad5f-d349-4561-8760-2184bf769d52"        [_thread_blocked, id=19500, stack(0x000000036c100000,0x000000036c200000) (1024K)]
  0x000001e0fccf6e40 JavaThread "Framework Event Dispatcher: Equinox Container: 7309ad5f-d349-4561-8760-2184bf769d52" daemon [_thread_blocked, id=21892, stack(0x000000036bb00000,0x000000036bc00000) (1024K)]
  0x000001e0fccdb410 JavaThread "Start Level: Equinox Container: 7309ad5f-d349-4561-8760-2184bf769d52" daemon [_thread_blocked, id=24640, stack(0x000000036bc00000,0x000000036bd00000) (1024K)]
  0x000001e0e21ed020 JavaThread "Bundle File Closer"         daemon [_thread_blocked, id=11372, stack(0x000000036a400000,0x000000036a500000) (1024K)]
  0x000001e0fdc1f770 JavaThread "Refresh Thread: Equinox Container: 7309ad5f-d349-4561-8760-2184bf769d52" daemon [_thread_blocked, id=22544, stack(0x000000036a500000,0x000000036a600000) (1024K)]
  0x000001e0fdfcbba0 JavaThread "SCR Component Actor"        daemon [_thread_blocked, id=19708, stack(0x000000036be00000,0x000000036bf00000) (1024K)]
  0x000001e0fdfcb510 JavaThread "Worker-JM"                         [_thread_blocked, id=15564, stack(0x000000036bf00000,0x000000036c000000) (1024K)]
  0x000001e0fdfcc230 JavaThread "JNA Cleaner"                daemon [_thread_blocked, id=20916, stack(0x000000036c000000,0x000000036c100000) (1024K)]
  0x000001e0fdfcc8c0 JavaThread "Java indexing"              daemon [_thread_blocked, id=18968, stack(0x000000036c700000,0x000000036c800000) (1024K)]
  0x000001e0c5574a50 JavaThread "Thread-1"                   daemon [_thread_in_native, id=16304, stack(0x000000036ce00000,0x000000036cf00000) (1024K)]
  0x000001e0c55750e0 JavaThread "Thread-2"                   daemon [_thread_in_native, id=7472, stack(0x000000036cf00000,0x000000036d000000) (1024K)]
  0x000001e0c55743c0 JavaThread "Thread-3"                   daemon [_thread_in_native, id=13740, stack(0x000000036d000000,0x000000036d100000) (1024K)]
  0x000001e0c5575770 JavaThread "Thread-4"                   daemon [_thread_in_native, id=24748, stack(0x000000036d100000,0x000000036d200000) (1024K)]
  0x000001e0c55722f0 JavaThread "Thread-5"                   daemon [_thread_in_native, id=5888, stack(0x000000036d200000,0x000000036d300000) (1024K)]
  0x000001e0c5575e00 JavaThread "Thread-6"                   daemon [_thread_in_native, id=23952, stack(0x000000036d300000,0x000000036d400000) (1024K)]
  0x000001e0c5572980 JavaThread "Thread-7"                   daemon [_thread_in_native, id=20064, stack(0x000000036d400000,0x000000036d500000) (1024K)]
  0x000001e0c5576490 JavaThread "Thread-8"                   daemon [_thread_in_native, id=708, stack(0x000000036d500000,0x000000036d600000) (1024K)]
  0x000001e0c5573010 JavaThread "Thread-9"                   daemon [_thread_in_native, id=25860, stack(0x000000036d600000,0x000000036d700000) (1024K)]
  0x000001e0c5576b20 JavaThread "pool-2-thread-1"                   [_thread_blocked, id=5220, stack(0x000000036d700000,0x000000036d800000) (1024K)]
  0x000001e0c55771b0 JavaThread "WorkspaceEventsHandler"            [_thread_blocked, id=15336, stack(0x000000036d800000,0x000000036d900000) (1024K)]
  0x000001e0c5573d30 JavaThread "pool-1-thread-1"                   [_thread_blocked, id=26388, stack(0x000000036d900000,0x000000036da00000) (1024K)]
  0x000001e0c5d63480 JavaThread "Cleaner-0"                  daemon [_thread_blocked, id=24340, stack(0x000000036c500000,0x000000036c600000) (1024K)]
  0x000001e0c5d620d0 JavaThread "Worker-127"                        [_thread_blocked, id=9956, stack(0x000000036bd00000,0x000000036be00000) (1024K)]
  0x000001e0c5d613b0 JavaThread "Worker-134"                        [_thread_blocked, id=7896, stack(0x000000036c600000,0x000000036c700000) (1024K)]
Total: 35

Other Threads:
  0x000001e0e45ae8a0 VMThread "VM Thread"                           [id=13364, stack(0x000000036aa00000,0x000000036ab00000) (1024K)]
  0x000001e0e4559760 WatcherThread "VM Periodic Task Thread"        [id=2544, stack(0x000000036a900000,0x000000036aa00000) (1024K)]
  0x000001e0e450c4f0 WorkerThread "GC Thread#0"                     [id=8108, stack(0x000000036a800000,0x000000036a900000) (1024K)]
  0x000001e0fd101460 WorkerThread "GC Thread#1"                     [id=18812, stack(0x000000036b500000,0x000000036b600000) (1024K)]
  0x000001e0fd101800 WorkerThread "GC Thread#2"                     [id=7524, stack(0x000000036b600000,0x000000036b700000) (1024K)]
  0x000001e0fcbf79c0 WorkerThread "GC Thread#3"                     [id=22972, stack(0x000000036b700000,0x000000036b800000) (1024K)]
  0x000001e0fcbf7d60 WorkerThread "GC Thread#4"                     [id=11796, stack(0x000000036b800000,0x000000036b900000) (1024K)]
  0x000001e0fcbf8100 WorkerThread "GC Thread#5"                     [id=23704, stack(0x000000036b900000,0x000000036ba00000) (1024K)]
  0x000001e0fcbf84a0 WorkerThread "GC Thread#6"                     [id=9248, stack(0x000000036ba00000,0x000000036bb00000) (1024K)]
  0x000001e0fc783750 WorkerThread "GC Thread#7"                     [id=23220, stack(0x000000036a600000,0x000000036a700000) (1024K)]
Total: 10

Threads with active compile tasks:
Total: 0

VM state: not at safepoint (normal execution)

VM Mutex/Monitor currently owned by a thread: None

Heap address: 0x0000000080000000, size: 2048 MB, Compressed Oops mode: 32-bit

CDS archive(s) mapped at: [0x000001e080000000-0x000001e080ba0000-0x000001e080ba0000), size 12189696, SharedBaseAddress: 0x000001e080000000, ArchiveRelocationMode: 1.
Compressed class space mapped at: 0x000001e081000000-0x000001e0c1000000, reserved size: 1073741824
Narrow klass base: 0x000001e080000000, Narrow klass shift: 0, Narrow klass range: 0x100000000

GC Precious Log:
 CardTable entry size: 512
 CPUs: 8 total, 8 available
 Memory: 7971M
 Large Page Support: Disabled
 NUMA Support: Disabled
 Compressed Oops: Enabled (32-bit)
 Alignments: Space 512K, Generation 512K, Heap 2M
 Heap Min Capacity: 100M
 Heap Initial Capacity: 100M
 Heap Max Capacity: 2G
 Pre-touch: Disabled
 Parallel Workers: 8

Heap:
 PSYoungGen      total 3072K, used 740K [0x00000000d5580000, 0x00000000d5980000, 0x0000000100000000)
  eden space 2560K, 13% used [0x00000000d5580000,0x00000000d55d5260,0x00000000d5800000)
  from space 512K, 78% used [0x00000000d5880000,0x00000000d58e4030,0x00000000d5900000)
  to   space 512K, 0% used [0x00000000d5900000,0x00000000d5900000,0x00000000d5980000)
 ParOldGen       total 1225728K, used 1225243K [0x0000000080000000, 0x00000000cad00000, 0x00000000d5580000)
  object space 1225728K, 99% used [0x0000000080000000,0x00000000cac86c88,0x00000000cad00000)
 Metaspace       used 87941K, committed 89792K, reserved 1179648K
  class space    used 8624K, committed 9472K, reserved 1048576K

Card table byte_map: [0x000001e0e3e90000,0x000001e0e42a0000] _byte_map_base: 0x000001e0e3a90000

Marking Bits: (ParMarkBitMap*) 0x00007ff856252460
 Begin Bits: [0x000001e0f69a0000, 0x000001e0f89a0000)
 End Bits:   [0x000001e0f89a0000, 0x000001e0fa9a0000)

Polling page: 0x000001e0e2350000

Metaspace:

Usage:
  Non-class:     77.46 MB used.
      Class:      8.42 MB used.
       Both:     85.88 MB used.

Virtual space:
  Non-class space:      128.00 MB reserved,      78.44 MB ( 61%) committed,  2 nodes.
      Class space:        1.00 GB reserved,       9.25 MB ( <1%) committed,  1 nodes.
             Both:        1.12 GB reserved,      87.69 MB (  8%) committed. 

Chunk freelists:
   Non-Class:  764.00 KB
       Class:  6.63 MB
        Both:  7.38 MB

MaxMetaspaceSize: unlimited
CompressedClassSpaceSize: 1.00 GB
Initial GC threshold: 21.00 MB
Current GC threshold: 144.06 MB
CDS: on
 - commit_granule_bytes: 65536.
 - commit_granule_words: 8192.
 - virtual_space_node_default_size: 8388608.
 - enlarge_chunks_in_place: 1.
 - use_allocation_guard: 0.


Internal statistics:

num_allocs_failed_limit: 9.
num_arena_births: 1846.
num_arena_deaths: 34.
num_vsnodes_births: 3.
num_vsnodes_deaths: 0.
num_space_committed: 1403.
num_space_uncommitted: 0.
num_chunks_returned_to_freelist: 52.
num_chunks_taken_from_freelist: 6333.
num_chunk_merges: 21.
num_chunk_splits: 3665.
num_chunks_enlarged: 1792.
num_inconsistent_stats: 0.

CodeHeap 'non-profiled nmethods': size=120000Kb used=39365Kb max_used=39365Kb free=80634Kb
 bounds [0x000001e0ef1c0000, 0x000001e0f1840000, 0x000001e0f66f0000]
CodeHeap 'profiled nmethods': size=120000Kb used=70199Kb max_used=70199Kb free=49800Kb
 bounds [0x000001e0e76f0000, 0x000001e0ebb80000, 0x000001e0eec20000]
CodeHeap 'non-nmethods': size=5760Kb used=1525Kb max_used=1615Kb free=4234Kb
 bounds [0x000001e0eec20000, 0x000001e0eee90000, 0x000001e0ef1c0000]
CodeCache: size=245760Kb, used=111089Kb, max_used=111179Kb, free=134668Kb
 total_blobs=26909, nmethods=26075, adapters=738, full_count=0
Compilation: enabled, stopped_count=0, restarted_count=0

Compilation events (20 events):
Event: 22565.520 Thread 0x000001e0e449bd30 28031       1       org.apache.maven.shared.filtering.AbstractMavenFilteringRequest::setAdditionalProperties (6 bytes)
Event: 22565.521 Thread 0x000001e0e449bd30 nmethod 28031 0x000001e0f182f490 code [0x000001e0f182f620, 0x000001e0f182f700]
Event: 22565.521 Thread 0x000001e0e449bd30 28032       1       org.apache.maven.shared.filtering.MavenResourcesExecution::setPropertiesEncoding (6 bytes)
Event: 22565.521 Thread 0x000001e0e449bd30 nmethod 28032 0x000001e0f182f790 code [0x000001e0f182f920, 0x000001e0f182fa00]
Event: 22565.521 Thread 0x000001e0e449bd30 28033       1       org.apache.maven.shared.filtering.MavenResourcesExecution::isUseDefaultFilterWrappers (5 bytes)
Event: 22565.521 Thread 0x000001e0e449bd30 nmethod 28033 0x000001e0f182fa90 code [0x000001e0f182fc20, 0x000001e0f182fcf0]
Event: 22565.521 Thread 0x000001e0e449bd30 28034       1       org.apache.maven.shared.filtering.MavenResourcesExecution::setFilterWrappers (6 bytes)
Event: 22565.521 Thread 0x000001e0e449bd30 nmethod 28034 0x000001e0f182fd90 code [0x000001e0f182ff20, 0x000001e0f1830000]
Event: 22625.772 Thread 0x000001e0e449bd30 28035  s    3       org.eclipse.core.internal.jobs.WorkerPool::remove (71 bytes)
Event: 22625.775 Thread 0x000001e0e449bd30 nmethod 28035 0x000001e0ebb7c890 code [0x000001e0ebb7ca80, 0x000001e0ebb7cff8]
Event: 22845.638 Thread 0x000001e0e449bd30 28036 %     3       com.sun.org.apache.xerces.internal.impl.XMLDocumentFragmentScannerImpl$ElementStack2::<init> @ 20 (59 bytes)
Event: 22845.642 Thread 0x000001e0e449bd30 nmethod 28036% 0x000001e0ebb7d190 code [0x000001e0ebb7d380, 0x000001e0ebb7d9b8]
Event: 22845.686 Thread 0x000001e0e449bd30 28037       3       java.io.ObjectOutputStream$HandleTable::growEntries (58 bytes)
Event: 22845.686 Thread 0x000001e0e449bd30 nmethod 28037 0x000001e0ebb7dc10 code [0x000001e0ebb7dde0, 0x000001e0ebb7e1e8]
Event: 22845.702 Thread 0x000001e0e448e9e0 28038       4       org.eclipse.core.runtime.SubMonitor::worked (22 bytes)
Event: 22845.722 Thread 0x000001e0e448e9e0 nmethod 28038 0x000001e0f1830090 code [0x000001e0f1830260, 0x000001e0f18304e0]
Event: 22845.866 Thread 0x000001e0e448e9e0 28039       4       org.eclipse.core.internal.resources.Container::getFile (22 bytes)
Event: 22845.944 Thread 0x000001e0e448e9e0 nmethod 28039 0x000001e0f1830710 code [0x000001e0f1830900, 0x000001e0f1830e18]
Event: 23021.451 Thread 0x000001e0e448e9e0 28040       4       java.util.concurrent.ScheduledThreadPoolExecutor$ScheduledFutureTask::getDelay (16 bytes)
Event: 23021.471 Thread 0x000001e0e448e9e0 nmethod 28040 0x000001e0f1831290 code [0x000001e0f1831440, 0x000001e0f18315d8]

GC Heap History (20 events):
Event: 22546.139 GC heap before
{Heap before GC invocations=4457 (full 4):
 PSYoungGen      total 3072K, used 2720K [0x00000000d5580000, 0x00000000d5980000, 0x0000000100000000)
  eden space 2560K, 100% used [0x00000000d5580000,0x00000000d5800000,0x00000000d5800000)
  from space 512K, 31% used [0x00000000d5880000,0x00000000d58a8000,0x00000000d5900000)
  to   space 512K, 0% used [0x00000000d5900000,0x00000000d5900000,0x00000000d5980000)
 ParOldGen       total 1224704K, used 1224627K [0x0000000080000000, 0x00000000cac00000, 0x00000000d5580000)
  object space 1224704K, 99% used [0x0000000080000000,0x00000000cabecc88,0x00000000cac00000)
 Metaspace       used 87892K, committed 89728K, reserved 1179648K
  class space    used 8615K, committed 9472K, reserved 1048576K
}
Event: 22546.144 GC heap after
{Heap after GC invocations=4457 (full 4):
 PSYoungGen      total 3072K, used 224K [0x00000000d5580000, 0x00000000d5980000, 0x0000000100000000)
  eden space 2560K, 0% used [0x00000000d5580000,0x00000000d5580000,0x00000000d5800000)
  from space 512K, 43% used [0x00000000d5900000,0x00000000d5938000,0x00000000d5980000)
  to   space 512K, 0% used [0x00000000d5880000,0x00000000d5880000,0x00000000d5900000)
 ParOldGen       total 1224704K, used 1224699K [0x0000000080000000, 0x00000000cac00000, 0x00000000d5580000)
  object space 1224704K, 99% used [0x0000000080000000,0x00000000cabfec88,0x00000000cac00000)
 Metaspace       used 87892K, committed 89728K, reserved 1179648K
  class space    used 8615K, committed 9472K, reserved 1048576K
}
Event: 22546.208 GC heap before
{Heap before GC invocations=4458 (full 4):
 PSYoungGen      total 3072K, used 2784K [0x00000000d5580000, 0x00000000d5980000, 0x0000000100000000)
  eden space 2560K, 100% used [0x00000000d5580000,0x00000000d5800000,0x00000000d5800000)
  from space 512K, 43% used [0x00000000d5900000,0x00000000d5938000,0x00000000d5980000)
  to   space 512K, 0% used [0x00000000d5880000,0x00000000d5880000,0x00000000d5900000)
 ParOldGen       total 1224704K, used 1224699K [0x0000000080000000, 0x00000000cac00000, 0x00000000d5580000)
  object space 1224704K, 99% used [0x0000000080000000,0x00000000cabfec88,0x00000000cac00000)
 Metaspace       used 87892K, committed 89728K, reserved 1179648K
  class space    used 8615K, committed 9472K, reserved 1048576K
}
Event: 22546.211 GC heap after
{Heap after GC invocations=4458 (full 4):
 PSYoungGen      total 3072K, used 320K [0x00000000d5580000, 0x00000000d5980000, 0x0000000100000000)
  eden space 2560K, 0% used [0x00000000d5580000,0x00000000d5580000,0x00000000d5800000)
  from space 512K, 62% used [0x00000000d5880000,0x00000000d58d0000,0x00000000d5900000)
  to   space 512K, 0% used [0x00000000d5900000,0x00000000d5900000,0x00000000d5980000)
 ParOldGen       total 1225216K, used 1224763K [0x0000000080000000, 0x00000000cac80000, 0x00000000d5580000)
  object space 1225216K, 99% used [0x0000000080000000,0x00000000cac0ec88,0x00000000cac80000)
 Metaspace       used 87892K, committed 89728K, reserved 1179648K
  class space    used 8615K, committed 9472K, reserved 1048576K
}
Event: 22546.272 GC heap before
{Heap before GC invocations=4459 (full 4):
 PSYoungGen      total 3072K, used 2880K [0x00000000d5580000, 0x00000000d5980000, 0x0000000100000000)
  eden space 2560K, 100% used [0x00000000d5580000,0x00000000d5800000,0x00000000d5800000)
  from space 512K, 62% used [0x00000000d5880000,0x00000000d58d0000,0x00000000d5900000)
  to   space 512K, 0% used [0x00000000d5900000,0x00000000d5900000,0x00000000d5980000)
 ParOldGen       total 1225216K, used 1224763K [0x0000000080000000, 0x00000000cac80000, 0x00000000d5580000)
  object space 1225216K, 99% used [0x0000000080000000,0x00000000cac0ec88,0x00000000cac80000)
 Metaspace       used 87892K, committed 89728K, reserved 1179648K
  class space    used 8615K, committed 9472K, reserved 1048576K
}
Event: 22546.275 GC heap after
{Heap after GC invocations=4459 (full 4):
 PSYoungGen      total 3072K, used 288K [0x00000000d5580000, 0x00000000d5980000, 0x0000000100000000)
  eden space 2560K, 0% used [0x00000000d5580000,0x00000000d5580000,0x00000000d5800000)
  from space 512K, 56% used [0x00000000d5900000,0x00000000d5948000,0x00000000d5980000)
  to   space 512K, 0% used [0x00000000d5880000,0x00000000d5880000,0x00000000d5900000)
 ParOldGen       total 1225216K, used 1224843K [0x0000000080000000, 0x00000000cac80000, 0x00000000d5580000)
  object space 1225216K, 99% used [0x0000000080000000,0x00000000cac22c88,0x00000000cac80000)
 Metaspace       used 87892K, committed 89728K, reserved 1179648K
  class space    used 8615K, committed 9472K, reserved 1048576K
}
Event: 22565.322 GC heap before
{Heap before GC invocations=4460 (full 4):
 PSYoungGen      total 3072K, used 2848K [0x00000000d5580000, 0x00000000d5980000, 0x0000000100000000)
  eden space 2560K, 100% used [0x00000000d5580000,0x00000000d5800000,0x00000000d5800000)
  from space 512K, 56% used [0x00000000d5900000,0x00000000d5948000,0x00000000d5980000)
  to   space 512K, 0% used [0x00000000d5880000,0x00000000d5880000,0x00000000d5900000)
 ParOldGen       total 1225216K, used 1224843K [0x0000000080000000, 0x00000000cac80000, 0x00000000d5580000)
  object space 1225216K, 99% used [0x0000000080000000,0x00000000cac22c88,0x00000000cac80000)
 Metaspace       used 87894K, committed 89728K, reserved 1179648K
  class space    used 8615K, committed 9472K, reserved 1048576K
}
Event: 22565.332 GC heap after
{Heap after GC invocations=4460 (full 4):
 PSYoungGen      total 3072K, used 304K [0x00000000d5580000, 0x00000000d5980000, 0x0000000100000000)
  eden space 2560K, 0% used [0x00000000d5580000,0x00000000d5580000,0x00000000d5800000)
  from space 512K, 59% used [0x00000000d5880000,0x00000000d58cc010,0x00000000d5900000)
  to   space 512K, 0% used [0x00000000d5900000,0x00000000d5900000,0x00000000d5980000)
 ParOldGen       total 1225216K, used 1224843K [0x0000000080000000, 0x00000000cac80000, 0x00000000d5580000)
  object space 1225216K, 99% used [0x0000000080000000,0x00000000cac22c88,0x00000000cac80000)
 Metaspace       used 87894K, committed 89728K, reserved 1179648K
  class space    used 8615K, committed 9472K, reserved 1048576K
}
Event: 22565.469 GC heap before
{Heap before GC invocations=4461 (full 4):
 PSYoungGen      total 3072K, used 2864K [0x00000000d5580000, 0x00000000d5980000, 0x0000000100000000)
  eden space 2560K, 100% used [0x00000000d5580000,0x00000000d5800000,0x00000000d5800000)
  from space 512K, 59% used [0x00000000d5880000,0x00000000d58cc010,0x00000000d5900000)
  to   space 512K, 0% used [0x00000000d5900000,0x00000000d5900000,0x00000000d5980000)
 ParOldGen       total 1225216K, used 1224843K [0x0000000080000000, 0x00000000cac80000, 0x00000000d5580000)
  object space 1225216K, 99% used [0x0000000080000000,0x00000000cac22c88,0x00000000cac80000)
 Metaspace       used 87901K, committed 89728K, reserved 1179648K
  class space    used 8616K, committed 9472K, reserved 1048576K
}
Event: 22565.476 GC heap after
{Heap after GC invocations=4461 (full 4):
 PSYoungGen      total 3072K, used 320K [0x00000000d5580000, 0x00000000d5980000, 0x0000000100000000)
  eden space 2560K, 0% used [0x00000000d5580000,0x00000000d5580000,0x00000000d5800000)
  from space 512K, 62% used [0x00000000d5900000,0x00000000d5950000,0x00000000d5980000)
  to   space 512K, 0% used [0x00000000d5880000,0x00000000d5880000,0x00000000d5900000)
 ParOldGen       total 1225216K, used 1224955K [0x0000000080000000, 0x00000000cac80000, 0x00000000d5580000)
  object space 1225216K, 99% used [0x0000000080000000,0x00000000cac3ec88,0x00000000cac80000)
 Metaspace       used 87901K, committed 89728K, reserved 1179648K
  class space    used 8616K, committed 9472K, reserved 1048576K
}
Event: 22565.580 GC heap before
{Heap before GC invocations=4462 (full 4):
 PSYoungGen      total 3072K, used 2880K [0x00000000d5580000, 0x00000000d5980000, 0x0000000100000000)
  eden space 2560K, 100% used [0x00000000d5580000,0x00000000d5800000,0x00000000d5800000)
  from space 512K, 62% used [0x00000000d5900000,0x00000000d5950000,0x00000000d5980000)
  to   space 512K, 0% used [0x00000000d5880000,0x00000000d5880000,0x00000000d5900000)
 ParOldGen       total 1225216K, used 1224955K [0x0000000080000000, 0x00000000cac80000, 0x00000000d5580000)
  object space 1225216K, 99% used [0x0000000080000000,0x00000000cac3ec88,0x00000000cac80000)
 Metaspace       used 87941K, committed 89792K, reserved 1179648K
  class space    used 8624K, committed 9472K, reserved 1048576K
}
Event: 22565.584 GC heap after
{Heap after GC invocations=4462 (full 4):
 PSYoungGen      total 3072K, used 192K [0x00000000d5580000, 0x00000000d5980000, 0x0000000100000000)
  eden space 2560K, 0% used [0x00000000d5580000,0x00000000d5580000,0x00000000d5800000)
  from space 512K, 37% used [0x00000000d5880000,0x00000000d58b0000,0x00000000d5900000)
  to   space 512K, 0% used [0x00000000d5900000,0x00000000d5900000,0x00000000d5980000)
 ParOldGen       total 1225216K, used 1225075K [0x0000000080000000, 0x00000000cac80000, 0x00000000d5580000)
  object space 1225216K, 99% used [0x0000000080000000,0x00000000cac5cc88,0x00000000cac80000)
 Metaspace       used 87941K, committed 89792K, reserved 1179648K
  class space    used 8624K, committed 9472K, reserved 1048576K
}
Event: 22565.634 GC heap before
{Heap before GC invocations=4463 (full 4):
 PSYoungGen      total 3072K, used 2752K [0x00000000d5580000, 0x00000000d5980000, 0x0000000100000000)
  eden space 2560K, 100% used [0x00000000d5580000,0x00000000d5800000,0x00000000d5800000)
  from space 512K, 37% used [0x00000000d5880000,0x00000000d58b0000,0x00000000d5900000)
  to   space 512K, 0% used [0x00000000d5900000,0x00000000d5900000,0x00000000d5980000)
 ParOldGen       total 1225216K, used 1225075K [0x0000000080000000, 0x00000000cac80000, 0x00000000d5580000)
  object space 1225216K, 99% used [0x0000000080000000,0x00000000cac5cc88,0x00000000cac80000)
 Metaspace       used 87941K, committed 89792K, reserved 1179648K
  class space    used 8624K, committed 9472K, reserved 1048576K
}
Event: 22565.637 GC heap after
{Heap after GC invocations=4463 (full 4):
 PSYoungGen      total 3072K, used 288K [0x00000000d5580000, 0x00000000d5980000, 0x0000000100000000)
  eden space 2560K, 0% used [0x00000000d5580000,0x00000000d5580000,0x00000000d5800000)
  from space 512K, 56% used [0x00000000d5900000,0x00000000d5948000,0x00000000d5980000)
  to   space 512K, 0% used [0x00000000d5880000,0x00000000d5880000,0x00000000d5900000)
 ParOldGen       total 1225216K, used 1225155K [0x0000000080000000, 0x00000000cac80000, 0x00000000d5580000)
  object space 1225216K, 99% used [0x0000000080000000,0x00000000cac70c88,0x00000000cac80000)
 Metaspace       used 87941K, committed 89792K, reserved 1179648K
  class space    used 8624K, committed 9472K, reserved 1048576K
}
Event: 22565.679 GC heap before
{Heap before GC invocations=4464 (full 4):
 PSYoungGen      total 3072K, used 2848K [0x00000000d5580000, 0x00000000d5980000, 0x0000000100000000)
  eden space 2560K, 100% used [0x00000000d5580000,0x00000000d5800000,0x00000000d5800000)
  from space 512K, 56% used [0x00000000d5900000,0x00000000d5948000,0x00000000d5980000)
  to   space 512K, 0% used [0x00000000d5880000,0x00000000d5880000,0x00000000d5900000)
 ParOldGen       total 1225216K, used 1225155K [0x0000000080000000, 0x00000000cac80000, 0x00000000d5580000)
  object space 1225216K, 99% used [0x0000000080000000,0x00000000cac70c88,0x00000000cac80000)
 Metaspace       used 87941K, committed 89792K, reserved 1179648K
  class space    used 8624K, committed 9472K, reserved 1048576K
}
Event: 22565.682 GC heap after
{Heap after GC invocations=4464 (full 4):
 PSYoungGen      total 3072K, used 256K [0x00000000d5580000, 0x00000000d5980000, 0x0000000100000000)
  eden space 2560K, 0% used [0x00000000d5580000,0x00000000d5580000,0x00000000d5800000)
  from space 512K, 50% used [0x00000000d5880000,0x00000000d58c0000,0x00000000d5900000)
  to   space 512K, 0% used [0x00000000d5900000,0x00000000d5900000,0x00000000d5980000)
 ParOldGen       total 1225216K, used 1225195K [0x0000000080000000, 0x00000000cac80000, 0x00000000d5580000)
  object space 1225216K, 99% used [0x0000000080000000,0x00000000cac7ac88,0x00000000cac80000)
 Metaspace       used 87941K, committed 89792K, reserved 1179648K
  class space    used 8624K, committed 9472K, reserved 1048576K
}
Event: 22565.754 GC heap before
{Heap before GC invocations=4465 (full 4):
 PSYoungGen      total 3072K, used 2816K [0x00000000d5580000, 0x00000000d5980000, 0x0000000100000000)
  eden space 2560K, 100% used [0x00000000d5580000,0x00000000d5800000,0x00000000d5800000)
  from space 512K, 50% used [0x00000000d5880000,0x00000000d58c0000,0x00000000d5900000)
  to   space 512K, 0% used [0x00000000d5900000,0x00000000d5900000,0x00000000d5980000)
 ParOldGen       total 1225216K, used 1225195K [0x0000000080000000, 0x00000000cac80000, 0x00000000d5580000)
  object space 1225216K, 99% used [0x0000000080000000,0x00000000cac7ac88,0x00000000cac80000)
 Metaspace       used 87941K, committed 89792K, reserved 1179648K
  class space    used 8624K, committed 9472K, reserved 1048576K
}
Event: 22565.758 GC heap after
{Heap after GC invocations=4465 (full 4):
 PSYoungGen      total 3072K, used 288K [0x00000000d5580000, 0x00000000d5980000, 0x0000000100000000)
  eden space 2560K, 0% used [0x00000000d5580000,0x00000000d5580000,0x00000000d5800000)
  from space 512K, 56% used [0x00000000d5900000,0x00000000d5948000,0x00000000d5980000)
  to   space 512K, 0% used [0x00000000d5880000,0x00000000d5880000,0x00000000d5900000)
 ParOldGen       total 1225728K, used 1225243K [0x0000000080000000, 0x00000000cad00000, 0x00000000d5580000)
  object space 1225728K, 99% used [0x0000000080000000,0x00000000cac86c88,0x00000000cad00000)
 Metaspace       used 87941K, committed 89792K, reserved 1179648K
  class space    used 8624K, committed 9472K, reserved 1048576K
}
Event: 22845.870 GC heap before
{Heap before GC invocations=4466 (full 4):
 PSYoungGen      total 3072K, used 2848K [0x00000000d5580000, 0x00000000d5980000, 0x0000000100000000)
  eden space 2560K, 100% used [0x00000000d5580000,0x00000000d5800000,0x00000000d5800000)
  from space 512K, 56% used [0x00000000d5900000,0x00000000d5948000,0x00000000d5980000)
  to   space 512K, 0% used [0x00000000d5880000,0x00000000d5880000,0x00000000d5900000)
 ParOldGen       total 1225728K, used 1225243K [0x0000000080000000, 0x00000000cad00000, 0x00000000d5580000)
  object space 1225728K, 99% used [0x0000000080000000,0x00000000cac86c88,0x00000000cad00000)
 Metaspace       used 87941K, committed 89792K, reserved 1179648K
  class space    used 8624K, committed 9472K, reserved 1048576K
}
Event: 22845.923 GC heap after
{Heap after GC invocations=4466 (full 4):
 PSYoungGen      total 3072K, used 400K [0x00000000d5580000, 0x00000000d5980000, 0x0000000100000000)
  eden space 2560K, 0% used [0x00000000d5580000,0x00000000d5580000,0x00000000d5800000)
  from space 512K, 78% used [0x00000000d5880000,0x00000000d58e4030,0x00000000d5900000)
  to   space 512K, 0% used [0x00000000d5900000,0x00000000d5900000,0x00000000d5980000)
 ParOldGen       total 1225728K, used 1225243K [0x0000000080000000, 0x00000000cad00000, 0x00000000d5580000)
  object space 1225728K, 99% used [0x0000000080000000,0x00000000cac86c88,0x00000000cad00000)
 Metaspace       used 87941K, committed 89792K, reserved 1179648K
  class space    used 8624K, committed 9472K, reserved 1048576K
}

Dll operation events (12 events):
Event: 0.424 Loaded shared library c:\Users\Sellspark_User\.vscode\extensions\redhat.java-1.52.0-win32-x64\jre\21.0.9-win32-x86_64\bin\java.dll
Event: 5.497 Loaded shared library c:\Users\Sellspark_User\.vscode\extensions\redhat.java-1.52.0-win32-x64\jre\21.0.9-win32-x86_64\bin\zip.dll
Event: 5.579 Loaded shared library C:\Users\Sellspark_User\.vscode\extensions\redhat.java-1.52.0-win32-x64\jre\21.0.9-win32-x86_64\bin\instrument.dll
Event: 5.675 Loaded shared library C:\Users\Sellspark_User\.vscode\extensions\redhat.java-1.52.0-win32-x64\jre\21.0.9-win32-x86_64\bin\net.dll
Event: 5.790 Loaded shared library C:\Users\Sellspark_User\.vscode\extensions\redhat.java-1.52.0-win32-x64\jre\21.0.9-win32-x86_64\bin\nio.dll
Event: 5.801 Loaded shared library C:\Users\Sellspark_User\.vscode\extensions\redhat.java-1.52.0-win32-x64\jre\21.0.9-win32-x86_64\bin\zip.dll
Event: 5.877 Loaded shared library C:\Users\Sellspark_User\.vscode\extensions\redhat.java-1.52.0-win32-x64\jre\21.0.9-win32-x86_64\bin\jimage.dll
Event: 6.266 Loaded shared library c:\Users\Sellspark_User\.vscode\extensions\redhat.java-1.52.0-win32-x64\jre\21.0.9-win32-x86_64\bin\verify.dll
Event: 62.566 Loaded shared library C:\Users\Sellspark_User\AppData\Roaming\Code\User\globalStorage\redhat.java\1.52.0\config_win\org.eclipse.equinox.launcher\org.eclipse.equinox.launcher.win32.win32.x86_64_1.2.1500.v20260121-1430\eclipse_11919.dll
Event: 117.913 Loaded shared library C:\Users\Sellspark_User\AppData\Local\Temp\jna--1513650945\jna8246679569847313643.dll
Event: 129.385 Loaded shared library C:\Users\Sellspark_User\.vscode\extensions\redhat.java-1.52.0-win32-x64\jre\21.0.9-win32-x86_64\bin\sunmscapi.dll
Event: 130.026 Loaded shared library C:\Users\Sellspark_User\.vscode\extensions\redhat.java-1.52.0-win32-x64\jre\21.0.9-win32-x86_64\bin\extnet.dll

Deoptimization events (20 events):
Event: 19187.085 Thread 0x000001e0c5d64ec0 DEOPT PACKING pc=0x000001e0f17d6b3c sp=0x000000036c4fe9f0
Event: 19187.090 Thread 0x000001e0c5d64ec0 DEOPT UNPACKING pc=0x000001e0eec76da2 sp=0x000000036c4fe9d8 mode 2
Event: 19189.584 Thread 0x000001e0fdfcc8c0 Uncommon trap: trap_request=0xffffffd6 fr.pc=0x000001e0f17e2158 relative=0x0000000000001558
Event: 19189.584 Thread 0x000001e0fdfcc8c0 Uncommon trap: reason=array_check action=maybe_recompile pc=0x000001e0f17e2158 method=java.util.TimSort.mergeHi(IIII)V @ 524 c2
Event: 19189.584 Thread 0x000001e0fdfcc8c0 DEOPT PACKING pc=0x000001e0f17e2158 sp=0x000000036c7fe510
Event: 19189.584 Thread 0x000001e0fdfcc8c0 DEOPT UNPACKING pc=0x000001e0eec76da2 sp=0x000000036c7fe4f8 mode 2
Event: 19189.597 Thread 0x000001e0fdfcc8c0 Uncommon trap: trap_request=0xffffffd6 fr.pc=0x000001e0f17e2158 relative=0x0000000000001558
Event: 19189.597 Thread 0x000001e0fdfcc8c0 Uncommon trap: reason=array_check action=maybe_recompile pc=0x000001e0f17e2158 method=java.util.TimSort.mergeHi(IIII)V @ 524 c2
Event: 19189.597 Thread 0x000001e0fdfcc8c0 DEOPT PACKING pc=0x000001e0f17e2158 sp=0x000000036c7fe380
Event: 19189.597 Thread 0x000001e0fdfcc8c0 DEOPT UNPACKING pc=0x000001e0eec76da2 sp=0x000000036c7fe368 mode 2
Event: 19189.755 Thread 0x000001e0fdfcc8c0 Uncommon trap: trap_request=0xffffffd6 fr.pc=0x000001e0f17e73b8 relative=0x00000000000016b8
Event: 19189.756 Thread 0x000001e0fdfcc8c0 Uncommon trap: reason=array_check action=maybe_recompile pc=0x000001e0f17e73b8 method=java.util.TimSort.mergeHi(IIII)V @ 657 c2
Event: 19189.756 Thread 0x000001e0fdfcc8c0 DEOPT PACKING pc=0x000001e0f17e73b8 sp=0x000000036c7fe480
Event: 19189.756 Thread 0x000001e0fdfcc8c0 DEOPT UNPACKING pc=0x000001e0eec76da2 sp=0x000000036c7fe468 mode 2
Event: 19189.765 Thread 0x000001e0fdfcc8c0 Uncommon trap: trap_request=0xffffffd6 fr.pc=0x000001e0f17e73b8 relative=0x00000000000016b8
Event: 19189.765 Thread 0x000001e0fdfcc8c0 Uncommon trap: reason=array_check action=maybe_recompile pc=0x000001e0f17e73b8 method=java.util.TimSort.mergeHi(IIII)V @ 657 c2
Event: 19189.765 Thread 0x000001e0fdfcc8c0 DEOPT PACKING pc=0x000001e0f17e73b8 sp=0x000000036c7fe0e0
Event: 19189.765 Thread 0x000001e0fdfcc8c0 DEOPT UNPACKING pc=0x000001e0eec76da2 sp=0x000000036c7fe0c8 mode 2
Event: 20736.961 Thread 0x000001e0c5d64830 DEOPT PACKING pc=0x000001e0e7ac29a2 sp=0x000000036bdfed80
Event: 20736.962 Thread 0x000001e0c5d64830 DEOPT UNPACKING pc=0x000001e0eec778e2 sp=0x000000036bdfe228 mode 0

Classes loaded (20 events):
Event: 2168.658 Loading class jdk/internal/module/IllegalAccessLogger
Event: 2168.659 Loading class jdk/internal/module/IllegalAccessLogger done
Event: 8145.637 Loading class jdk/internal/module/IllegalAccessLogger
Event: 8145.637 Loading class jdk/internal/module/IllegalAccessLogger done
Event: 8224.907 Loading class jdk/internal/module/IllegalAccessLogger
Event: 8224.907 Loading class jdk/internal/module/IllegalAccessLogger done
Event: 9809.768 Loading class jdk/internal/module/IllegalAccessLogger
Event: 9809.769 Loading class jdk/internal/module/IllegalAccessLogger done
Event: 9813.666 Loading class jdk/internal/module/IllegalAccessLogger
Event: 9813.666 Loading class jdk/internal/module/IllegalAccessLogger done
Event: 9870.988 Loading class jdk/internal/module/IllegalAccessLogger
Event: 9870.988 Loading class jdk/internal/module/IllegalAccessLogger done
Event: 9890.704 Loading class jdk/internal/module/IllegalAccessLogger
Event: 9890.704 Loading class jdk/internal/module/IllegalAccessLogger done
Event: 18759.840 Loading class jdk/internal/module/IllegalAccessLogger
Event: 18759.841 Loading class jdk/internal/module/IllegalAccessLogger done
Event: 18971.470 Loading class jdk/internal/module/IllegalAccessLogger
Event: 18971.471 Loading class jdk/internal/module/IllegalAccessLogger done
Event: 19186.674 Loading class jdk/internal/module/IllegalAccessLogger
Event: 19186.675 Loading class jdk/internal/module/IllegalAccessLogger done

Classes unloaded (17 events):
Event: 122.293 Thread 0x000001e0e45ae8a0 Unloading class 0x000001e0811b1000 'java/lang/invoke/LambdaForm$MH+0x000001e0811b1000'
Event: 122.293 Thread 0x000001e0e45ae8a0 Unloading class 0x000001e0811b0c00 'java/lang/invoke/LambdaForm$MH+0x000001e0811b0c00'
Event: 122.293 Thread 0x000001e0e45ae8a0 Unloading class 0x000001e0811b0800 'java/lang/invoke/LambdaForm$MH+0x000001e0811b0800'
Event: 122.293 Thread 0x000001e0e45ae8a0 Unloading class 0x000001e0811b0400 'java/lang/invoke/LambdaForm$MH+0x000001e0811b0400'
Event: 122.293 Thread 0x000001e0e45ae8a0 Unloading class 0x000001e0811b0000 'java/lang/invoke/LambdaForm$BMH+0x000001e0811b0000'
Event: 122.293 Thread 0x000001e0e45ae8a0 Unloading class 0x000001e0811afc00 'java/lang/invoke/LambdaForm$DMH+0x000001e0811afc00'
Event: 122.293 Thread 0x000001e0e45ae8a0 Unloading class 0x000001e0811ae800 'java/lang/invoke/LambdaForm$DMH+0x000001e0811ae800'
Event: 1047.048 Thread 0x000001e0e45ae8a0 Unloading class 0x000001e0817b0800 'java/lang/invoke/LambdaForm$DMH+0x000001e0817b0800'
Event: 1047.048 Thread 0x000001e0e45ae8a0 Unloading class 0x000001e0817b0000 'java/lang/invoke/LambdaForm$DMH+0x000001e0817b0000'
Event: 1047.048 Thread 0x000001e0e45ae8a0 Unloading class 0x000001e08170d000 'java/lang/invoke/LambdaForm$MH+0x000001e08170d000'
Event: 1047.049 Thread 0x000001e0e45ae8a0 Unloading class 0x000001e08170cc00 'java/lang/invoke/LambdaForm$MH+0x000001e08170cc00'
Event: 1047.049 Thread 0x000001e0e45ae8a0 Unloading class 0x000001e08170c800 'java/lang/invoke/LambdaForm$MH+0x000001e08170c800'
Event: 1047.049 Thread 0x000001e0e45ae8a0 Unloading class 0x000001e08170c400 'java/lang/invoke/LambdaForm$MH+0x000001e08170c400'
Event: 1047.049 Thread 0x000001e0e45ae8a0 Unloading class 0x000001e08170c000 'java/lang/invoke/LambdaForm$MH+0x000001e08170c000'
Event: 1047.049 Thread 0x000001e0e45ae8a0 Unloading class 0x000001e081704800 'java/lang/invoke/LambdaForm$MH+0x000001e081704800'
Event: 1047.049 Thread 0x000001e0e45ae8a0 Unloading class 0x000001e0816f8c00 'java/lang/invoke/LambdaForm$MH+0x000001e0816f8c00'
Event: 1047.049 Thread 0x000001e0e45ae8a0 Unloading class 0x000001e081704000 'java/lang/invoke/LambdaForm$MH+0x000001e081704000'

Classes redefined (0 events):
No events

Internal exceptions (20 events):
Event: 19058.801 Thread 0x000001e0c5d641a0 Exception <a 'sun/nio/fs/WindowsException'{0x00000000d577ee28}> (0x00000000d577ee28) 
thrown [s\src\hotspot\share\prims\jni.cpp, line 520]
Event: 19058.805 Thread 0x000001e0c5d641a0 Exception <a 'sun/nio/fs/WindowsException'{0x00000000d577f720}> (0x00000000d577f720) 
thrown [s\src\hotspot\share\prims\jni.cpp, line 520]
Event: 19186.615 Thread 0x000001e0fdfcc8c0 Exception <a 'sun/nio/fs/WindowsException'{0x00000000d5616318}> (0x00000000d5616318) 
thrown [s\src\hotspot\share\prims\jni.cpp, line 520]
Event: 19187.855 Thread 0x000001e0fdfcc8c0 Exception <a 'sun/nio/fs/WindowsException'{0x00000000d566a078}> (0x00000000d566a078) 
thrown [s\src\hotspot\share\prims\jni.cpp, line 520]
Event: 19486.414 Thread 0x000001e0c5d64830 Exception <a 'sun/nio/fs/WindowsException'{0x00000000d55e8c10}> (0x00000000d55e8c10) 
thrown [s\src\hotspot\share\prims\jni.cpp, line 520]
Event: 19486.418 Thread 0x000001e0c5d64830 Exception <a 'sun/nio/fs/WindowsException'{0x00000000d55e9508}> (0x00000000d55e9508) 
thrown [s\src\hotspot\share\prims\jni.cpp, line 520]
Event: 20048.705 Thread 0x000001e0c5d63b10 Exception <a 'sun/nio/fs/WindowsException'{0x00000000d56f1bb8}> (0x00000000d56f1bb8) 
thrown [s\src\hotspot\share\prims\jni.cpp, line 520]
Event: 20048.707 Thread 0x000001e0c5d63b10 Exception <a 'sun/nio/fs/WindowsException'{0x00000000d56f2490}> (0x00000000d56f2490) 
thrown [s\src\hotspot\share\prims\jni.cpp, line 520]
Event: 20736.949 Thread 0x000001e0c5d64830 Exception <a 'sun/nio/fs/WindowsException'{0x00000000d5685c20}> (0x00000000d5685c20) 
thrown [s\src\hotspot\share\prims\jni.cpp, line 520]
Event: 20736.949 Thread 0x000001e0c5d64830 Exception <a 'sun/nio/fs/WindowsException'{0x00000000d5686518}> (0x00000000d5686518) 
thrown [s\src\hotspot\share\prims\jni.cpp, line 520]
Event: 21122.671 Thread 0x000001e0c5d67620 Exception <a 'sun/nio/fs/WindowsException'{0x00000000d5761a80}> (0x00000000d5761a80) 
thrown [s\src\hotspot\share\prims\jni.cpp, line 520]
Event: 21122.672 Thread 0x000001e0c5d67620 Exception <a 'sun/nio/fs/WindowsException'{0x00000000d5762608}> (0x00000000d5762608) 
thrown [s\src\hotspot\share\prims\jni.cpp, line 520]
Event: 21460.864 Thread 0x000001e0c5d620d0 Exception <a 'sun/nio/fs/WindowsException'{0x00000000d55b2c78}> (0x00000000d55b2c78) 
thrown [s\src\hotspot\share\prims\jni.cpp, line 520]
Event: 21460.865 Thread 0x000001e0c5d620d0 Exception <a 'sun/nio/fs/WindowsException'{0x00000000d55b3550}> (0x00000000d55b3550) 
thrown [s\src\hotspot\share\prims\jni.cpp, line 520]
Event: 21981.577 Thread 0x000001e0c5d63b10 Exception <a 'sun/nio/fs/WindowsException'{0x00000000d5793ca0}> (0x00000000d5793ca0) 
thrown [s\src\hotspot\share\prims\jni.cpp, line 520]
Event: 21981.578 Thread 0x000001e0c5d63b10 Exception <a 'sun/nio/fs/WindowsException'{0x00000000d5794578}> (0x00000000d5794578) 
thrown [s\src\hotspot\share\prims\jni.cpp, line 520]
Event: 22476.226 Thread 0x000001e0c5d620d0 Exception <a 'sun/nio/fs/WindowsException'{0x00000000d579aed0}> (0x00000000d579aed0) 
thrown [s\src\hotspot\share\prims\jni.cpp, line 520]
Event: 22476.226 Thread 0x000001e0c5d620d0 Exception <a 'sun/nio/fs/WindowsException'{0x00000000d579b7a8}> (0x00000000d579b7a8) 
thrown [s\src\hotspot\share\prims\jni.cpp, line 520]
Event: 22845.668 Thread 0x000001e0c5d613b0 Exception <a 'sun/nio/fs/WindowsException'{0x00000000d566c1e8}> (0x00000000d566c1e8) 
thrown [s\src\hotspot\share\prims\jni.cpp, line 520]
Event: 22845.669 Thread 0x000001e0c5d613b0 Exception <a 'sun/nio/fs/WindowsException'{0x00000000d566cae0}> (0x00000000d566cae0) 
thrown [s\src\hotspot\share\prims\jni.cpp, line 520]

ZGC Phase Switch (0 events):
No events

VM Operations (20 events):
Event: 22565.634 Executing VM operation: ParallelGCFailedAllocation (Allocation Failure)
Event: 22565.637 Executing VM operation: ParallelGCFailedAllocation (Allocation Failure) done
Event: 22565.679 Executing VM operation: ParallelGCFailedAllocation (Allocation Failure)
Event: 22565.682 Executing VM operation: ParallelGCFailedAllocation (Allocation Failure) done
Event: 22565.754 Executing VM operation: ParallelGCFailedAllocation (Allocation Failure)
Event: 22565.758 Executing VM operation: ParallelGCFailedAllocation (Allocation Failure) done
Event: 22592.458 Executing VM operation: HandshakeAllThreads (HandshakeForDeflation)
Event: 22592.458 Executing VM operation: HandshakeAllThreads (HandshakeForDeflation) done
Event: 22592.458 Executing VM operation: RendezvousGCThreads
Event: 22592.458 Executing VM operation: RendezvousGCThreads done
Event: 22652.634 Executing VM operation: HandshakeAllThreads (HandshakeForDeflation)
Event: 22652.634 Executing VM operation: HandshakeAllThreads (HandshakeForDeflation) done
Event: 22652.634 Executing VM operation: RendezvousGCThreads
Event: 22652.634 Executing VM operation: RendezvousGCThreads done
Event: 22845.870 Executing VM operation: ParallelGCFailedAllocation (Allocation Failure)
Event: 22845.924 Executing VM operation: ParallelGCFailedAllocation (Allocation Failure) done
Event: 22892.823 Executing VM operation: HandshakeAllThreads (HandshakeForDeflation)
Event: 22892.823 Executing VM operation: HandshakeAllThreads (HandshakeForDeflation) done
Event: 22892.823 Executing VM operation: RendezvousGCThreads
Event: 22892.823 Executing VM operation: RendezvousGCThreads done

Memory protections (0 events):
No events

Nmethod flushes (20 events):
Event: 1048.313 Thread 0x000001e0e45ae8a0 flushing  nmethod 0x000001e0e8834710
Event: 1048.313 Thread 0x000001e0e45ae8a0 flushing  nmethod 0x000001e0e8834a90
Event: 1048.313 Thread 0x000001e0e45ae8a0 flushing  nmethod 0x000001e0e883be90
Event: 1048.313 Thread 0x000001e0e45ae8a0 flushing  nmethod 0x000001e0e8853690
Event: 1048.313 Thread 0x000001e0e45ae8a0 flushing  nmethod 0x000001e0e88c1110
Event: 1048.313 Thread 0x000001e0e45ae8a0 flushing  nmethod 0x000001e0e88f2010
Event: 1048.313 Thread 0x000001e0e45ae8a0 flushing  nmethod 0x000001e0e88f6a90
Event: 1048.313 Thread 0x000001e0e45ae8a0 flushing  nmethod 0x000001e0e88f7410
Event: 1048.313 Thread 0x000001e0e45ae8a0 flushing  nmethod 0x000001e0e88f7c10
Event: 1048.313 Thread 0x000001e0e45ae8a0 flushing  nmethod 0x000001e0e88f8090
Event: 1048.313 Thread 0x000001e0e45ae8a0 flushing  nmethod 0x000001e0e88f8710
Event: 1048.313 Thread 0x000001e0e45ae8a0 flushing  nmethod 0x000001e0e88faf90
Event: 1048.313 Thread 0x000001e0e45ae8a0 flushing  nmethod 0x000001e0e8903490
Event: 1048.314 Thread 0x000001e0e45ae8a0 flushing  nmethod 0x000001e0e89ae490
Event: 1048.314 Thread 0x000001e0e45ae8a0 flushing  nmethod 0x000001e0e89afe10
Event: 1048.314 Thread 0x000001e0e45ae8a0 flushing  nmethod 0x000001e0e89b1b90
Event: 1048.314 Thread 0x000001e0e45ae8a0 flushing  nmethod 0x000001e0e89bdc10
Event: 1048.314 Thread 0x000001e0e45ae8a0 flushing  nmethod 0x000001e0e89c1290
Event: 1048.314 Thread 0x000001e0e45ae8a0 flushing  nmethod 0x000001e0e89c1610
Event: 1048.314 Thread 0x000001e0e45ae8a0 flushing  nmethod 0x000001e0e89c1990

Events (20 events):
Event: 22461.023 Thread 0x000001e0c5d64830 Thread exited: 0x000001e0c5d64830
Event: 22461.023 Thread 0x000001e0c5d63b10 Thread exited: 0x000001e0c5d63b10
Event: 22463.930 Thread 0x000001e0c5d620d0 Thread added: 0x000001e0c5d63b10
Event: 22464.583 Thread 0x000001e0c5d613b0 Thread added: 0x000001e0c5d67620
Event: 22476.215 Thread 0x000001e0c5d620d0 Thread added: 0x000001e0c5d66900
Event: 22476.216 Thread 0x000001e0c5d66900 Thread exited: 0x000001e0c5d66900
Event: 22476.228 Thread 0x000001e0c5d620d0 Thread added: 0x000001e0c5d66900
Event: 22476.229 Thread 0x000001e0c5d66900 Thread exited: 0x000001e0c5d66900
Event: 22536.350 Thread 0x000001e0c5d613b0 Thread exited: 0x000001e0c5d613b0
Event: 22536.350 Thread 0x000001e0c5d63b10 Thread exited: 0x000001e0c5d63b10
Event: 22546.296 Thread 0x000001e0c5d67620 Thread added: 0x000001e0c5d63b10
Event: 22565.191 Thread 0x000001e0c5d67620 Thread added: 0x000001e0c5d641a0
Event: 22565.771 Thread 0x000001e0c5d67620 Thread added: 0x000001e0c5d613b0
Event: 22625.773 Thread 0x000001e0c5d63b10 Thread exited: 0x000001e0c5d63b10
Event: 22625.773 Thread 0x000001e0c5d641a0 Thread exited: 0x000001e0c5d641a0
Event: 22625.774 Thread 0x000001e0c5d67620 Thread exited: 0x000001e0c5d67620
Event: 22845.659 Thread 0x000001e0c5d613b0 Thread added: 0x000001e0c5d63b10
Event: 22845.662 Thread 0x000001e0c5d63b10 Thread exited: 0x000001e0c5d63b10
Event: 22845.672 Thread 0x000001e0c5d613b0 Thread added: 0x000001e0c5d63b10
Event: 22845.672 Thread 0x000001e0c5d63b10 Thread exited: 0x000001e0c5d63b10


Dynamic libraries:
0x00007ff67ecc0000 - 0x00007ff67ecce000 	c:\Users\Sellspark_User\.vscode\extensions\redhat.java-1.52.0-win32-x64\jre\21.0.9-win32-x86_64\bin\java.exe
0x00007ff8c9e20000 - 0x00007ff8ca087000 	C:\WINDOWS\SYSTEM32\ntdll.dll
0x00007ff8c8740000 - 0x00007ff8c8809000 	C:\WINDOWS\System32\KERNEL32.DLL
0x00007ff8c74d0000 - 0x00007ff8c78bf000 	C:\WINDOWS\System32\KERNELBASE.dll
0x00007ff8c7000000 - 0x00007ff8c714b000 	C:\WINDOWS\System32\ucrtbase.dll
0x00007ff8b0060000 - 0x00007ff8b0078000 	c:\Users\Sellspark_User\.vscode\extensions\redhat.java-1.52.0-win32-x64\jre\21.0.9-win32-x86_64\bin\jli.dll
0x00007ff8b06b0000 - 0x00007ff8b06ce000 	c:\Users\Sellspark_User\.vscode\extensions\redhat.java-1.52.0-win32-x64\jre\21.0.9-win32-x86_64\bin\VCRUNTIME140.dll
0x00007ff8c9bc0000 - 0x00007ff8c9d85000 	C:\WINDOWS\System32\USER32.dll
0x00007ff8a6e30000 - 0x00007ff8a70c3000 	C:\WINDOWS\WinSxS\amd64_microsoft.windows.common-controls_6595b64144ccf1df_6.0.26100.7309_none_3e05feeae336a044\COMCTL32.dll
0x00007ff8c73f0000 - 0x00007ff8c7417000 	C:\WINDOWS\System32\win32u.dll
0x00007ff8c8690000 - 0x00007ff8c8739000 	C:\WINDOWS\System32\msvcrt.dll
0x00007ff8c85e0000 - 0x00007ff8c860b000 	C:\WINDOWS\System32\GDI32.dll
0x00007ff8c72c0000 - 0x00007ff8c73ec000 	C:\WINDOWS\System32\gdi32full.dll
0x00007ff8c7420000 - 0x00007ff8c74c3000 	C:\WINDOWS\System32\msvcp_win.dll
0x00007ff8c8e00000 - 0x00007ff8c8e31000 	C:\WINDOWS\System32\IMM32.DLL
0x00007ff8b2cb0000 - 0x00007ff8b2cbc000 	c:\Users\Sellspark_User\.vscode\extensions\redhat.java-1.52.0-win32-x64\jre\21.0.9-win32-x86_64\bin\vcruntime140_1.dll
0x00007ff891f70000 - 0x00007ff891ffd000 	c:\Users\Sellspark_User\.vscode\extensions\redhat.java-1.52.0-win32-x64\jre\21.0.9-win32-x86_64\bin\msvcp140.dll
0x00007ff855590000 - 0x00007ff856330000 	c:\Users\Sellspark_User\.vscode\extensions\redhat.java-1.52.0-win32-x64\jre\21.0.9-win32-x86_64\bin\server\jvm.dll
0x00007ff8c7d20000 - 0x00007ff8c7dd4000 	C:\WINDOWS\System32\ADVAPI32.dll
0x00007ff8c95e0000 - 0x00007ff8c9686000 	C:\WINDOWS\System32\sechost.dll
0x00007ff8c8960000 - 0x00007ff8c8a78000 	C:\WINDOWS\System32\RPCRT4.dll
0x00007ff8c7e00000 - 0x00007ff8c7e74000 	C:\WINDOWS\System32\WS2_32.dll
0x00007ff8b0500000 - 0x00007ff8b0535000 	C:\WINDOWS\SYSTEM32\WINMM.dll
0x00007ff8c6dd0000 - 0x00007ff8c6e2e000 	C:\WINDOWS\SYSTEM32\POWRPROF.dll
0x00007ff8b4f60000 - 0x00007ff8b4f6b000 	C:\WINDOWS\SYSTEM32\VERSION.dll
0x00007ff8c6db0000 - 0x00007ff8c6dc4000 	C:\WINDOWS\SYSTEM32\UMPDC.dll
0x00007ff8c5cf0000 - 0x00007ff8c5d0b000 	C:\WINDOWS\SYSTEM32\kernel.appcore.dll
0x00007ff8b2a00000 - 0x00007ff8b2a0a000 	c:\Users\Sellspark_User\.vscode\extensions\redhat.java-1.52.0-win32-x64\jre\21.0.9-win32-x86_64\bin\jimage.dll
0x00007ff8c4660000 - 0x00007ff8c48a2000 	C:\WINDOWS\SYSTEM32\DBGHELP.DLL
0x00007ff8c9070000 - 0x00007ff8c93f6000 	C:\WINDOWS\System32\combase.dll
0x00007ff8c9500000 - 0x00007ff8c95d6000 	C:\WINDOWS\System32\OLEAUT32.dll
0x00007ff8a7d90000 - 0x00007ff8a7dcc000 	C:\WINDOWS\SYSTEM32\dbgcore.DLL
0x00007ff8c7150000 - 0x00007ff8c71f5000 	C:\WINDOWS\System32\bcryptPrimitives.dll
0x00007ff8b1a70000 - 0x00007ff8b1a7f000 	c:\Users\Sellspark_User\.vscode\extensions\redhat.java-1.52.0-win32-x64\jre\21.0.9-win32-x86_64\bin\instrument.dll
0x00007ff8a8aa0000 - 0x00007ff8a8ac0000 	c:\Users\Sellspark_User\.vscode\extensions\redhat.java-1.52.0-win32-x64\jre\21.0.9-win32-x86_64\bin\java.dll
0x00007ff8c7e80000 - 0x00007ff8c85d3000 	C:\WINDOWS\System32\SHELL32.dll
0x00007ff8c78d0000 - 0x00007ff8c7a3a000 	C:\WINDOWS\System32\wintypes.dll
0x00007ff8c4b30000 - 0x00007ff8c538e000 	C:\WINDOWS\SYSTEM32\windows.storage.dll
0x00007ff8c7bc0000 - 0x00007ff8c7cb5000 	C:\WINDOWS\System32\SHCORE.dll
0x00007ff8c88d0000 - 0x00007ff8c8936000 	C:\WINDOWS\System32\shlwapi.dll
0x00007ff8c6e90000 - 0x00007ff8c6eb9000 	C:\WINDOWS\SYSTEM32\profapi.dll
0x00007ff8affc0000 - 0x00007ff8affd8000 	c:\Users\Sellspark_User\.vscode\extensions\redhat.java-1.52.0-win32-x64\jre\21.0.9-win32-x86_64\bin\zip.dll
0x00007ff8b12d0000 - 0x00007ff8b12e0000 	C:\Users\Sellspark_User\.vscode\extensions\redhat.java-1.52.0-win32-x64\jre\21.0.9-win32-x86_64\bin\net.dll
0x00007ff8bdce0000 - 0x00007ff8bde08000 	C:\WINDOWS\SYSTEM32\WINHTTP.dll
0x00007ff8c6270000 - 0x00007ff8c62db000 	C:\WINDOWS\system32\mswsock.dll
0x00007ff8a37f0000 - 0x00007ff8a3806000 	C:\Users\Sellspark_User\.vscode\extensions\redhat.java-1.52.0-win32-x64\jre\21.0.9-win32-x86_64\bin\nio.dll
0x00007ff8b0e30000 - 0x00007ff8b0e40000 	c:\Users\Sellspark_User\.vscode\extensions\redhat.java-1.52.0-win32-x64\jre\21.0.9-win32-x86_64\bin\verify.dll
0x00007ff8858a0000 - 0x00007ff8858e5000 	C:\Users\Sellspark_User\AppData\Roaming\Code\User\globalStorage\redhat.java\1.52.0\config_win\org.eclipse.equinox.launcher\org.eclipse.equinox.launcher.win32.win32.x86_64_1.2.1500.v20260121-1430\eclipse_11919.dll
0x00007ff8c8a80000 - 0x00007ff8c8c17000 	C:\WINDOWS\System32\ole32.dll
0x00007ff8c6550000 - 0x00007ff8c656b000 	C:\WINDOWS\SYSTEM32\CRYPTSP.dll
0x00007ff8c5c50000 - 0x00007ff8c5c8a000 	C:\WINDOWS\system32\rsaenh.dll
0x00007ff8c6340000 - 0x00007ff8c636b000 	C:\WINDOWS\SYSTEM32\USERENV.dll
0x00007ff8c6e60000 - 0x00007ff8c6e8a000 	C:\WINDOWS\SYSTEM32\bcrypt.dll
0x00007ff8c6570000 - 0x00007ff8c657c000 	C:\WINDOWS\SYSTEM32\CRYPTBASE.dll
0x00007ff8c56e0000 - 0x00007ff8c5714000 	C:\WINDOWS\SYSTEM32\IPHLPAPI.DLL
0x00007ff8c8950000 - 0x00007ff8c895a000 	C:\WINDOWS\System32\NSI.dll
0x00007ff8765d0000 - 0x00007ff876619000 	C:\Users\Sellspark_User\AppData\Local\Temp\jna--1513650945\jna8246679569847313643.dll
0x00007ff8c9060000 - 0x00007ff8c9068000 	C:\WINDOWS\System32\PSAPI.DLL
0x00007ff8bdf20000 - 0x00007ff8bdf3e000 	C:\WINDOWS\SYSTEM32\dhcpcsvc6.DLL
0x00007ff8bdef0000 - 0x00007ff8bdf13000 	C:\WINDOWS\SYSTEM32\dhcpcsvc.DLL
0x00007ff8a71a0000 - 0x00007ff8a71ae000 	C:\Users\Sellspark_User\.vscode\extensions\redhat.java-1.52.0-win32-x64\jre\21.0.9-win32-x86_64\bin\sunmscapi.dll
0x00007ff8c7a40000 - 0x00007ff8c7bb7000 	C:\WINDOWS\System32\CRYPT32.dll
0x00007ff8c6770000 - 0x00007ff8c67a0000 	C:\WINDOWS\SYSTEM32\ncrypt.dll
0x00007ff8c6720000 - 0x00007ff8c675f000 	C:\WINDOWS\SYSTEM32\NTASN1.dll
0x00007ff8c57d0000 - 0x00007ff8c58fc000 	C:\WINDOWS\SYSTEM32\DNSAPI.dll
0x00007ff8b6730000 - 0x00007ff8b673b000 	C:\Windows\System32\rasadhlp.dll
0x00007ff8be0e0000 - 0x00007ff8be166000 	C:\WINDOWS\System32\fwpuclnt.dll
0x00007ff8a7190000 - 0x00007ff8a7199000 	C:\Users\Sellspark_User\.vscode\extensions\redhat.java-1.52.0-win32-x64\jre\21.0.9-win32-x86_64\bin\extnet.dll
0x00007ff8c5e20000 - 0x00007ff8c5e56000 	C:\WINDOWS\SYSTEM32\ntmarta.dll

JVMTI agents:
c:\Users\Sellspark_User\.vscode\extensions\redhat.java-1.52.0-win32-x64\lombok\lombok-1.18.39-4050.jar path:c:\Users\Sellspark_User\.vscode\extensions\redhat.java-1.52.0-win32-x64\jre\21.0.9-win32-x86_64\bin\instrument.dll, loaded, initialized, instrumentlib options:none

dbghelp: loaded successfully - version: 4.0.5 - missing functions: none
symbol engine: initialized successfully - sym options: 0x614 - pdb path: .;c:\Users\Sellspark_User\.vscode\extensions\redhat.java-1.52.0-win32-x64\jre\21.0.9-win32-x86_64\bin;C:\WINDOWS\SYSTEM32;C:\WINDOWS\WinSxS\amd64_microsoft.windows.common-controls_6595b64144ccf1df_6.0.26100.7309_none_3e05feeae336a044;c:\Users\Sellspark_User\.vscode\extensions\redhat.java-1.52.0-win32-x64\jre\21.0.9-win32-x86_64\bin\server;C:\Users\Sellspark_User\AppData\Roaming\Code\User\globalStorage\redhat.java\1.52.0\config_win\org.eclipse.equinox.launcher\org.eclipse.equinox.launcher.win32.win32.x86_64_1.2.1500.v20260121-1430;C:\Users\Sellspark_User\AppData\Local\Temp\jna--1513650945

VM Arguments:
jvm_args: --add-modules=ALL-SYSTEM --add-opens=java.base/java.util=ALL-UNNAMED --add-opens=java.base/java.lang=ALL-UNNAMED --add-opens=java.base/sun.nio.fs=ALL-UNNAMED -Declipse.application=org.eclipse.jdt.ls.core.id1 -Dosgi.bundles.defaultStartLevel=4 -Declipse.product=org.eclipse.jdt.ls.core.product -Djava.import.generatesMetadataFilesAtProjectRoot=false -DDetectVMInstallationsJob.disabled=true -Dfile.encoding=utf8 -XX:+UseParallelGC -XX:GCTimeRatio=4 -XX:AdaptiveSizePolicyWeight=90 -Dsun.zip.disableMemoryMapping=true -Xmx2G -Xms100m -Xlog:disable -javaagent:c:\Users\Sellspark_User\.vscode\extensions\redhat.java-1.52.0-win32-x64\lombok\lombok-1.18.39-4050.jar -XX:+HeapDumpOnOutOfMemoryError -XX:HeapDumpPath=c:\Users\Sellspark_User\AppData\Roaming\Code\User\workspaceStorage\91656fe8d5632deead19094dba5d6109\redhat.java -Daether.dependencyCollector.impl=bf 
java_command: c:\Users\Sellspark_User\.vscode\extensions\redhat.java-1.52.0-win32-x64\server\plugins\org.eclipse.equinox.launcher_1.7.100.v20251111-0406.jar -configuration c:\Users\Sellspark_User\AppData\Roaming\Code\User\globalStorage\redhat.java\1.52.0\config_win -data c:\Users\Sellspark_User\AppData\Roaming\Code\User\workspaceStorage\91656fe8d5632deead19094dba5d6109\redhat.java\jdt_ws --pipe=\\.\pipe\lsp-4681c18230bb6baf06b37db402ec1d0a-sock
java_class_path (initial): c:\Users\Sellspark_User\.vscode\extensions\redhat.java-1.52.0-win32-x64\server\plugins\org.eclipse.equinox.launcher_1.7.100.v20251111-0406.jar
Launcher Type: SUN_STANDARD

[Global flags]
    uintx AdaptiveSizePolicyWeight                 = 90                                        {product} {command line}
     intx CICompilerCount                          = 4                                         {product} {ergonomic}
    uintx GCTimeRatio                              = 4                                         {product} {command line}
     bool HeapDumpOnOutOfMemoryError               = true                                   {manageable} {command line}
    ccstr HeapDumpPath                             = c:\Users\Sellspark_User\AppData\Roaming\Code\User\workspaceStorage\91656fe8d5632deead19094dba5d6109\redhat.java         {manageable} {command line}
   size_t InitialHeapSize                          = 104857600                                 {product} {command line}
   size_t MaxHeapSize                              = 2147483648                                {product} {command line}
   size_t MaxNewSize                               = 715653120                                 {product} {ergonomic}
   size_t MinHeapDeltaBytes                        = 524288                                    {product} {ergonomic}
   size_t MinHeapSize                              = 104857600                                 {product} {command line}
   size_t NewSize                                  = 34603008                                  {product} {ergonomic}
    uintx NonNMethodCodeHeapSize                   = 5839372                                {pd product} {ergonomic}
    uintx NonProfiledCodeHeapSize                  = 122909434                              {pd product} {ergonomic}
   size_t OldSize                                  = 70254592                                  {product} {ergonomic}
    uintx ProfiledCodeHeapSize                     = 122909434                              {pd product} {ergonomic}
    uintx ReservedCodeCacheSize                    = 251658240                              {pd product} {ergonomic}
     bool SegmentedCodeCache                       = true                                      {product} {ergonomic}
   size_t SoftMaxHeapSize                          = 2147483648                             {manageable} {ergonomic}
     bool UseCompressedOops                        = true                           {product lp64_product} {ergonomic}
     bool UseLargePagesIndividualAllocation        = false                                  {pd product} {ergonomic}
     bool UseParallelGC                            = true                                      {product} {command line}

Logging:
Log output configuration:
 #0: stdout all=off uptime,level,tags foldmultilines=false
 #1: stderr all=off uptime,level,tags foldmultilines=false

Release file:
JAVA_VERSION="21.0.9" 
MODULES="java.base java.compiler java.datatransfer java.xml java.prefs java.desktop java.instrument java.logging java.management java.security.sasl java.naming java.rmi java.management.rmi java.net.http java.scripting java.security.jgss java.transaction.xa java.sql java.sql.rowset java.xml.crypto java.se java.smartcardio jdk.accessibility jdk.internal.jvmstat jdk.attach jdk.charsets jdk.internal.opt jdk.zipfs jdk.compiler jdk.crypto.ec jdk.crypto.cryptoki jdk.crypto.mscapi jdk.dynalink jdk.internal.ed jdk.editpad jdk.hotspot.agent jdk.httpserver jdk.internal.le jdk.internal.vm.ci jdk.internal.vm.compiler jdk.internal.vm.compiler.management jdk.jartool jdk.javadoc jdk.jcmd jdk.management jdk.management.agent jdk.jconsole jdk.jdeps jdk.jdwp.agent jdk.jdi jdk.jfr jdk.jshell jdk.jsobject jdk.jstatd jdk.localedata jdk.management.jfr jdk.naming.dns jdk.naming.rmi jdk.net jdk.nio.mapmode jdk.random jdk.sctp jdk.security.auth jdk.security.jgss jdk.unsupported jdk.unsupported.desktop jdk.xml.dom" 

Environment Variables:
JAVA_HOME=C:\Program Files\Java\jdk-21.0.9
PATH=C:\WINDOWS\system32;C:\WINDOWS;C:\WINDOWS\System32\Wbem;C:\WINDOWS\System32\WindowsPowerShell\v1.0\;C:\WINDOWS\System32\OpenSSH\;C:\Program Files\Java\jdk-21.0.9\bin;;C:\ProgramData\chocolatey\bin;C:\Program Files\Docker\Docker\resources\bin;C:\Users\Sellspark_User\AppData\Local\Programs\Python\Python311-32\Scripts\;C:\Users\Sellspark_User\AppData\Local\Programs\Python\Python311-32\;C:\Users\Sellspark_User\AppData\Local\Programs\Python\Launcher\;C:\Users\Sellspark_User\AppData\Local\Microsoft\WindowsApps;C:\Users\Sellspark_User\AppData\Local\Programs\Microsoft VS Code\bin;C:\Users\Sellspark_User\AppData\Local\Programs\Git\cmd;C:\Users\Sellspark_User\AppData\Local\Programs\Antigravity\bin
USERNAME=Sellspark_User
OS=Windows_NT
PROCESSOR_IDENTIFIER=Intel64 Family 6 Model 140 Stepping 1, GenuineIntel
TMP=C:\Users\SELLSP~1\AppData\Local\Temp
TEMP=C:\Users\SELLSP~1\AppData\Local\Temp




Periodic native trim disabled

---------------  S Y S T E M  ---------------

OS:
 Windows 11 , 64 bit Build 26100 (10.0.26100.7623)
OS uptime: 6 days 16:33 hours
Hyper-V role detected

CPU: total 8 (initial active 8) (4 cores per cpu, 2 threads per core) family 6 model 140 stepping 1 microcode 0x8a, cx8, cmov, fxsr, ht, mmx, 3dnowpref, sse, sse2, sse3, ssse3, sse4.1, sse4.2, popcnt, lzcnt, tsc, tscinvbit, avx, avx2, aes, erms, clmul, bmi1, bmi2, adx, avx512f, avx512dq, avx512cd, avx512bw, avx512vl, sha, fma, vzeroupper, avx512_vpopcntdq, avx512_vpclmulqdq, avx512_vaes, avx512_vnni, clflush, clflushopt, clwb, avx512_vbmi2, avx512_vbmi, hv, rdtscp, rdpid, fsrm, gfni, avx512_bitalg, f16c, cet_ibt, cet_ss, avx512_ifma
Processor Information for processor 0
  Max Mhz: 2419, Current Mhz: 1209, Mhz Limit: 2419
Processor Information for processor 1
  Max Mhz: 2419, Current Mhz: 2419, Mhz Limit: 2419
Processor Information for processor 2
  Max Mhz: 2419, Current Mhz: 2419, Mhz Limit: 2419
Processor Information for processor 3
  Max Mhz: 2419, Current Mhz: 2419, Mhz Limit: 2419
Processor Information for processor 4
  Max Mhz: 2419, Current Mhz: 2419, Mhz Limit: 2419
Processor Information for processor 5
  Max Mhz: 2419, Current Mhz: 2419, Mhz Limit: 2419
Processor Information for processor 6
  Max Mhz: 2419, Current Mhz: 2419, Mhz Limit: 2419
Processor Information for processor 7
  Max Mhz: 2419, Current Mhz: 2419, Mhz Limit: 2419

Memory: 4k page, system-wide physical 7971M (526M free)
TotalPageFile size 22149M (AvailPageFile size 14M)
current process WorkingSet (physical memory assigned to process): 8M, peak: 789M
current process commit charge ("private bytes"): 1641M, peak: 1808M

vm_info: OpenJDK 64-Bit Server VM (21.0.9+10-LTS) for windows-amd64 JRE (21.0.9+10-LTS), built on 2025-10-21T00:00:00Z by "admin" with unknown MS VC++:1942

END.
