#
# There is insufficient memory for the Java Runtime Environment to continue.
# Native memory allocation (malloc) failed to allocate 1048576 bytes. Error detail: AllocateHeap
# Possible reasons:
#   The system is out of physical RAM or swap space
#   This process is running with CompressedOops enabled, and the Java Heap may be blocking the growth of the native heap
# Possible solutions:
#   Reduce memory load on the system
#   Increase physical memory or swap space
#   Check if swap backing store is full
#   Decrease Java heap size (-Xmx/-Xms)
#   Decrease number of Java threads
#   Decrease Java thread stack sizes (-Xss)
#   Set larger code cache with -XX:ReservedCodeCacheSize=
#   JVM is running with Unscaled Compressed Oops mode in which the Java heap is
#     placed in the first 4GB address space. The Java Heap base address is the
#     maximum limit for the native heap growth. Please use -XX:HeapBaseMinAddress
#     to set the Java Heap base and to place the Java Heap above 4GB virtual address.
# This output file may be truncated or incomplete.
#
#  Out of Memory Error (allocation.cpp:44), pid=25944, tid=808
#
# JRE version: OpenJDK Runtime Environment Temurin-21.0.9+10 (21.0.9+10) (build 21.0.9+10-LTS)
# Java VM: OpenJDK 64-Bit Server VM Temurin-21.0.9+10 (21.0.9+10-LTS, mixed mode, sharing, tiered, compressed oops, compressed class ptrs, parallel gc, windows-amd64)
# No core dump will be written. Minidumps are not enabled by default on client versions of Windows
#

---------------  S U M M A R Y ------------

Command Line: --add-modules=ALL-SYSTEM --add-opens=java.base/java.util=ALL-UNNAMED --add-opens=java.base/java.lang=ALL-UNNAMED --add-opens=java.base/sun.nio.fs=ALL-UNNAMED -Declipse.application=org.eclipse.jdt.ls.core.id1 -Dosgi.bundles.defaultStartLevel=4 -Declipse.product=org.eclipse.jdt.ls.core.product -Djava.import.generatesMetadataFilesAtProjectRoot=false -DDetectVMInstallationsJob.disabled=true -Dfile.encoding=utf8 -XX:+UseParallelGC -XX:GCTimeRatio=4 -XX:AdaptiveSizePolicyWeight=90 -Dsun.zip.disableMemoryMapping=true -Xmx2G -Xms100m -Xlog:disable -javaagent:c:\Users\Sellspark_User\.vscode\extensions\redhat.java-1.52.0-win32-x64\lombok\lombok-1.18.39-4050.jar -XX:+HeapDumpOnOutOfMemoryError -XX:HeapDumpPath=c:\Users\Sellspark_User\AppData\Roaming\Code\User\workspaceStorage\91656fe8d5632deead19094dba5d6109\redhat.java -Daether.dependencyCollector.impl=bf c:\Users\Sellspark_User\.vscode\extensions\redhat.java-1.52.0-win32-x64\server\plugins\org.eclipse.equinox.launcher_1.7.100.v20251111-0406.jar -configuration c:\Users\Sellspark_User\AppData\Roaming\Code\User\globalStorage\redhat.java\1.52.0\config_win -data c:\Users\Sellspark_User\AppData\Roaming\Code\User\workspaceStorage\91656fe8d5632deead19094dba5d6109\redhat.java\jdt_ws --pipe=\\.\pipe\lsp-cea9d1e73e37f8d05feb31e8fadd8ca4-sock

Host: 11th Gen Intel(R) Core(TM) i5-1135G7 @ 2.40GHz, 8 cores, 7G,  Windows 11 , 64 bit Build 26100 (10.0.26100.7623)
Time: Tue Feb  3 18:13:11 2026 India Standard Time elapsed time: 4174.191051 seconds (0d 1h 9m 34s)

---------------  T H R E A D  ---------------

Current thread (0x0000017af2616810):  JavaThread "Attach Listener" daemon [_thread_in_vm, id=808, stack(0x00000065abc00000,0x00000065abd00000) (1024K)]

Stack: [0x00000065abc00000,0x00000065abd00000]
Native frames: (J=compiled Java code, j=interpreted, Vv=VM code, C=native code)
V  [jvm.dll+0x6d6e29]
V  [jvm.dll+0x8b4b76]
V  [jvm.dll+0x8b712e]
V  [jvm.dll+0x8b7813]
V  [jvm.dll+0x283d86]
V  [jvm.dll+0xc1277]
V  [jvm.dll+0x6d76d9]
V  [jvm.dll+0x133466]
V  [jvm.dll+0x3f7ea6]
V  [jvm.dll+0x85e9ad]
V  [jvm.dll+0x6d565d]
C  [ucrtbase.dll+0x37b0]
C  [KERNEL32.DLL+0x2e8d7]
C  [ntdll.dll+0x8c53c]


---------------  P R O C E S S  ---------------

Threads class SMR info:
_java_thread_list=0x0000017ad54b0c40, length=35, elements={
0x0000017af267b970, 0x0000017af25ee0f0, 0x0000017af25f1370, 0x0000017af25f5db0,
0x0000017af2616810, 0x0000017af261abd0, 0x0000017af261d760, 0x0000017af2620950,
0x0000017af2628780, 0x0000017ad4200060, 0x0000017ad4327800, 0x0000017ad4a7a2e0,
0x0000017ad49cbe60, 0x0000017ad4160c80, 0x0000017ad45f6f80, 0x0000017ad5346810,
0x0000017ad4999630, 0x0000017ad493ca80, 0x0000017ad4fd52f0, 0x0000017ad6569760,
0x0000017ad656a480, 0x0000017ad656ab10, 0x0000017ad7f2ce80, 0x0000017ad7f2dba0,
0x0000017ad7f2e230, 0x0000017ad7f2bad0, 0x0000017ad7f2c7f0, 0x0000017ad7f2b440,
0x0000017ad7f2e8c0, 0x0000017ad7f2c160, 0x0000017ad7f2d510, 0x0000017ad8f37380,
0x0000017ad8f36cf0, 0x0000017ad73138f0, 0x0000017ad8f34c20
}

Java Threads: ( => current thread )
  0x0000017af267b970 JavaThread "main"                              [_thread_blocked, id=14092, stack(0x00000065ab500000,0x00000065ab600000) (1024K)]
  0x0000017af25ee0f0 JavaThread "Reference Handler"          daemon [_thread_blocked, id=17452, stack(0x00000065ab900000,0x00000065aba00000) (1024K)]
  0x0000017af25f1370 JavaThread "Finalizer"                  daemon [_thread_blocked, id=23892, stack(0x00000065aba00000,0x00000065abb00000) (1024K)]
  0x0000017af25f5db0 JavaThread "Signal Dispatcher"          daemon [_thread_blocked, id=18692, stack(0x00000065abb00000,0x00000065abc00000) (1024K)]
=>0x0000017af2616810 JavaThread "Attach Listener"            daemon [_thread_in_vm, id=808, stack(0x00000065abc00000,0x00000065abd00000) (1024K)]
  0x0000017af261abd0 JavaThread "Service Thread"             daemon [_thread_blocked, id=23776, stack(0x00000065abd00000,0x00000065abe00000) (1024K)]
  0x0000017af261d760 JavaThread "Monitor Deflation Thread"   daemon [_thread_blocked, id=12320, stack(0x00000065abe00000,0x00000065abf00000) (1024K)]
  0x0000017af2620950 JavaThread "C2 CompilerThread0"         daemon [_thread_blocked, id=16600, stack(0x00000065abf00000,0x00000065ac000000) (1024K)]
  0x0000017af2628780 JavaThread "C1 CompilerThread0"         daemon [_thread_blocked, id=23804, stack(0x00000065ac000000,0x00000065ac100000) (1024K)]
  0x0000017ad4200060 JavaThread "Common-Cleaner"             daemon [_thread_blocked, id=6512, stack(0x00000065ac100000,0x00000065ac200000) (1024K)]
  0x0000017ad4327800 JavaThread "Notification Thread"        daemon [_thread_blocked, id=16964, stack(0x00000065ac200000,0x00000065ac300000) (1024K)]
  0x0000017ad4a7a2e0 JavaThread "Active Thread: Equinox Container: 26f6dc94-d7d8-4270-8946-9397b2bf2af1"        [_thread_blocked, id=24916, stack(0x00000065aca00000,0x00000065acb00000) (1024K)]
  0x0000017ad49cbe60 JavaThread "Refresh Thread: Equinox Container: 26f6dc94-d7d8-4270-8946-9397b2bf2af1" daemon [_thread_blocked, id=12280, stack(0x00000065acb00000,0x00000065acc00000) (1024K)]
  0x0000017ad4160c80 JavaThread "Framework Event Dispatcher: Equinox Container: 26f6dc94-d7d8-4270-8946-9397b2bf2af1" daemon [_thread_blocked, id=22164, stack(0x00000065acc00000,0x00000065acd00000) (1024K)]
  0x0000017ad45f6f80 JavaThread "Start Level: Equinox Container: 26f6dc94-d7d8-4270-8946-9397b2bf2af1" daemon [_thread_blocked, id=19688, stack(0x00000065acd00000,0x00000065ace00000) (1024K)]
  0x0000017ad5346810 JavaThread "Bundle File Closer"         daemon [_thread_blocked, id=19884, stack(0x00000065acf00000,0x00000065ad000000) (1024K)]
  0x0000017ad4999630 JavaThread "SCR Component Actor"        daemon [_thread_blocked, id=20108, stack(0x00000065ace00000,0x00000065acf00000) (1024K)]
  0x0000017ad493ca80 JavaThread "Worker-JM"                         [_thread_blocked, id=20256, stack(0x00000065ad100000,0x00000065ad200000) (1024K)]
  0x0000017ad4fd52f0 JavaThread "JNA Cleaner"                daemon [_thread_blocked, id=19520, stack(0x00000065ad200000,0x00000065ad300000) (1024K)]
  0x0000017ad6569760 JavaThread "Worker-1"                          [_thread_blocked, id=7672, stack(0x00000065ad400000,0x00000065ad500000) (1024K)]
  0x0000017ad656a480 JavaThread "Java indexing"              daemon [_thread_blocked, id=22096, stack(0x00000065ad700000,0x00000065ad800000) (1024K)]
  0x0000017ad656ab10 JavaThread "Thread-1"                   daemon [_thread_in_native, id=18284, stack(0x00000065add00000,0x00000065ade00000) (1024K)]
  0x0000017ad7f2ce80 JavaThread "Thread-2"                   daemon [_thread_in_native, id=19308, stack(0x00000065ade00000,0x00000065adf00000) (1024K)]
  0x0000017ad7f2dba0 JavaThread "Thread-3"                   daemon [_thread_in_native, id=19548, stack(0x00000065adf00000,0x00000065ae000000) (1024K)]
  0x0000017ad7f2e230 JavaThread "Thread-4"                   daemon [_thread_in_native, id=12476, stack(0x00000065ae000000,0x00000065ae100000) (1024K)]
  0x0000017ad7f2bad0 JavaThread "Thread-5"                   daemon [_thread_in_native, id=23568, stack(0x00000065ae100000,0x00000065ae200000) (1024K)]
  0x0000017ad7f2c7f0 JavaThread "Thread-6"                   daemon [_thread_in_native, id=3948, stack(0x00000065ae200000,0x00000065ae300000) (1024K)]
  0x0000017ad7f2b440 JavaThread "Thread-7"                   daemon [_thread_in_native, id=9480, stack(0x00000065ae300000,0x00000065ae400000) (1024K)]
  0x0000017ad7f2e8c0 JavaThread "Thread-8"                   daemon [_thread_in_native, id=10228, stack(0x00000065ae400000,0x00000065ae500000) (1024K)]
  0x0000017ad7f2c160 JavaThread "Thread-9"                   daemon [_thread_in_native, id=19672, stack(0x00000065ae500000,0x00000065ae600000) (1024K)]
  0x0000017ad7f2d510 JavaThread "pool-2-thread-1"                   [_thread_blocked, id=12084, stack(0x00000065ae600000,0x00000065ae700000) (1024K)]
  0x0000017ad8f37380 JavaThread "WorkspaceEventsHandler"            [_thread_blocked, id=25140, stack(0x00000065ae700000,0x00000065ae800000) (1024K)]
  0x0000017ad8f36cf0 JavaThread "pool-1-thread-1"                   [_thread_blocked, id=18072, stack(0x00000065ae800000,0x00000065ae900000) (1024K)]
  0x0000017ad73138f0 JavaThread "Cleaner-0"                  daemon [_thread_blocked, id=4796, stack(0x00000065b0200000,0x00000065b0300000) (1024K)]
  0x0000017ad8f34c20 JavaThread "Worker-6"                          [_thread_blocked, id=3368, stack(0x00000065ab300000,0x00000065ab400000) (1024K)]
Total: 35

Other Threads:
  0x0000017af25d25d0 VMThread "VM Thread"                           [id=19972, stack(0x00000065ab800000,0x00000065ab900000) (1024K)]
  0x0000017af26e8630 WatcherThread "VM Periodic Task Thread"        [id=5692, stack(0x00000065ab700000,0x00000065ab800000) (1024K)]
  0x0000017af269b4d0 WorkerThread "GC Thread#0"                     [id=10656, stack(0x00000065ab600000,0x00000065ab700000) (1024K)]
  0x0000017ad4601f60 WorkerThread "GC Thread#1"                     [id=21540, stack(0x00000065ac300000,0x00000065ac400000) (1024K)]
  0x0000017ad439b620 WorkerThread "GC Thread#2"                     [id=10436, stack(0x00000065ac400000,0x00000065ac500000) (1024K)]
  0x0000017ad4704590 WorkerThread "GC Thread#3"                     [id=10848, stack(0x00000065ac500000,0x00000065ac600000) (1024K)]
  0x0000017ad467c920 WorkerThread "GC Thread#4"                     [id=16588, stack(0x00000065ac600000,0x00000065ac700000) (1024K)]
  0x0000017ad467ccc0 WorkerThread "GC Thread#5"                     [id=18356, stack(0x00000065ac700000,0x00000065ac800000) (1024K)]
  0x0000017ad4704930 WorkerThread "GC Thread#6"                     [id=8080, stack(0x00000065ac800000,0x00000065ac900000) (1024K)]
  0x0000017ad4a091b0 WorkerThread "GC Thread#7"                     [id=12648, stack(0x00000065ac900000,0x00000065aca00000) (1024K)]
Total: 10

Threads with active compile tasks:
Total: 0

VM state: not at safepoint (normal execution)

VM Mutex/Monitor currently owned by a thread: None

Heap address: 0x0000000080000000, size: 2048 MB, Compressed Oops mode: 32-bit

CDS archive(s) mapped at: [0x0000017a8f000000-0x0000017a8fba0000-0x0000017a8fba0000), size 12189696, SharedBaseAddress: 0x0000017a8f000000, ArchiveRelocationMode: 1.
Compressed class space mapped at: 0x0000017a90000000-0x0000017ad0000000, reserved size: 1073741824
Narrow klass base: 0x0000017a8f000000, Narrow klass shift: 0, Narrow klass range: 0x100000000

GC Precious Log:
 CardTable entry size: 512
 CPUs: 8 total, 8 available
 Memory: 7971M
 Large Page Support: Disabled
 NUMA Support: Disabled
 Compressed Oops: Enabled (32-bit)
 Alignments: Space 512K, Generation 512K, Heap 2M
 Heap Min Capacity: 100M
 Heap Initial Capacity: 100M
 Heap Max Capacity: 2G
 Pre-touch: Disabled
 Parallel Workers: 8

Heap:
 PSYoungGen      total 2048K, used 1368K [0x00000000d5580000, 0x00000000d5900000, 0x0000000100000000)
  eden space 1536K, 66% used [0x00000000d5580000,0x00000000d567e348,0x00000000d5700000)
  from space 512K, 68% used [0x00000000d5880000,0x00000000d58d8000,0x00000000d5900000)
  to   space 512K, 0% used [0x00000000d5800000,0x00000000d5800000,0x00000000d5880000)
 ParOldGen       total 200704K, used 144895K [0x0000000080000000, 0x000000008c400000, 0x00000000d5580000)
  object space 200704K, 72% used [0x0000000080000000,0x0000000088d7fef8,0x000000008c400000)
 Metaspace       used 75808K, committed 77440K, reserved 1179648K
  class space    used 7532K, committed 8256K, reserved 1048576K

Card table byte_map: [0x0000017af2020000,0x0000017af2430000] _byte_map_base: 0x0000017af1c20000

Marking Bits: (ParMarkBitMap*) 0x00007ff856252460
 Begin Bits: [0x0000017af5b30000, 0x0000017af7b30000)
 End Bits:   [0x0000017af7b30000, 0x0000017af9b30000)

Polling page: 0x0000017af0440000

Metaspace:

Usage:
  Non-class:     66.68 MB used.
      Class:      7.36 MB used.
       Both:     74.03 MB used.

Virtual space:
  Non-class space:      128.00 MB reserved,      67.56 MB ( 53%) committed,  2 nodes.
      Class space:        1.00 GB reserved,       8.06 MB ( <1%) committed,  1 nodes.
             Both:        1.12 GB reserved,      75.62 MB (  7%) committed. 

Chunk freelists:
   Non-Class:  12.39 MB
       Class:  7.91 MB
        Both:  20.30 MB

MaxMetaspaceSize: unlimited
CompressedClassSpaceSize: 1.00 GB
Initial GC threshold: 21.00 MB
Current GC threshold: 116.81 MB
CDS: on
 - commit_granule_bytes: 65536.
 - commit_granule_words: 8192.
 - virtual_space_node_default_size: 8388608.
 - enlarge_chunks_in_place: 1.
 - use_allocation_guard: 0.


Internal statistics:

num_allocs_failed_limit: 11.
num_arena_births: 1502.
num_arena_deaths: 18.
num_vsnodes_births: 3.
num_vsnodes_deaths: 0.
num_space_committed: 1210.
num_space_uncommitted: 0.
num_chunks_returned_to_freelist: 31.
num_chunks_taken_from_freelist: 5313.
num_chunk_merges: 17.
num_chunk_splits: 3175.
num_chunks_enlarged: 1714.
num_inconsistent_stats: 0.

CodeHeap 'non-profiled nmethods': size=120000Kb used=16557Kb max_used=16557Kb free=103442Kb
 bounds [0x0000017a87ad0000, 0x0000017a88b00000, 0x0000017a8f000000]
CodeHeap 'profiled nmethods': size=120000Kb used=41787Kb max_used=42208Kb free=78212Kb
 bounds [0x0000017a80000000, 0x0000017a82940000, 0x0000017a87530000]
CodeHeap 'non-nmethods': size=5760Kb used=1477Kb max_used=1559Kb free=4283Kb
 bounds [0x0000017a87530000, 0x0000017a877a0000, 0x0000017a87ad0000]
CodeCache: size=245760Kb, used=59821Kb, max_used=60324Kb, free=185937Kb
 total_blobs=17528, nmethods=16746, adapters=685, full_count=0
Compilation: enabled, stopped_count=0, restarted_count=0

Compilation events (20 events):
Event: 3500.813 Thread 0x0000017af2628780 nmethod 19045 0x0000017a810b5190 code [0x0000017a810b5340, 0x0000017a810b5650]
Event: 3500.813 Thread 0x0000017af2628780 19044       3       com.sun.org.apache.xerces.internal.impl.dtd.XMLEntityDecl::<init> (5 bytes)
Event: 3500.813 Thread 0x0000017af2628780 nmethod 19044 0x0000017a810b4d90 code [0x0000017a810b4f40, 0x0000017a810b50a8]
Event: 3500.814 Thread 0x0000017af2628780 19046   !   3       org.eclipse.jdt.internal.core.builder.ClasspathDirectory::cleanup (33 bytes)
Event: 3500.815 Thread 0x0000017af2628780 nmethod 19046 0x0000017a810b4790 code [0x0000017a810b4960, 0x0000017a810b4c88]
Event: 3500.823 Thread 0x0000017af2620950 nmethod 19042 0x0000017a88afa490 code [0x0000017a88afa6a0, 0x0000017a88afac38]
Event: 3730.979 Thread 0x0000017af2628780 19048   !   3       java.lang.ref.ReferenceQueue::remove (61 bytes)
Event: 3730.981 Thread 0x0000017af2628780 nmethod 19048 0x0000017a810b3590 code [0x0000017a810b3820, 0x0000017a810b43a8]
Event: 3730.981 Thread 0x0000017af2628780 19049       3       java.lang.ref.ReferenceQueue::remove0 (64 bytes)
Event: 3730.981 Thread 0x0000017af2628780 nmethod 19049 0x0000017a810b2d90 code [0x0000017a810b2fa0, 0x0000017a810b3420]
Event: 4003.597 Thread 0x0000017af2628780 19050       3       java.lang.ref.ReferenceQueue::await (15 bytes)
Event: 4003.608 Thread 0x0000017af2628780 nmethod 19050 0x0000017a810b2910 code [0x0000017a810b2ac0, 0x0000017a810b2c60]
Event: 4085.549 Thread 0x0000017af2628780 19051       3       java.util.concurrent.locks.AbstractQueuedSynchronizer$ConditionObject::await (202 bytes)
Event: 4085.586 Thread 0x0000017af2628780 nmethod 19051 0x0000017a810b1210 code [0x0000017a810b1500, 0x0000017a810b2330]
Event: 4093.621 Thread 0x0000017af2628780 19052       1       com.sun.jna.internal.Cleaner::access$200 (5 bytes)
Event: 4093.627 Thread 0x0000017af2628780 nmethod 19052 0x0000017a88afb390 code [0x0000017a88afb520, 0x0000017a88afb5d0]
Event: 4135.862 Thread 0x0000017af2628780 19053       3       java.lang.ProcessHandleImpl::get (51 bytes)
Event: 4135.873 Thread 0x0000017af2628780 nmethod 19053 0x0000017a810b0790 code [0x0000017a810b09a0, 0x0000017a810b0fa8]
Event: 4135.873 Thread 0x0000017af2628780 19054       3       java.lang.ProcessHandleImpl::isAlive (44 bytes)
Event: 4135.874 Thread 0x0000017af2628780 nmethod 19054 0x0000017a810b0290 code [0x0000017a810b0440, 0x0000017a810b06a0]

GC Heap History (20 events):
Event: 3201.705 GC heap before
{Heap before GC invocations=549 (full 4):
 PSYoungGen      total 2048K, used 1792K [0x00000000d5580000, 0x00000000d5900000, 0x0000000100000000)
  eden space 1536K, 100% used [0x00000000d5580000,0x00000000d5700000,0x00000000d5700000)
  from space 512K, 50% used [0x00000000d5880000,0x00000000d58c0000,0x00000000d5900000)
  to   space 512K, 0% used [0x00000000d5800000,0x00000000d5800000,0x00000000d5880000)
 ParOldGen       total 200704K, used 143871K [0x0000000080000000, 0x000000008c400000, 0x00000000d5580000)
  object space 200704K, 71% used [0x0000000080000000,0x0000000088c7fef8,0x000000008c400000)
 Metaspace       used 75769K, committed 77440K, reserved 1179648K
  class space    used 7532K, committed 8256K, reserved 1048576K
}
Event: 3201.708 GC heap after
{Heap after GC invocations=549 (full 4):
 PSYoungGen      total 2048K, used 224K [0x00000000d5580000, 0x00000000d5900000, 0x0000000100000000)
  eden space 1536K, 0% used [0x00000000d5580000,0x00000000d5580000,0x00000000d5700000)
  from space 512K, 43% used [0x00000000d5800000,0x00000000d5838000,0x00000000d5880000)
  to   space 512K, 0% used [0x00000000d5880000,0x00000000d5880000,0x00000000d5900000)
 ParOldGen       total 200704K, used 143935K [0x0000000080000000, 0x000000008c400000, 0x00000000d5580000)
  object space 200704K, 71% used [0x0000000080000000,0x0000000088c8fef8,0x000000008c400000)
 Metaspace       used 75769K, committed 77440K, reserved 1179648K
  class space    used 7532K, committed 8256K, reserved 1048576K
}
Event: 3201.755 GC heap before
{Heap before GC invocations=550 (full 4):
 PSYoungGen      total 2048K, used 1760K [0x00000000d5580000, 0x00000000d5900000, 0x0000000100000000)
  eden space 1536K, 100% used [0x00000000d5580000,0x00000000d5700000,0x00000000d5700000)
  from space 512K, 43% used [0x00000000d5800000,0x00000000d5838000,0x00000000d5880000)
  to   space 512K, 0% used [0x00000000d5880000,0x00000000d5880000,0x00000000d5900000)
 ParOldGen       total 200704K, used 143935K [0x0000000080000000, 0x000000008c400000, 0x00000000d5580000)
  object space 200704K, 71% used [0x0000000080000000,0x0000000088c8fef8,0x000000008c400000)
 Metaspace       used 75769K, committed 77440K, reserved 1179648K
  class space    used 7532K, committed 8256K, reserved 1048576K
}
Event: 3201.757 GC heap after
{Heap after GC invocations=550 (full 4):
 PSYoungGen      total 2048K, used 224K [0x00000000d5580000, 0x00000000d5900000, 0x0000000100000000)
  eden space 1536K, 0% used [0x00000000d5580000,0x00000000d5580000,0x00000000d5700000)
  from space 512K, 43% used [0x00000000d5880000,0x00000000d58b8000,0x00000000d5900000)
  to   space 512K, 0% used [0x00000000d5800000,0x00000000d5800000,0x00000000d5880000)
 ParOldGen       total 200704K, used 144023K [0x0000000080000000, 0x000000008c400000, 0x00000000d5580000)
  object space 200704K, 71% used [0x0000000080000000,0x0000000088ca5ef8,0x000000008c400000)
 Metaspace       used 75769K, committed 77440K, reserved 1179648K
  class space    used 7532K, committed 8256K, reserved 1048576K
}
Event: 3201.811 GC heap before
{Heap before GC invocations=551 (full 4):
 PSYoungGen      total 2048K, used 1760K [0x00000000d5580000, 0x00000000d5900000, 0x0000000100000000)
  eden space 1536K, 100% used [0x00000000d5580000,0x00000000d5700000,0x00000000d5700000)
  from space 512K, 43% used [0x00000000d5880000,0x00000000d58b8000,0x00000000d5900000)
  to   space 512K, 0% used [0x00000000d5800000,0x00000000d5800000,0x00000000d5880000)
 ParOldGen       total 200704K, used 144023K [0x0000000080000000, 0x000000008c400000, 0x00000000d5580000)
  object space 200704K, 71% used [0x0000000080000000,0x0000000088ca5ef8,0x000000008c400000)
 Metaspace       used 75769K, committed 77440K, reserved 1179648K
  class space    used 7532K, committed 8256K, reserved 1048576K
}
Event: 3201.813 GC heap after
{Heap after GC invocations=551 (full 4):
 PSYoungGen      total 2048K, used 256K [0x00000000d5580000, 0x00000000d5900000, 0x0000000100000000)
  eden space 1536K, 0% used [0x00000000d5580000,0x00000000d5580000,0x00000000d5700000)
  from space 512K, 50% used [0x00000000d5800000,0x00000000d5840000,0x00000000d5880000)
  to   space 512K, 0% used [0x00000000d5880000,0x00000000d5880000,0x00000000d5900000)
 ParOldGen       total 200704K, used 144119K [0x0000000080000000, 0x000000008c400000, 0x00000000d5580000)
  object space 200704K, 71% used [0x0000000080000000,0x0000000088cbdef8,0x000000008c400000)
 Metaspace       used 75769K, committed 77440K, reserved 1179648K
  class space    used 7532K, committed 8256K, reserved 1048576K
}
Event: 3201.873 GC heap before
{Heap before GC invocations=552 (full 4):
 PSYoungGen      total 2048K, used 1792K [0x00000000d5580000, 0x00000000d5900000, 0x0000000100000000)
  eden space 1536K, 100% used [0x00000000d5580000,0x00000000d5700000,0x00000000d5700000)
  from space 512K, 50% used [0x00000000d5800000,0x00000000d5840000,0x00000000d5880000)
  to   space 512K, 0% used [0x00000000d5880000,0x00000000d5880000,0x00000000d5900000)
 ParOldGen       total 200704K, used 144119K [0x0000000080000000, 0x000000008c400000, 0x00000000d5580000)
  object space 200704K, 71% used [0x0000000080000000,0x0000000088cbdef8,0x000000008c400000)
 Metaspace       used 75769K, committed 77440K, reserved 1179648K
  class space    used 7532K, committed 8256K, reserved 1048576K
}
Event: 3201.875 GC heap after
{Heap after GC invocations=552 (full 4):
 PSYoungGen      total 2048K, used 224K [0x00000000d5580000, 0x00000000d5900000, 0x0000000100000000)
  eden space 1536K, 0% used [0x00000000d5580000,0x00000000d5580000,0x00000000d5700000)
  from space 512K, 43% used [0x00000000d5880000,0x00000000d58b8000,0x00000000d5900000)
  to   space 512K, 0% used [0x00000000d5800000,0x00000000d5800000,0x00000000d5880000)
 ParOldGen       total 200704K, used 144263K [0x0000000080000000, 0x000000008c400000, 0x00000000d5580000)
  object space 200704K, 71% used [0x0000000080000000,0x0000000088ce1ef8,0x000000008c400000)
 Metaspace       used 75769K, committed 77440K, reserved 1179648K
  class space    used 7532K, committed 8256K, reserved 1048576K
}
Event: 3201.913 GC heap before
{Heap before GC invocations=553 (full 4):
 PSYoungGen      total 2048K, used 1760K [0x00000000d5580000, 0x00000000d5900000, 0x0000000100000000)
  eden space 1536K, 100% used [0x00000000d5580000,0x00000000d5700000,0x00000000d5700000)
  from space 512K, 43% used [0x00000000d5880000,0x00000000d58b8000,0x00000000d5900000)
  to   space 512K, 0% used [0x00000000d5800000,0x00000000d5800000,0x00000000d5880000)
 ParOldGen       total 200704K, used 144263K [0x0000000080000000, 0x000000008c400000, 0x00000000d5580000)
  object space 200704K, 71% used [0x0000000080000000,0x0000000088ce1ef8,0x000000008c400000)
 Metaspace       used 75769K, committed 77440K, reserved 1179648K
  class space    used 7532K, committed 8256K, reserved 1048576K
}
Event: 3201.916 GC heap after
{Heap after GC invocations=553 (full 4):
 PSYoungGen      total 2048K, used 256K [0x00000000d5580000, 0x00000000d5900000, 0x0000000100000000)
  eden space 1536K, 0% used [0x00000000d5580000,0x00000000d5580000,0x00000000d5700000)
  from space 512K, 50% used [0x00000000d5800000,0x00000000d5840000,0x00000000d5880000)
  to   space 512K, 0% used [0x00000000d5880000,0x00000000d5880000,0x00000000d5900000)
 ParOldGen       total 200704K, used 144391K [0x0000000080000000, 0x000000008c400000, 0x00000000d5580000)
  object space 200704K, 71% used [0x0000000080000000,0x0000000088d01ef8,0x000000008c400000)
 Metaspace       used 75769K, committed 77440K, reserved 1179648K
  class space    used 7532K, committed 8256K, reserved 1048576K
}
Event: 3201.947 GC heap before
{Heap before GC invocations=554 (full 4):
 PSYoungGen      total 2048K, used 1792K [0x00000000d5580000, 0x00000000d5900000, 0x0000000100000000)
  eden space 1536K, 100% used [0x00000000d5580000,0x00000000d5700000,0x00000000d5700000)
  from space 512K, 50% used [0x00000000d5800000,0x00000000d5840000,0x00000000d5880000)
  to   space 512K, 0% used [0x00000000d5880000,0x00000000d5880000,0x00000000d5900000)
 ParOldGen       total 200704K, used 144391K [0x0000000080000000, 0x000000008c400000, 0x00000000d5580000)
  object space 200704K, 71% used [0x0000000080000000,0x0000000088d01ef8,0x000000008c400000)
 Metaspace       used 75769K, committed 77440K, reserved 1179648K
  class space    used 7532K, committed 8256K, reserved 1048576K
}
Event: 3201.950 GC heap after
{Heap after GC invocations=554 (full 4):
 PSYoungGen      total 2048K, used 192K [0x00000000d5580000, 0x00000000d5900000, 0x0000000100000000)
  eden space 1536K, 0% used [0x00000000d5580000,0x00000000d5580000,0x00000000d5700000)
  from space 512K, 37% used [0x00000000d5880000,0x00000000d58b0000,0x00000000d5900000)
  to   space 512K, 0% used [0x00000000d5800000,0x00000000d5800000,0x00000000d5880000)
 ParOldGen       total 200704K, used 144503K [0x0000000080000000, 0x000000008c400000, 0x00000000d5580000)
  object space 200704K, 71% used [0x0000000080000000,0x0000000088d1def8,0x000000008c400000)
 Metaspace       used 75769K, committed 77440K, reserved 1179648K
  class space    used 7532K, committed 8256K, reserved 1048576K
}
Event: 3201.981 GC heap before
{Heap before GC invocations=555 (full 4):
 PSYoungGen      total 2048K, used 1727K [0x00000000d5580000, 0x00000000d5900000, 0x0000000100000000)
  eden space 1536K, 99% used [0x00000000d5580000,0x00000000d56ffff8,0x00000000d5700000)
  from space 512K, 37% used [0x00000000d5880000,0x00000000d58b0000,0x00000000d5900000)
  to   space 512K, 0% used [0x00000000d5800000,0x00000000d5800000,0x00000000d5880000)
 ParOldGen       total 200704K, used 144503K [0x0000000080000000, 0x000000008c400000, 0x00000000d5580000)
  object space 200704K, 71% used [0x0000000080000000,0x0000000088d1def8,0x000000008c400000)
 Metaspace       used 75770K, committed 77440K, reserved 1179648K
  class space    used 7532K, committed 8256K, reserved 1048576K
}
Event: 3201.984 GC heap after
{Heap after GC invocations=555 (full 4):
 PSYoungGen      total 2048K, used 192K [0x00000000d5580000, 0x00000000d5900000, 0x0000000100000000)
  eden space 1536K, 0% used [0x00000000d5580000,0x00000000d5580000,0x00000000d5700000)
  from space 512K, 37% used [0x00000000d5800000,0x00000000d5830000,0x00000000d5880000)
  to   space 512K, 0% used [0x00000000d5880000,0x00000000d5880000,0x00000000d5900000)
 ParOldGen       total 200704K, used 144599K [0x0000000080000000, 0x000000008c400000, 0x00000000d5580000)
  object space 200704K, 72% used [0x0000000080000000,0x0000000088d35ef8,0x000000008c400000)
 Metaspace       used 75770K, committed 77440K, reserved 1179648K
  class space    used 7532K, committed 8256K, reserved 1048576K
}
Event: 3202.015 GC heap before
{Heap before GC invocations=556 (full 4):
 PSYoungGen      total 2048K, used 1728K [0x00000000d5580000, 0x00000000d5900000, 0x0000000100000000)
  eden space 1536K, 100% used [0x00000000d5580000,0x00000000d5700000,0x00000000d5700000)
  from space 512K, 37% used [0x00000000d5800000,0x00000000d5830000,0x00000000d5880000)
  to   space 512K, 0% used [0x00000000d5880000,0x00000000d5880000,0x00000000d5900000)
 ParOldGen       total 200704K, used 144599K [0x0000000080000000, 0x000000008c400000, 0x00000000d5580000)
  object space 200704K, 72% used [0x0000000080000000,0x0000000088d35ef8,0x000000008c400000)
 Metaspace       used 75771K, committed 77440K, reserved 1179648K
  class space    used 7532K, committed 8256K, reserved 1048576K
}
Event: 3202.019 GC heap after
{Heap after GC invocations=556 (full 4):
 PSYoungGen      total 2048K, used 224K [0x00000000d5580000, 0x00000000d5900000, 0x0000000100000000)
  eden space 1536K, 0% used [0x00000000d5580000,0x00000000d5580000,0x00000000d5700000)
  from space 512K, 43% used [0x00000000d5880000,0x00000000d58b8000,0x00000000d5900000)
  to   space 512K, 0% used [0x00000000d5800000,0x00000000d5800000,0x00000000d5880000)
 ParOldGen       total 200704K, used 144647K [0x0000000080000000, 0x000000008c400000, 0x00000000d5580000)
  object space 200704K, 72% used [0x0000000080000000,0x0000000088d41ef8,0x000000008c400000)
 Metaspace       used 75771K, committed 77440K, reserved 1179648K
  class space    used 7532K, committed 8256K, reserved 1048576K
}
Event: 3500.555 GC heap before
{Heap before GC invocations=557 (full 4):
 PSYoungGen      total 2048K, used 1760K [0x00000000d5580000, 0x00000000d5900000, 0x0000000100000000)
  eden space 1536K, 100% used [0x00000000d5580000,0x00000000d5700000,0x00000000d5700000)
  from space 512K, 43% used [0x00000000d5880000,0x00000000d58b8000,0x00000000d5900000)
  to   space 512K, 0% used [0x00000000d5800000,0x00000000d5800000,0x00000000d5880000)
 ParOldGen       total 200704K, used 144647K [0x0000000080000000, 0x000000008c400000, 0x00000000d5580000)
  object space 200704K, 72% used [0x0000000080000000,0x0000000088d41ef8,0x000000008c400000)
 Metaspace       used 75799K, committed 77440K, reserved 1179648K
  class space    used 7532K, committed 8256K, reserved 1048576K
}
Event: 3500.573 GC heap after
{Heap after GC invocations=557 (full 4):
 PSYoungGen      total 2048K, used 288K [0x00000000d5580000, 0x00000000d5900000, 0x0000000100000000)
  eden space 1536K, 0% used [0x00000000d5580000,0x00000000d5580000,0x00000000d5700000)
  from space 512K, 56% used [0x00000000d5800000,0x00000000d5848000,0x00000000d5880000)
  to   space 512K, 0% used [0x00000000d5880000,0x00000000d5880000,0x00000000d5900000)
 ParOldGen       total 200704K, used 144687K [0x0000000080000000, 0x000000008c400000, 0x00000000d5580000)
  object space 200704K, 72% used [0x0000000080000000,0x0000000088d4bef8,0x000000008c400000)
 Metaspace       used 75799K, committed 77440K, reserved 1179648K
  class space    used 7532K, committed 8256K, reserved 1048576K
}
Event: 3500.796 GC heap before
{Heap before GC invocations=558 (full 4):
 PSYoungGen      total 2048K, used 1824K [0x00000000d5580000, 0x00000000d5900000, 0x0000000100000000)
  eden space 1536K, 100% used [0x00000000d5580000,0x00000000d5700000,0x00000000d5700000)
  from space 512K, 56% used [0x00000000d5800000,0x00000000d5848000,0x00000000d5880000)
  to   space 512K, 0% used [0x00000000d5880000,0x00000000d5880000,0x00000000d5900000)
 ParOldGen       total 200704K, used 144687K [0x0000000080000000, 0x000000008c400000, 0x00000000d5580000)
  object space 200704K, 72% used [0x0000000080000000,0x0000000088d4bef8,0x000000008c400000)
 Metaspace       used 75805K, committed 77440K, reserved 1179648K
  class space    used 7532K, committed 8256K, reserved 1048576K
}
Event: 3500.800 GC heap after
{Heap after GC invocations=558 (full 4):
 PSYoungGen      total 2048K, used 352K [0x00000000d5580000, 0x00000000d5900000, 0x0000000100000000)
  eden space 1536K, 0% used [0x00000000d5580000,0x00000000d5580000,0x00000000d5700000)
  from space 512K, 68% used [0x00000000d5880000,0x00000000d58d8000,0x00000000d5900000)
  to   space 512K, 0% used [0x00000000d5800000,0x00000000d5800000,0x00000000d5880000)
 ParOldGen       total 200704K, used 144895K [0x0000000080000000, 0x000000008c400000, 0x00000000d5580000)
  object space 200704K, 72% used [0x0000000080000000,0x0000000088d7fef8,0x000000008c400000)
 Metaspace       used 75805K, committed 77440K, reserved 1179648K
  class space    used 7532K, committed 8256K, reserved 1048576K
}

Dll operation events (10 events):
Event: 1.424 Loaded shared library c:\Users\Sellspark_User\.vscode\extensions\redhat.java-1.52.0-win32-x64\jre\21.0.9-win32-x86_64\bin\java.dll
Event: 1.518 Loaded shared library c:\Users\Sellspark_User\.vscode\extensions\redhat.java-1.52.0-win32-x64\jre\21.0.9-win32-x86_64\bin\zip.dll
Event: 1.554 Loaded shared library C:\Users\Sellspark_User\.vscode\extensions\redhat.java-1.52.0-win32-x64\jre\21.0.9-win32-x86_64\bin\instrument.dll
Event: 2.008 Loaded shared library C:\Users\Sellspark_User\.vscode\extensions\redhat.java-1.52.0-win32-x64\jre\21.0.9-win32-x86_64\bin\net.dll
Event: 2.249 Loaded shared library C:\Users\Sellspark_User\.vscode\extensions\redhat.java-1.52.0-win32-x64\jre\21.0.9-win32-x86_64\bin\nio.dll
Event: 2.257 Loaded shared library C:\Users\Sellspark_User\.vscode\extensions\redhat.java-1.52.0-win32-x64\jre\21.0.9-win32-x86_64\bin\zip.dll
Event: 2.284 Loaded shared library C:\Users\Sellspark_User\.vscode\extensions\redhat.java-1.52.0-win32-x64\jre\21.0.9-win32-x86_64\bin\jimage.dll
Event: 2.475 Loaded shared library c:\Users\Sellspark_User\.vscode\extensions\redhat.java-1.52.0-win32-x64\jre\21.0.9-win32-x86_64\bin\verify.dll
Event: 24.949 Loaded shared library C:\Users\Sellspark_User\AppData\Roaming\Code\User\globalStorage\redhat.java\1.52.0\config_win\org.eclipse.equinox.launcher\org.eclipse.equinox.launcher.win32.win32.x86_64_1.2.1500.v20260121-1430\eclipse_11919.dll
Event: 38.225 Loaded shared library C:\Users\Sellspark_User\AppData\Local\Temp\jna--1513650945\jna570738818808134765.dll

Deoptimization events (20 events):
Event: 2256.605 Thread 0x0000017ad6569760 DEOPT PACKING pc=0x0000017a88aa5450 sp=0x00000065ad4fda60
Event: 2256.605 Thread 0x0000017ad6569760 DEOPT UNPACKING pc=0x0000017a87586da2 sp=0x00000065ad4fda00 mode 2
Event: 2256.636 Thread 0x0000017ad6569760 Uncommon trap: trap_request=0xffffffd6 fr.pc=0x0000017a88aa7478 relative=0x0000000000000bd8
Event: 2256.636 Thread 0x0000017ad6569760 Uncommon trap: reason=array_check action=maybe_recompile pc=0x0000017a88aa7478 method=java.util.ComparableTimSort.binarySort([Ljava/lang/Object;III)V @ 215 c2
Event: 2256.636 Thread 0x0000017ad6569760 DEOPT PACKING pc=0x0000017a88aa7478 sp=0x00000065ad4fda60
Event: 2256.636 Thread 0x0000017ad6569760 DEOPT UNPACKING pc=0x0000017a87586da2 sp=0x00000065ad4fda00 mode 2
Event: 2256.645 Thread 0x0000017ad6569760 Uncommon trap: trap_request=0xffffffd6 fr.pc=0x0000017a88aa7478 relative=0x0000000000000bd8
Event: 2256.645 Thread 0x0000017ad6569760 Uncommon trap: reason=array_check action=maybe_recompile pc=0x0000017a88aa7478 method=java.util.ComparableTimSort.binarySort([Ljava/lang/Object;III)V @ 215 c2
Event: 2256.645 Thread 0x0000017ad6569760 DEOPT PACKING pc=0x0000017a88aa7478 sp=0x00000065ad4fda60
Event: 2256.645 Thread 0x0000017ad6569760 DEOPT UNPACKING pc=0x0000017a87586da2 sp=0x00000065ad4fda00 mode 2
Event: 2262.720 Thread 0x0000017ad8f34c20 DEOPT PACKING pc=0x0000017a827f7e2d sp=0x00000065ab3fd600
Event: 2262.720 Thread 0x0000017ad8f34c20 DEOPT UNPACKING pc=0x0000017a875878e2 sp=0x00000065ab3fcab8 mode 0
Event: 2263.052 Thread 0x0000017ad8f34c20 Uncommon trap: trap_request=0xffffffcc fr.pc=0x0000017a88aaf664 relative=0x0000000000000c64
Event: 2263.052 Thread 0x0000017ad8f34c20 Uncommon trap: reason=intrinsic_or_type_checked_inlining action=make_not_entrant pc=0x0000017a88aaf664 method=org.eclipse.core.internal.resources.WorkspaceRoot.getProjects(I)[Lorg/eclipse/core/resources/IProject; @ 8 c2
Event: 2263.052 Thread 0x0000017ad8f34c20 DEOPT PACKING pc=0x0000017a88aaf664 sp=0x00000065ab3fdb80
Event: 2263.052 Thread 0x0000017ad8f34c20 DEOPT UNPACKING pc=0x0000017a87586da2 sp=0x00000065ab3fd8f8 mode 2
Event: 3201.207 Thread 0x0000017ad6569760 Uncommon trap: trap_request=0xffffff54 fr.pc=0x0000017a8869a304 relative=0x0000000000000244
Event: 3201.209 Thread 0x0000017ad6569760 Uncommon trap: reason=speculate_null_assert action=make_not_entrant pc=0x0000017a8869a304 method=com.google.common.cache.LocalCache$Segment.drainRecencyQueue()V @ 14 c2
Event: 3201.209 Thread 0x0000017ad6569760 DEOPT PACKING pc=0x0000017a8869a304 sp=0x00000065ad4fd8d0
Event: 3201.210 Thread 0x0000017ad6569760 DEOPT UNPACKING pc=0x0000017a87586da2 sp=0x00000065ad4fd870 mode 2

Classes loaded (20 events):
Event: 340.625 Loading class java/util/stream/Nodes$ConcNode
Event: 340.630 Loading class java/util/stream/Nodes$AbstractConcNode
Event: 340.642 Loading class java/util/stream/Nodes$AbstractConcNode done
Event: 340.642 Loading class java/util/stream/Nodes$ConcNode done
Event: 341.195 Loading class java/io/ObjectOutputStream$BlockDataOutputStream
Event: 341.201 Loading class java/io/ObjectOutputStream$BlockDataOutputStream done
Event: 341.202 Loading class java/io/ObjectOutputStream$HandleTable
Event: 341.205 Loading class java/io/ObjectOutputStream$HandleTable done
Event: 341.206 Loading class java/io/ObjectOutputStream$ReplaceTable
Event: 341.210 Loading class java/io/ObjectOutputStream$ReplaceTable done
Event: 1733.611 Loading class org/xml/sax/SAXNotRecognizedException
Event: 1733.617 Loading class org/xml/sax/SAXNotRecognizedException done
Event: 1733.621 Loading class org/xml/sax/SAXNotSupportedException
Event: 1733.623 Loading class org/xml/sax/SAXNotSupportedException done
Event: 1733.680 Loading class com/sun/org/apache/xerces/internal/util/URI
Event: 1733.807 Loading class com/sun/org/apache/xerces/internal/util/URI done
Event: 1733.822 Loading class com/sun/org/apache/xerces/internal/xni/XNIException
Event: 1733.824 Loading class com/sun/org/apache/xerces/internal/xni/XNIException done
Event: 1733.830 Loading class com/sun/org/apache/xerces/internal/xni/parser/XMLParseException
Event: 1733.833 Loading class com/sun/org/apache/xerces/internal/xni/parser/XMLParseException done

Classes unloaded (9 events):
Event: 38.921 Thread 0x0000017af25d25d0 Unloading class 0x0000017a901a6800 'java/lang/invoke/LambdaForm$MH+0x0000017a901a6800'
Event: 38.921 Thread 0x0000017af25d25d0 Unloading class 0x0000017a901a6400 'java/lang/invoke/LambdaForm$MH+0x0000017a901a6400'
Event: 38.921 Thread 0x0000017af25d25d0 Unloading class 0x0000017a901a6000 'java/lang/invoke/LambdaForm$MH+0x0000017a901a6000'
Event: 38.921 Thread 0x0000017af25d25d0 Unloading class 0x0000017a901a5c00 'java/lang/invoke/LambdaForm$MH+0x0000017a901a5c00'
Event: 38.921 Thread 0x0000017af25d25d0 Unloading class 0x0000017a901a5800 'java/lang/invoke/LambdaForm$BMH+0x0000017a901a5800'
Event: 38.921 Thread 0x0000017af25d25d0 Unloading class 0x0000017a901a5400 'java/lang/invoke/LambdaForm$DMH+0x0000017a901a5400'
Event: 38.921 Thread 0x0000017af25d25d0 Unloading class 0x0000017a901a4000 'java/lang/invoke/LambdaForm$DMH+0x0000017a901a4000'
Event: 87.091 Thread 0x0000017af25d25d0 Unloading class 0x0000017a90704800 'java/lang/invoke/LambdaForm$DMH+0x0000017a90704800'
Event: 87.091 Thread 0x0000017af25d25d0 Unloading class 0x0000017a90704400 'java/lang/invoke/LambdaForm$DMH+0x0000017a90704400'

Classes redefined (0 events):
No events

Internal exceptions (20 events):
Event: 87.837 Thread 0x0000017ad6569760 Implicit null exception at 0x0000017a883628e4 to 0x0000017a883631c8
Event: 88.029 Thread 0x0000017ad8f380a0 Implicit null exception at 0x0000017a883c230f to 0x0000017a883c3ae4
Event: 91.243 Thread 0x0000017ad8f36cf0 Exception <a 'java/lang/IncompatibleClassChangeError'{0x00000000d59aa180}: Found class java.lang.Object, but interface was expected> (0x00000000d59aa180) 
thrown [s\src\hotspot\share\interpreter\linkResolver.cpp, line 840]
Event: 93.849 Thread 0x0000017ad8f380a0 Exception <a 'java/lang/NoSuchMethodError'{0x00000000d55bf0f0}: 'java.lang.Object java.lang.invoke.DirectMethodHandle$Holder.newInvokeSpecial(java.lang.Object, java.lang.Object, int, java.lang.Object, java.lang.Object, java.lang.Object, java.lang.Object)'> (0x00000000d55bf0f0) 
thrown [s\src\hotspot\share\interpreter\linkResolver.cpp, line 773]
Event: 93.850 Thread 0x0000017ad8f380a0 Exception <a 'java/lang/NoSuchMethodError'{0x00000000d55c6ee8}: 'java.lang.Object java.lang.invoke.Invokers$Holder.linkToTargetMethod(java.lang.Object, int, java.lang.Object, java.lang.Object, java.lang.Object, java.lang.Object, java.lang.Object)'> (0x00000000d55c6ee8) 
thrown [s\src\hotspot\share\interpreter\linkResolver.cpp, line 773]
Event: 95.306 Thread 0x0000017ad8f36cf0 Exception <a 'java/lang/IncompatibleClassChangeError'{0x00000000d56a56e0}: Found class java.lang.Object, but interface was expected> (0x00000000d56a56e0) 
thrown [s\src\hotspot\share\interpreter\linkResolver.cpp, line 840]
Event: 96.260 Thread 0x0000017ad8f36cf0 Exception <a 'java/lang/IncompatibleClassChangeError'{0x00000000d5604780}: Found class java.lang.Object, but interface was expected> (0x00000000d5604780) 
thrown [s\src\hotspot\share\interpreter\linkResolver.cpp, line 840]
Event: 96.271 Thread 0x0000017ad8f380a0 Exception <a 'java/lang/ArrayIndexOutOfBoundsException'{0x00000000d5631b18}: Index 6407 out of bounds for length 6406> (0x00000000d5631b18) 
thrown [s\src\hotspot\share\interpreter\interpreterRuntime.cpp, line 439]
Event: 341.071 Thread 0x0000017ad65683b0 Exception <a 'sun/nio/fs/WindowsException'{0x00000000d55f1008}> (0x00000000d55f1008) 
thrown [s\src\hotspot\share\prims\jni.cpp, line 520]
Event: 341.073 Thread 0x0000017ad65683b0 Exception <a 'sun/nio/fs/WindowsException'{0x00000000d55f18f8}> (0x00000000d55f18f8) 
thrown [s\src\hotspot\share\prims\jni.cpp, line 520]
Event: 341.089 Thread 0x0000017ad65683b0 Implicit null exception at 0x0000017a87ea7483 to 0x0000017a87ea7728
Event: 341.341 Thread 0x0000017ad65683b0 Exception <a 'java/lang/NoSuchMethodError'{0x00000000d568b230}: static [J.<clinit>()V> (0x00000000d568b230) 
thrown [s\src\hotspot\share\prims\jni.cpp, line 1111]
Event: 341.408 Thread 0x0000017ad65683b0 Exception <a 'java/lang/NoSuchMethodError'{0x00000000d5596838}: 'java.lang.Object java.lang.invoke.DirectMethodHandle$Holder.newInvokeSpecial(java.lang.Object, java.lang.Object, java.lang.Object, java.lang.Object, java.lang.Object, java.lang.Object, java.lang.Object, java.lang.Object)'> (0x00000000d5596838) 
thrown [s\src\hotspot\share\interpreter\linkResolver.cpp, line 773]
Event: 1734.370 Thread 0x0000017ad6569760 Exception <a 'java/lang/NoSuchMethodError'{0x00000000d56ab5f8}: 'int java.lang.invoke.DirectMethodHandle$Holder.invokeStatic(java.lang.Object, java.lang.Object, java.lang.Object, java.lang.Object, java.lang.Object, java.lang.Object)'> (0x00000000d56ab5f8) 
thrown [s\src\hotspot\share\interpreter\linkResolver.cpp, line 773]
Event: 2033.987 Thread 0x0000017ad6569760 Exception <a 'sun/nio/fs/WindowsException'{0x00000000d56fadc8}> (0x00000000d56fadc8) 
thrown [s\src\hotspot\share\prims\jni.cpp, line 520]
Event: 2033.988 Thread 0x0000017ad6569760 Exception <a 'sun/nio/fs/WindowsException'{0x00000000d56fb6b8}> (0x00000000d56fb6b8) 
thrown [s\src\hotspot\share\prims\jni.cpp, line 520]
Event: 2512.985 Thread 0x0000017ad6569760 Exception <a 'sun/nio/fs/WindowsException'{0x00000000d55da718}> (0x00000000d55da718) 
thrown [s\src\hotspot\share\prims\jni.cpp, line 520]
Event: 2512.986 Thread 0x0000017ad6569760 Exception <a 'sun/nio/fs/WindowsException'{0x00000000d55db008}> (0x00000000d55db008) 
thrown [s\src\hotspot\share\prims\jni.cpp, line 520]
Event: 3500.591 Thread 0x0000017ad8f34c20 Exception <a 'sun/nio/fs/WindowsException'{0x00000000d559d630}> (0x00000000d559d630) 
thrown [s\src\hotspot\share\prims\jni.cpp, line 520]
Event: 3500.592 Thread 0x0000017ad8f34c20 Exception <a 'sun/nio/fs/WindowsException'{0x00000000d559df20}> (0x00000000d559df20) 
thrown [s\src\hotspot\share\prims\jni.cpp, line 520]

ZGC Phase Switch (0 events):
No events

VM Operations (20 events):
Event: 3722.081 Executing VM operation: HandshakeAllThreads (HandshakeForDeflation)
Event: 3722.084 Executing VM operation: HandshakeAllThreads (HandshakeForDeflation) done
Event: 3722.084 Executing VM operation: RendezvousGCThreads
Event: 3722.084 Executing VM operation: RendezvousGCThreads done
Event: 3734.189 Executing VM operation: Cleanup
Event: 3734.190 Executing VM operation: Cleanup done
Event: 3962.617 Executing VM operation: HandshakeAllThreads (HandshakeForDeflation)
Event: 3962.617 Executing VM operation: HandshakeAllThreads (HandshakeForDeflation) done
Event: 3962.617 Executing VM operation: RendezvousGCThreads
Event: 3962.617 Executing VM operation: RendezvousGCThreads done
Event: 4026.148 Executing VM operation: Cleanup
Event: 4026.148 Executing VM operation: Cleanup done
Event: 4082.967 Executing VM operation: HandshakeAllThreads (HandshakeForDeflation)
Event: 4082.985 Executing VM operation: HandshakeAllThreads (HandshakeForDeflation) done
Event: 4082.985 Executing VM operation: RendezvousGCThreads
Event: 4082.985 Executing VM operation: RendezvousGCThreads done
Event: 4143.059 Executing VM operation: HandshakeAllThreads (HandshakeForDeflation)
Event: 4143.059 Executing VM operation: HandshakeAllThreads (HandshakeForDeflation) done
Event: 4143.059 Executing VM operation: RendezvousGCThreads
Event: 4143.059 Executing VM operation: RendezvousGCThreads done

Memory protections (0 events):
No events

Nmethod flushes (20 events):
Event: 87.190 Thread 0x0000017af25d25d0 flushing  nmethod 0x0000017a81509b90
Event: 87.190 Thread 0x0000017af25d25d0 flushing  nmethod 0x0000017a81510e10
Event: 87.190 Thread 0x0000017af25d25d0 flushing  nmethod 0x0000017a81511190
Event: 87.190 Thread 0x0000017af25d25d0 flushing  nmethod 0x0000017a8152b210
Event: 87.190 Thread 0x0000017af25d25d0 flushing  nmethod 0x0000017a8152d610
Event: 87.190 Thread 0x0000017af25d25d0 flushing  nmethod 0x0000017a81532c90
Event: 87.190 Thread 0x0000017af25d25d0 flushing  nmethod 0x0000017a8153c210
Event: 87.190 Thread 0x0000017af25d25d0 flushing  nmethod 0x0000017a8154c710
Event: 87.190 Thread 0x0000017af25d25d0 flushing  nmethod 0x0000017a8154d590
Event: 87.190 Thread 0x0000017af25d25d0 flushing  nmethod 0x0000017a8154d910
Event: 87.190 Thread 0x0000017af25d25d0 flushing  nmethod 0x0000017a81552f90
Event: 87.190 Thread 0x0000017af25d25d0 flushing  nmethod 0x0000017a8155c410
Event: 87.190 Thread 0x0000017af25d25d0 flushing osr nmethod 0x0000017a81579790
Event: 87.190 Thread 0x0000017af25d25d0 flushing  nmethod 0x0000017a81593c90
Event: 87.190 Thread 0x0000017af25d25d0 flushing  nmethod 0x0000017a8159c410
Event: 87.190 Thread 0x0000017af25d25d0 flushing  nmethod 0x0000017a8159c790
Event: 87.190 Thread 0x0000017af25d25d0 flushing  nmethod 0x0000017a8159fa90
Event: 87.190 Thread 0x0000017af25d25d0 flushing  nmethod 0x0000017a8161d090
Event: 87.190 Thread 0x0000017af25d25d0 flushing  nmethod 0x0000017a8166c590
Event: 87.190 Thread 0x0000017af25d25d0 flushing  nmethod 0x0000017a8166d190

Events (20 events):
Event: 2034.123 Thread 0x0000017ad59184f0 Thread exited: 0x0000017ad59184f0
Event: 2034.174 Thread 0x0000017af2628780 Thread added: 0x0000017ad5919290
Event: 2039.199 Thread 0x0000017ad5919290 Thread exited: 0x0000017ad5919290
Event: 2094.131 Thread 0x0000017ad8f38730 Thread exited: 0x0000017ad8f38730
Event: 2512.969 Thread 0x0000017ad6569760 Thread added: 0x0000017ad8f37a10
Event: 2512.973 Thread 0x0000017ad8f37a10 Thread exited: 0x0000017ad8f37a10
Event: 2512.989 Thread 0x0000017ad6569760 Thread added: 0x0000017ad8f38dc0
Event: 2512.990 Thread 0x0000017ad8f38dc0 Thread exited: 0x0000017ad8f38dc0
Event: 2513.007 Thread 0x0000017af2628780 Thread added: 0x0000017ad5918bc0
Event: 2518.141 Thread 0x0000017ad5918bc0 Thread exited: 0x0000017ad5918bc0
Event: 3200.983 Thread 0x0000017af2628780 Thread added: 0x0000017ad591a030
Event: 3201.284 Thread 0x0000017ad591a030 Thread exited: 0x0000017ad591a030
Event: 3202.141 Thread 0x0000017ad8f34c20 Thread added: 0x0000017ad8f35fd0
Event: 3262.155 Thread 0x0000017ad8f35fd0 Thread exited: 0x0000017ad8f35fd0
Event: 3500.551 Thread 0x0000017ad8f34c20 Thread added: 0x0000017ad8f35fd0
Event: 3500.577 Thread 0x0000017ad8f35fd0 Thread exited: 0x0000017ad8f35fd0
Event: 3500.594 Thread 0x0000017ad8f34c20 Thread added: 0x0000017ad8f37a10
Event: 3500.595 Thread 0x0000017ad8f37a10 Thread exited: 0x0000017ad8f37a10
Event: 3500.663 Thread 0x0000017af2620950 Thread added: 0x0000017ad5918bc0
Event: 3505.815 Thread 0x0000017ad5918bc0 Thread exited: 0x0000017ad5918bc0


Dynamic libraries:
0x00007ff67ecc0000 - 0x00007ff67ecce000 	c:\Users\Sellspark_User\.vscode\extensions\redhat.java-1.52.0-win32-x64\jre\21.0.9-win32-x86_64\bin\java.exe
0x00007ff8c9e20000 - 0x00007ff8ca087000 	C:\WINDOWS\SYSTEM32\ntdll.dll
0x00007ff8c8740000 - 0x00007ff8c8809000 	C:\WINDOWS\System32\KERNEL32.DLL
0x00007ff8c74d0000 - 0x00007ff8c78bf000 	C:\WINDOWS\System32\KERNELBASE.dll
0x00007ff8c7000000 - 0x00007ff8c714b000 	C:\WINDOWS\System32\ucrtbase.dll
0x00007ff8b0060000 - 0x00007ff8b0078000 	c:\Users\Sellspark_User\.vscode\extensions\redhat.java-1.52.0-win32-x64\jre\21.0.9-win32-x86_64\bin\jli.dll
0x00007ff8c9bc0000 - 0x00007ff8c9d85000 	C:\WINDOWS\System32\USER32.dll
0x00007ff8c73f0000 - 0x00007ff8c7417000 	C:\WINDOWS\System32\win32u.dll
0x00007ff8b06b0000 - 0x00007ff8b06ce000 	c:\Users\Sellspark_User\.vscode\extensions\redhat.java-1.52.0-win32-x64\jre\21.0.9-win32-x86_64\bin\VCRUNTIME140.dll
0x00007ff8a6e30000 - 0x00007ff8a70c3000 	C:\WINDOWS\WinSxS\amd64_microsoft.windows.common-controls_6595b64144ccf1df_6.0.26100.7309_none_3e05feeae336a044\COMCTL32.dll
0x00007ff8c85e0000 - 0x00007ff8c860b000 	C:\WINDOWS\System32\GDI32.dll
0x00007ff8c72c0000 - 0x00007ff8c73ec000 	C:\WINDOWS\System32\gdi32full.dll
0x00007ff8c8690000 - 0x00007ff8c8739000 	C:\WINDOWS\System32\msvcrt.dll
0x00007ff8c7420000 - 0x00007ff8c74c3000 	C:\WINDOWS\System32\msvcp_win.dll
0x00007ff8c8e00000 - 0x00007ff8c8e31000 	C:\WINDOWS\System32\IMM32.DLL
0x00007ff8b2cb0000 - 0x00007ff8b2cbc000 	c:\Users\Sellspark_User\.vscode\extensions\redhat.java-1.52.0-win32-x64\jre\21.0.9-win32-x86_64\bin\vcruntime140_1.dll
0x00007ff891f70000 - 0x00007ff891ffd000 	c:\Users\Sellspark_User\.vscode\extensions\redhat.java-1.52.0-win32-x64\jre\21.0.9-win32-x86_64\bin\msvcp140.dll
0x00007ff855590000 - 0x00007ff856330000 	c:\Users\Sellspark_User\.vscode\extensions\redhat.java-1.52.0-win32-x64\jre\21.0.9-win32-x86_64\bin\server\jvm.dll
0x00007ff8c7d20000 - 0x00007ff8c7dd4000 	C:\WINDOWS\System32\ADVAPI32.dll
0x00007ff8c95e0000 - 0x00007ff8c9686000 	C:\WINDOWS\System32\sechost.dll
0x00007ff8c8960000 - 0x00007ff8c8a78000 	C:\WINDOWS\System32\RPCRT4.dll
0x00007ff8c7e00000 - 0x00007ff8c7e74000 	C:\WINDOWS\System32\WS2_32.dll
0x00007ff8c6dd0000 - 0x00007ff8c6e2e000 	C:\WINDOWS\SYSTEM32\POWRPROF.dll
0x00007ff8b0500000 - 0x00007ff8b0535000 	C:\WINDOWS\SYSTEM32\WINMM.dll
0x00007ff8b4f60000 - 0x00007ff8b4f6b000 	C:\WINDOWS\SYSTEM32\VERSION.dll
0x00007ff8c6db0000 - 0x00007ff8c6dc4000 	C:\WINDOWS\SYSTEM32\UMPDC.dll
0x00007ff8c5cf0000 - 0x00007ff8c5d0b000 	C:\WINDOWS\SYSTEM32\kernel.appcore.dll
0x00007ff8b2a00000 - 0x00007ff8b2a0a000 	c:\Users\Sellspark_User\.vscode\extensions\redhat.java-1.52.0-win32-x64\jre\21.0.9-win32-x86_64\bin\jimage.dll
0x00007ff8c4660000 - 0x00007ff8c48a2000 	C:\WINDOWS\SYSTEM32\DBGHELP.DLL
0x00007ff8c9070000 - 0x00007ff8c93f6000 	C:\WINDOWS\System32\combase.dll
0x00007ff8c9500000 - 0x00007ff8c95d6000 	C:\WINDOWS\System32\OLEAUT32.dll
0x00007ff8a7d90000 - 0x00007ff8a7dcc000 	C:\WINDOWS\SYSTEM32\dbgcore.DLL
0x00007ff8c7150000 - 0x00007ff8c71f5000 	C:\WINDOWS\System32\bcryptPrimitives.dll
0x00007ff8b1a70000 - 0x00007ff8b1a7f000 	c:\Users\Sellspark_User\.vscode\extensions\redhat.java-1.52.0-win32-x64\jre\21.0.9-win32-x86_64\bin\instrument.dll
0x00007ff8a8aa0000 - 0x00007ff8a8ac0000 	c:\Users\Sellspark_User\.vscode\extensions\redhat.java-1.52.0-win32-x64\jre\21.0.9-win32-x86_64\bin\java.dll
0x00007ff8c7e80000 - 0x00007ff8c85d3000 	C:\WINDOWS\System32\SHELL32.dll
0x00007ff8c78d0000 - 0x00007ff8c7a3a000 	C:\WINDOWS\System32\wintypes.dll
0x00007ff8c4b30000 - 0x00007ff8c538e000 	C:\WINDOWS\SYSTEM32\windows.storage.dll
0x00007ff8c7bc0000 - 0x00007ff8c7cb5000 	C:\WINDOWS\System32\SHCORE.dll
0x00007ff8c88d0000 - 0x00007ff8c8936000 	C:\WINDOWS\System32\shlwapi.dll
0x00007ff8c6e90000 - 0x00007ff8c6eb9000 	C:\WINDOWS\SYSTEM32\profapi.dll
0x00007ff8affc0000 - 0x00007ff8affd8000 	c:\Users\Sellspark_User\.vscode\extensions\redhat.java-1.52.0-win32-x64\jre\21.0.9-win32-x86_64\bin\zip.dll
0x00007ff8b12d0000 - 0x00007ff8b12e0000 	C:\Users\Sellspark_User\.vscode\extensions\redhat.java-1.52.0-win32-x64\jre\21.0.9-win32-x86_64\bin\net.dll
0x00007ff8bdce0000 - 0x00007ff8bde08000 	C:\WINDOWS\SYSTEM32\WINHTTP.dll
0x00007ff8c6270000 - 0x00007ff8c62db000 	C:\WINDOWS\system32\mswsock.dll
0x00007ff8a37f0000 - 0x00007ff8a3806000 	C:\Users\Sellspark_User\.vscode\extensions\redhat.java-1.52.0-win32-x64\jre\21.0.9-win32-x86_64\bin\nio.dll
0x00007ff8b0e30000 - 0x00007ff8b0e40000 	c:\Users\Sellspark_User\.vscode\extensions\redhat.java-1.52.0-win32-x64\jre\21.0.9-win32-x86_64\bin\verify.dll
0x00007ff881790000 - 0x00007ff8817d5000 	C:\Users\Sellspark_User\AppData\Roaming\Code\User\globalStorage\redhat.java\1.52.0\config_win\org.eclipse.equinox.launcher\org.eclipse.equinox.launcher.win32.win32.x86_64_1.2.1500.v20260121-1430\eclipse_11919.dll
0x00007ff8c8a80000 - 0x00007ff8c8c17000 	C:\WINDOWS\System32\ole32.dll
0x00007ff8c6550000 - 0x00007ff8c656b000 	C:\WINDOWS\SYSTEM32\CRYPTSP.dll
0x00007ff8c5c50000 - 0x00007ff8c5c8a000 	C:\WINDOWS\system32\rsaenh.dll
0x00007ff8c6340000 - 0x00007ff8c636b000 	C:\WINDOWS\SYSTEM32\USERENV.dll
0x00007ff8c6e60000 - 0x00007ff8c6e8a000 	C:\WINDOWS\SYSTEM32\bcrypt.dll
0x00007ff8c6570000 - 0x00007ff8c657c000 	C:\WINDOWS\SYSTEM32\CRYPTBASE.dll
0x00007ff8c56e0000 - 0x00007ff8c5714000 	C:\WINDOWS\SYSTEM32\IPHLPAPI.DLL
0x00007ff8c8950000 - 0x00007ff8c895a000 	C:\WINDOWS\System32\NSI.dll
0x00007ff881740000 - 0x00007ff881789000 	C:\Users\Sellspark_User\AppData\Local\Temp\jna--1513650945\jna570738818808134765.dll
0x00007ff8c9060000 - 0x00007ff8c9068000 	C:\WINDOWS\System32\PSAPI.DLL
0x00007ff8bdf20000 - 0x00007ff8bdf3e000 	C:\WINDOWS\SYSTEM32\dhcpcsvc6.DLL
0x00007ff8bdef0000 - 0x00007ff8bdf13000 	C:\WINDOWS\SYSTEM32\dhcpcsvc.DLL
0x00007ff8c5e20000 - 0x00007ff8c5e56000 	C:\WINDOWS\SYSTEM32\ntmarta.dll

JVMTI agents:
c:\Users\Sellspark_User\.vscode\extensions\redhat.java-1.52.0-win32-x64\lombok\lombok-1.18.39-4050.jar path:c:\Users\Sellspark_User\.vscode\extensions\redhat.java-1.52.0-win32-x64\jre\21.0.9-win32-x86_64\bin\instrument.dll, loaded, initialized, instrumentlib options:none

dbghelp: loaded successfully - version: 4.0.5 - missing functions: none
symbol engine: initialized successfully - sym options: 0x614 - pdb path: .;c:\Users\Sellspark_User\.vscode\extensions\redhat.java-1.52.0-win32-x64\jre\21.0.9-win32-x86_64\bin;C:\WINDOWS\SYSTEM32;C:\WINDOWS\WinSxS\amd64_microsoft.windows.common-controls_6595b64144ccf1df_6.0.26100.7309_none_3e05feeae336a044;c:\Users\Sellspark_User\.vscode\extensions\redhat.java-1.52.0-win32-x64\jre\21.0.9-win32-x86_64\bin\server;C:\Users\Sellspark_User\AppData\Roaming\Code\User\globalStorage\redhat.java\1.52.0\config_win\org.eclipse.equinox.launcher\org.eclipse.equinox.launcher.win32.win32.x86_64_1.2.1500.v20260121-1430;C:\Users\Sellspark_User\AppData\Local\Temp\jna--1513650945

VM Arguments:
jvm_args: --add-modules=ALL-SYSTEM --add-opens=java.base/java.util=ALL-UNNAMED --add-opens=java.base/java.lang=ALL-UNNAMED --add-opens=java.base/sun.nio.fs=ALL-UNNAMED -Declipse.application=org.eclipse.jdt.ls.core.id1 -Dosgi.bundles.defaultStartLevel=4 -Declipse.product=org.eclipse.jdt.ls.core.product -Djava.import.generatesMetadataFilesAtProjectRoot=false -DDetectVMInstallationsJob.disabled=true -Dfile.encoding=utf8 -XX:+UseParallelGC -XX:GCTimeRatio=4 -XX:AdaptiveSizePolicyWeight=90 -Dsun.zip.disableMemoryMapping=true -Xmx2G -Xms100m -Xlog:disable -javaagent:c:\Users\Sellspark_User\.vscode\extensions\redhat.java-1.52.0-win32-x64\lombok\lombok-1.18.39-4050.jar -XX:+HeapDumpOnOutOfMemoryError -XX:HeapDumpPath=c:\Users\Sellspark_User\AppData\Roaming\Code\User\workspaceStorage\91656fe8d5632deead19094dba5d6109\redhat.java -Daether.dependencyCollector.impl=bf 
java_command: c:\Users\Sellspark_User\.vscode\extensions\redhat.java-1.52.0-win32-x64\server\plugins\org.eclipse.equinox.launcher_1.7.100.v20251111-0406.jar -configuration c:\Users\Sellspark_User\AppData\Roaming\Code\User\globalStorage\redhat.java\1.52.0\config_win -data c:\Users\Sellspark_User\AppData\Roaming\Code\User\workspaceStorage\91656fe8d5632deead19094dba5d6109\redhat.java\jdt_ws --pipe=\\.\pipe\lsp-cea9d1e73e37f8d05feb31e8fadd8ca4-sock
java_class_path (initial): c:\Users\Sellspark_User\.vscode\extensions\redhat.java-1.52.0-win32-x64\server\plugins\org.eclipse.equinox.launcher_1.7.100.v20251111-0406.jar
Launcher Type: SUN_STANDARD

[Global flags]
    uintx AdaptiveSizePolicyWeight                 = 90                                        {product} {command line}
     intx CICompilerCount                          = 4                                         {product} {ergonomic}
    uintx GCTimeRatio                              = 4                                         {product} {command line}
     bool HeapDumpOnOutOfMemoryError               = true                                   {manageable} {command line}
    ccstr HeapDumpPath                             = c:\Users\Sellspark_User\AppData\Roaming\Code\User\workspaceStorage\91656fe8d5632deead19094dba5d6109\redhat.java         {manageable} {command line}
   size_t InitialHeapSize                          = 104857600                                 {product} {command line}
   size_t MaxHeapSize                              = 2147483648                                {product} {command line}
   size_t MaxNewSize                               = 715653120                                 {product} {ergonomic}
   size_t MinHeapDeltaBytes                        = 524288                                    {product} {ergonomic}
   size_t MinHeapSize                              = 104857600                                 {product} {command line}
   size_t NewSize                                  = 34603008                                  {product} {ergonomic}
    uintx NonNMethodCodeHeapSize                   = 5839372                                {pd product} {ergonomic}
    uintx NonProfiledCodeHeapSize                  = 122909434                              {pd product} {ergonomic}
   size_t OldSize                                  = 70254592                                  {product} {ergonomic}
    uintx ProfiledCodeHeapSize                     = 122909434                              {pd product} {ergonomic}
    uintx ReservedCodeCacheSize                    = 251658240                              {pd product} {ergonomic}
     bool SegmentedCodeCache                       = true                                      {product} {ergonomic}
   size_t SoftMaxHeapSize                          = 2147483648                             {manageable} {ergonomic}
     bool UseCompressedOops                        = true                           {product lp64_product} {ergonomic}
     bool UseLargePagesIndividualAllocation        = false                                  {pd product} {ergonomic}
     bool UseParallelGC                            = true                                      {product} {command line}

Logging:
Log output configuration:
 #0: stdout all=off uptime,level,tags foldmultilines=false
 #1: stderr all=off uptime,level,tags foldmultilines=false

Release file:
JAVA_VERSION="21.0.9" 
MODULES="java.base java.compiler java.datatransfer java.xml java.prefs java.desktop java.instrument java.logging java.management java.security.sasl java.naming java.rmi java.management.rmi java.net.http java.scripting java.security.jgss java.transaction.xa java.sql java.sql.rowset java.xml.crypto java.se java.smartcardio jdk.accessibility jdk.internal.jvmstat jdk.attach jdk.charsets jdk.internal.opt jdk.zipfs jdk.compiler jdk.crypto.ec jdk.crypto.cryptoki jdk.crypto.mscapi jdk.dynalink jdk.internal.ed jdk.editpad jdk.hotspot.agent jdk.httpserver jdk.internal.le jdk.internal.vm.ci jdk.internal.vm.compiler jdk.internal.vm.compiler.management jdk.jartool jdk.javadoc jdk.jcmd jdk.management jdk.management.agent jdk.jconsole jdk.jdeps jdk.jdwp.agent jdk.jdi jdk.jfr jdk.jshell jdk.jsobject jdk.jstatd jdk.localedata jdk.management.jfr jdk.naming.dns jdk.naming.rmi jdk.net jdk.nio.mapmode jdk.random jdk.sctp jdk.security.auth jdk.security.jgss jdk.unsupported jdk.unsupported.desktop jdk.xml.dom" 

Environment Variables:
JAVA_HOME=C:\Program Files\Java\jdk-21.0.9
PATH=C:\WINDOWS\system32;C:\WINDOWS;C:\WINDOWS\System32\Wbem;C:\WINDOWS\System32\WindowsPowerShell\v1.0\;C:\WINDOWS\System32\OpenSSH\;C:\Program Files\Java\jdk-21.0.9\bin;;C:\ProgramData\chocolatey\bin;C:\Program Files\Docker\Docker\resources\bin;C:\Users\Sellspark_User\AppData\Local\Programs\Python\Python311-32\Scripts\;C:\Users\Sellspark_User\AppData\Local\Programs\Python\Python311-32\;C:\Users\Sellspark_User\AppData\Local\Programs\Python\Launcher\;C:\Users\Sellspark_User\AppData\Local\Microsoft\WindowsApps;C:\Users\Sellspark_User\AppData\Local\Programs\Microsoft VS Code\bin;C:\Users\Sellspark_User\AppData\Local\Programs\Git\cmd;C:\Users\Sellspark_User\AppData\Local\Programs\Antigravity\bin
USERNAME=Sellspark_User
OS=Windows_NT
PROCESSOR_IDENTIFIER=Intel64 Family 6 Model 140 Stepping 1, GenuineIntel
TMP=C:\Users\SELLSP~1\AppData\Local\Temp
TEMP=C:\Users\SELLSP~1\AppData\Local\Temp




Periodic native trim disabled

---------------  S Y S T E M  ---------------

OS:
 Windows 11 , 64 bit Build 26100 (10.0.26100.7623)
OS uptime: 6 days 17:42 hours
Hyper-V role detected

CPU: total 8 (initial active 8) (4 cores per cpu, 2 threads per core) family 6 model 140 stepping 1 microcode 0x8a, cx8, cmov, fxsr, ht, mmx, 3dnowpref, sse, sse2, sse3, ssse3, sse4.1, sse4.2, popcnt, lzcnt, tsc, tscinvbit, avx, avx2, aes, erms, clmul, bmi1, bmi2, adx, avx512f, avx512dq, avx512cd, avx512bw, avx512vl, sha, fma, vzeroupper, avx512_vpopcntdq, avx512_vpclmulqdq, avx512_vaes, avx512_vnni, clflush, clflushopt, clwb, avx512_vbmi2, avx512_vbmi, hv, rdtscp, rdpid, fsrm, gfni, avx512_bitalg, f16c, cet_ibt, cet_ss, avx512_ifma
Processor Information for the first 8 processors :
  Max Mhz: 2419, Current Mhz: 2419, Mhz Limit: 2419

Memory: 4k page, system-wide physical 7971M (505M free)
TotalPageFile size 22149M (AvailPageFile size 38M)
current process WorkingSet (physical memory assigned to process): 10M, peak: 459M
current process commit charge ("private bytes"): 536M, peak: 572M

vm_info: OpenJDK 64-Bit Server VM (21.0.9+10-LTS) for windows-amd64 JRE (21.0.9+10-LTS), built on 2025-10-21T00:00:00Z by "admin" with unknown MS VC++:1942

END.
